2025-04-08 21:53:16,185 - mcp_odoo_server - INFO - Iniciando el servidor MCP para Odoo (entorno fresco)...
2025-04-08 21:53:16,185 - mcp_odoo_server - WARNING - Archivo .env no encontrado en /home/josefdc/hackathon_odoo/mcp_odoo_fresh/.env. Usando variables de entorno del sistema si existen.
2025-04-08 21:53:16,185 - mcp_odoo_server - CRITICAL - Error Crítico: Faltan variables de entorno o están vacías: ODOO_URL, ODOO_DB, ODOO_USER, ODOO_PASSWORD. Revisa tu archivo .env o el entorno.
2025-04-08 21:53:36,316 - mcp_odoo_server - INFO - Iniciando el servidor MCP para Odoo (entorno fresco)...
2025-04-08 21:53:36,316 - mcp_odoo_server - INFO - Archivo .env cargado desde: /home/josefdc/hackathon_odoo/mcp_odoo_fresh/.env
2025-04-08 21:53:36,316 - mcp_odoo_server - INFO - Variables de entorno de Odoo cargadas y validadas.
2025-04-08 21:53:36,316 - mcp_odoo_server - DEBUG - Configuración Odoo -> URL: http://localhost:8069, DB: pipix, User: josepipe0909@gmail.com
2025-04-08 21:53:36,321 - mcp_odoo_server - INFO - Instancia de FastMCP<'quindicolor-odoo-agent'> creada.
2025-04-08 21:55:39,764 - mcp_odoo_server - INFO - Iniciando el servidor MCP para Odoo (entorno fresco)...
2025-04-08 21:55:39,765 - mcp_odoo_server - INFO - Archivo .env cargado desde: /home/josefdc/hackathon_odoo/mcp_odoo_fresh/.env
2025-04-08 21:55:39,765 - mcp_odoo_server - INFO - Variables de entorno de Odoo cargadas y validadas.
2025-04-08 21:55:39,765 - mcp_odoo_server - DEBUG - Configuración Odoo -> URL: http://localhost:8069, DB: pipix, User: josepipe0909@gmail.com
2025-04-08 21:55:39,767 - mcp_odoo_server - INFO - Instancia de FastMCP<'quindicolor-odoo-agent'> creada.
2025-04-08 21:55:46,902 - mcp_odoo_server - INFO - Iniciando el servidor MCP para Odoo (entorno fresco)...
2025-04-08 21:55:46,903 - mcp_odoo_server - INFO - Archivo .env cargado desde: /home/josefdc/hackathon_odoo/mcp_odoo_fresh/.env
2025-04-08 21:55:46,903 - mcp_odoo_server - INFO - Variables de entorno de Odoo cargadas y validadas.
2025-04-08 21:55:46,903 - mcp_odoo_server - DEBUG - Configuración Odoo -> URL: http://localhost:8069, DB: pipix, User: josepipe0909@gmail.com
2025-04-08 21:55:46,905 - mcp_odoo_server - INFO - Instancia de FastMCP<'quindicolor-odoo-agent'> creada.
2025-04-08 21:55:56,857 - mcp_odoo_server - INFO - Ejecutando herramienta 'buscar_cliente' con nombre: 'Marc Demo'
2025-04-08 21:55:56,859 - mcp_odoo_server - DEBUG - Intentando conectar a common: http://localhost:8069/xmlrpc/2/common
2025-04-08 21:55:58,129 - mcp_odoo_server - DEBUG - Conexión a 'common' exitosa.
2025-04-08 21:55:58,130 - mcp_odoo_server - DEBUG - Autenticando usuario 'josepipe0909@gmail.com' en DB 'pipix'...
2025-04-08 21:55:58,506 - mcp_odoo_server - ERROR - Fallo la autenticación Odoo para usuario 'josepipe0909@gmail.com' en DB 'pipix'. Verifica credenciales.
2025-04-08 21:55:58,507 - mcp_odoo_server - ERROR - buscar_cliente: No se pudo obtener la conexión a Odoo.
2025-04-08 22:04:15,245 - mcp_odoo_server - INFO - Iniciando el servidor MCP para Odoo (entorno fresco)...
2025-04-08 22:04:15,245 - mcp_odoo_server - INFO - Archivo .env cargado desde: /home/josefdc/hackathon_odoo/mcp_odoo_fresh/.env
2025-04-08 22:04:15,245 - mcp_odoo_server - INFO - Variables de entorno de Odoo cargadas y validadas.
2025-04-08 22:04:15,245 - mcp_odoo_server - DEBUG - Configuración Odoo -> URL: http://localhost:8069, DB: pipix, User: josepipe0909@gmail.com
2025-04-08 22:04:15,247 - mcp_odoo_server - INFO - Instancia de FastMCP<'quindicolor-odoo-agent'> creada.
2025-04-08 22:04:18,855 - mcp_odoo_server - INFO - Iniciando el servidor MCP para Odoo (entorno fresco)...
2025-04-08 22:04:18,855 - mcp_odoo_server - INFO - Archivo .env cargado desde: /home/josefdc/hackathon_odoo/mcp_odoo_fresh/.env
2025-04-08 22:04:18,856 - mcp_odoo_server - INFO - Variables de entorno de Odoo cargadas y validadas.
2025-04-08 22:04:18,856 - mcp_odoo_server - DEBUG - Configuración Odoo -> URL: http://localhost:8069, DB: pipix, User: josepipe0909@gmail.com
2025-04-08 22:04:18,858 - mcp_odoo_server - INFO - Instancia de FastMCP<'quindicolor-odoo-agent'> creada.
2025-04-08 22:04:22,849 - mcp_odoo_server - INFO - Iniciando el servidor MCP para Odoo (entorno fresco)...
2025-04-08 22:04:22,850 - mcp_odoo_server - INFO - Archivo .env cargado desde: /home/josefdc/hackathon_odoo/mcp_odoo_fresh/.env
2025-04-08 22:04:22,850 - mcp_odoo_server - INFO - Variables de entorno de Odoo cargadas y validadas.
2025-04-08 22:04:22,850 - mcp_odoo_server - DEBUG - Configuración Odoo -> URL: http://localhost:8069, DB: pipix, User: josepipe0909@gmail.com
2025-04-08 22:04:22,852 - mcp_odoo_server - INFO - Instancia de FastMCP<'quindicolor-odoo-agent'> creada.
2025-04-08 22:04:26,849 - mcp_odoo_server - INFO - Iniciando el servidor MCP para Odoo (entorno fresco)...
2025-04-08 22:04:26,850 - mcp_odoo_server - INFO - Archivo .env cargado desde: /home/josefdc/hackathon_odoo/mcp_odoo_fresh/.env
2025-04-08 22:04:26,850 - mcp_odoo_server - INFO - Variables de entorno de Odoo cargadas y validadas.
2025-04-08 22:04:26,850 - mcp_odoo_server - DEBUG - Configuración Odoo -> URL: http://localhost:8069, DB: pipix, User: josepipe0909@gmail.com
2025-04-08 22:04:26,852 - mcp_odoo_server - INFO - Instancia de FastMCP<'quindicolor-odoo-agent'> creada.
2025-04-08 22:04:29,857 - mcp_odoo_server - INFO - Iniciando el servidor MCP para Odoo (entorno fresco)...
2025-04-08 22:04:29,858 - mcp_odoo_server - INFO - Archivo .env cargado desde: /home/josefdc/hackathon_odoo/mcp_odoo_fresh/.env
2025-04-08 22:04:29,858 - mcp_odoo_server - INFO - Variables de entorno de Odoo cargadas y validadas.
2025-04-08 22:04:29,858 - mcp_odoo_server - DEBUG - Configuración Odoo -> URL: http://localhost:8069, DB: pipix, User: josepipe0909@gmail.com
2025-04-08 22:04:29,860 - mcp_odoo_server - INFO - Instancia de FastMCP<'quindicolor-odoo-agent'> creada.
2025-04-08 22:04:33,844 - mcp_odoo_server - INFO - Iniciando el servidor MCP para Odoo (entorno fresco)...
2025-04-08 22:04:33,844 - mcp_odoo_server - INFO - Archivo .env cargado desde: /home/josefdc/hackathon_odoo/mcp_odoo_fresh/.env
2025-04-08 22:04:33,844 - mcp_odoo_server - INFO - Variables de entorno de Odoo cargadas y validadas.
2025-04-08 22:04:33,845 - mcp_odoo_server - DEBUG - Configuración Odoo -> URL: http://localhost:8069, DB: pipix, User: josepipe0909@gmail.com
2025-04-08 22:04:33,847 - mcp_odoo_server - INFO - Instancia de FastMCP<'quindicolor-odoo-agent'> creada.
2025-04-08 22:04:42,008 - mcp_odoo_server - INFO - Iniciando el servidor MCP para Odoo (entorno fresco)...
2025-04-08 22:04:42,009 - mcp_odoo_server - INFO - Archivo .env cargado desde: /home/josefdc/hackathon_odoo/mcp_odoo_fresh/.env
2025-04-08 22:04:42,009 - mcp_odoo_server - INFO - Variables de entorno de Odoo cargadas y validadas.
2025-04-08 22:04:42,009 - mcp_odoo_server - DEBUG - Configuración Odoo -> URL: http://localhost:8069, DB: pipix, User: josepipe0909@gmail.com
2025-04-08 22:04:42,011 - mcp_odoo_server - INFO - Instancia de FastMCP<'quindicolor-odoo-agent'> creada.
2025-04-08 22:04:53,142 - mcp_odoo_server - INFO - Iniciando el servidor MCP para Odoo (entorno fresco)...
2025-04-08 22:04:53,143 - mcp_odoo_server - INFO - Archivo .env cargado desde: /home/josefdc/hackathon_odoo/mcp_odoo_fresh/.env
2025-04-08 22:04:53,143 - mcp_odoo_server - INFO - Variables de entorno de Odoo cargadas y validadas.
2025-04-08 22:04:53,143 - mcp_odoo_server - DEBUG - Configuración Odoo -> URL: http://localhost:8069, DB: pipix, User: josepipe0909@gmail.com
2025-04-08 22:04:53,145 - mcp_odoo_server - INFO - Instancia de FastMCP<'quindicolor-odoo-agent'> creada.
2025-04-08 22:05:03,882 - mcp_odoo_server - INFO - Ejecutando herramienta 'buscar_cliente' con nombre: 'Marc Demo'
2025-04-08 22:05:03,884 - mcp_odoo_server - DEBUG - Intentando conectar a common: http://localhost:8069/xmlrpc/2/common
2025-04-08 22:05:03,901 - mcp_odoo_server - DEBUG - Conexión a 'common' exitosa.
2025-04-08 22:05:03,903 - mcp_odoo_server - DEBUG - Autenticando usuario 'josepipe0909@gmail.com' en DB 'pipix'...
2025-04-08 22:05:04,417 - mcp_odoo_server - DEBUG - Autenticación Odoo exitosa. UID: 2
2025-04-08 22:05:04,420 - mcp_odoo_server - DEBUG - Creando proxy para object: http://localhost:8069/xmlrpc/2/object
2025-04-08 22:05:04,421 - mcp_odoo_server - INFO - Conexión Odoo preparada (UID: 2).
2025-04-08 22:05:04,423 - mcp_odoo_server - DEBUG - Llamando a Odoo: model='res.partner', method='search_read', domain=[['name', 'ilike', 'Marc Demo']], fields=['id', 'name', 'email', 'phone'], limit=5
2025-04-08 22:05:04,803 - mcp_odoo_server - INFO - Odoo devolvió 1 cliente(s) para la búsqueda 'Marc Demo'.
2025-04-08 22:08:54,843 - mcp_odoo_server - INFO - Iniciando el servidor MCP para Odoo (entorno fresco)...
2025-04-08 22:08:54,844 - mcp_odoo_server - INFO - Archivo .env cargado desde: /home/josefdc/hackathon_odoo/mcp_odoo_fresh/.env
2025-04-08 22:08:54,844 - mcp_odoo_server - INFO - Variables de entorno de Odoo cargadas y validadas.
2025-04-08 22:08:54,844 - mcp_odoo_server - DEBUG - Configuración Odoo -> URL: http://localhost:8069, DB: pipix, User: josepipe0909@gmail.com
2025-04-08 22:08:54,846 - mcp_odoo_server - INFO - Instancia de FastMCP<'quindicolor-odoo-agent'> creada.
2025-04-08 22:09:01,748 - mcp_odoo_server - INFO - Iniciando el servidor MCP para Odoo (entorno fresco)...
2025-04-08 22:09:01,749 - mcp_odoo_server - INFO - Archivo .env cargado desde: /home/josefdc/hackathon_odoo/mcp_odoo_fresh/.env
2025-04-08 22:09:01,749 - mcp_odoo_server - INFO - Variables de entorno de Odoo cargadas y validadas.
2025-04-08 22:09:01,749 - mcp_odoo_server - DEBUG - Configuración Odoo -> URL: http://localhost:8069, DB: pipix, User: josepipe0909@gmail.com
2025-04-08 22:09:01,751 - mcp_odoo_server - INFO - Instancia de FastMCP<'quindicolor-odoo-agent'> creada.
2025-04-08 22:09:51,469 - mcp_odoo_server - INFO - Ejecutando herramienta 'buscar_producto' con nombre: 'Desk Organizer'
2025-04-08 22:09:51,471 - mcp_odoo_server - DEBUG - Intentando conectar a common: http://localhost:8069/xmlrpc/2/common
2025-04-08 22:09:51,486 - mcp_odoo_server - DEBUG - Conexión a 'common' exitosa.
2025-04-08 22:09:51,488 - mcp_odoo_server - DEBUG - Autenticando usuario 'josepipe0909@gmail.com' en DB 'pipix'...
2025-04-08 22:09:51,866 - mcp_odoo_server - DEBUG - Autenticación Odoo exitosa. UID: 2
2025-04-08 22:09:51,866 - mcp_odoo_server - DEBUG - Creando proxy para object: http://localhost:8069/xmlrpc/2/object
2025-04-08 22:09:51,867 - mcp_odoo_server - INFO - Conexión Odoo preparada (UID: 2).
2025-04-08 22:09:51,868 - mcp_odoo_server - DEBUG - Llamando a Odoo: model='product.product', method='search_read', domain=[['name', 'ilike', 'Desk Organizer']], fields=['id', 'name', 'default_code', 'list_price', 'qty_available'], limit=5
2025-04-08 22:09:52,256 - mcp_odoo_server - INFO - Odoo devolvió 1 producto(s) para la búsqueda 'Desk Organizer'.
2025-04-08 22:12:11,476 - mcp_odoo_server - INFO - Iniciando el servidor MCP para Odoo (entorno fresco)...
2025-04-08 22:12:11,477 - mcp_odoo_server - INFO - Archivo .env cargado desde: /home/josefdc/hackathon_odoo/mcp_odoo_fresh/.env
2025-04-08 22:12:11,477 - mcp_odoo_server - INFO - Variables de entorno de Odoo cargadas y validadas.
2025-04-08 22:12:11,477 - mcp_odoo_server - DEBUG - Configuración Odoo -> URL: http://localhost:8069, DB: pipix, User: josepipe0909@gmail.com
2025-04-08 22:12:11,479 - mcp_odoo_server - INFO - Instancia de FastMCP<'quindicolor-odoo-agent'> creada.
2025-04-08 22:12:18,647 - mcp_odoo_server - INFO - Iniciando el servidor MCP para Odoo (entorno fresco)...
2025-04-08 22:12:18,648 - mcp_odoo_server - INFO - Archivo .env cargado desde: /home/josefdc/hackathon_odoo/mcp_odoo_fresh/.env
2025-04-08 22:12:18,648 - mcp_odoo_server - INFO - Variables de entorno de Odoo cargadas y validadas.
2025-04-08 22:12:18,648 - mcp_odoo_server - DEBUG - Configuración Odoo -> URL: http://localhost:8069, DB: pipix, User: josepipe0909@gmail.com
2025-04-08 22:12:18,650 - mcp_odoo_server - INFO - Instancia de FastMCP<'quindicolor-odoo-agent'> creada.
2025-04-08 22:12:57,985 - mcp_odoo_server - INFO - Ejecutando herramienta 'crear_cotizacion' para cliente ID: 7
2025-04-08 22:12:57,986 - mcp_odoo_server - DEBUG - Líneas recibidas: [{'product_id': 40, 'product_uom_qty': 2}, {'product_id': 38, 'product_uom_qty': 1}]
2025-04-08 22:12:57,989 - mcp_odoo_server - DEBUG - Intentando conectar a common: http://localhost:8069/xmlrpc/2/common
2025-04-08 22:12:58,003 - mcp_odoo_server - DEBUG - Conexión a 'common' exitosa.
2025-04-08 22:12:58,004 - mcp_odoo_server - DEBUG - Autenticando usuario 'josepipe0909@gmail.com' en DB 'pipix'...
2025-04-08 22:12:58,413 - mcp_odoo_server - DEBUG - Autenticación Odoo exitosa. UID: 2
2025-04-08 22:12:58,414 - mcp_odoo_server - DEBUG - Creando proxy para object: http://localhost:8069/xmlrpc/2/object
2025-04-08 22:12:58,414 - mcp_odoo_server - INFO - Conexión Odoo preparada (UID: 2).
2025-04-08 22:12:58,415 - mcp_odoo_server - DEBUG - Llamando a Odoo: model='sale.order', method='create', values={'partner_id': 7, 'order_line': [(0, 0, {'product_id': 40, 'product_uom_qty': 2}), (0, 0, {'product_id': 38, 'product_uom_qty': 1})]}
2025-04-08 22:12:58,538 - mcp_odoo_server - INFO - Cotización creada exitosamente en Odoo con ID: 29
2025-04-08 22:14:24,188 - mcp_odoo_server - INFO - Iniciando el servidor MCP para Odoo (entorno fresco)...
2025-04-08 22:14:24,189 - mcp_odoo_server - INFO - Archivo .env cargado desde: /home/josefdc/hackathon_odoo/mcp_odoo_fresh/.env
2025-04-08 22:14:24,189 - mcp_odoo_server - INFO - Variables de entorno de Odoo cargadas y validadas.
2025-04-08 22:14:24,189 - mcp_odoo_server - DEBUG - Configuración Odoo -> URL: http://localhost:8069, DB: pipix, User: josepipe0909@gmail.com
2025-04-08 22:14:24,191 - mcp_odoo_server - INFO - Instancia de FastMCP<'quindicolor-odoo-agent'> creada.
2025-04-08 22:14:33,648 - mcp_odoo_server - INFO - Iniciando el servidor MCP para Odoo (entorno fresco)...
2025-04-08 22:14:33,649 - mcp_odoo_server - INFO - Archivo .env cargado desde: /home/josefdc/hackathon_odoo/mcp_odoo_fresh/.env
2025-04-08 22:14:33,649 - mcp_odoo_server - INFO - Variables de entorno de Odoo cargadas y validadas.
2025-04-08 22:14:33,649 - mcp_odoo_server - DEBUG - Configuración Odoo -> URL: http://localhost:8069, DB: pipix, User: josepipe0909@gmail.com
2025-04-08 22:14:33,651 - mcp_odoo_server - INFO - Instancia de FastMCP<'quindicolor-odoo-agent'> creada.
2025-04-08 22:14:49,772 - mcp_odoo_server - INFO - Ejecutando herramienta 'confirmar_cotizacion' para ID: 29
2025-04-08 22:14:49,774 - mcp_odoo_server - DEBUG - Intentando conectar a common: http://localhost:8069/xmlrpc/2/common
2025-04-08 22:14:49,790 - mcp_odoo_server - DEBUG - Conexión a 'common' exitosa.
2025-04-08 22:14:49,792 - mcp_odoo_server - DEBUG - Autenticando usuario 'josepipe0909@gmail.com' en DB 'pipix'...
2025-04-08 22:14:50,179 - mcp_odoo_server - DEBUG - Autenticación Odoo exitosa. UID: 2
2025-04-08 22:14:50,180 - mcp_odoo_server - DEBUG - Creando proxy para object: http://localhost:8069/xmlrpc/2/object
2025-04-08 22:14:50,180 - mcp_odoo_server - INFO - Conexión Odoo preparada (UID: 2).
2025-04-08 22:14:50,193 - mcp_odoo_server - INFO - Estado de la cotización 29 ANTES de confirmar: 'draft'
2025-04-08 22:14:50,194 - mcp_odoo_server - DEBUG - Llamando a Odoo: model='sale.order', method='action_confirm', args=[[29]]
2025-04-08 22:14:50,397 - mcp_odoo_server - INFO - Llamada a 'action_confirm' para cotización 29 completada.
2025-04-08 22:14:50,399 - mcp_odoo_server - DEBUG - Verificando estado POSTERIOR de la cotización 29
2025-04-08 22:14:50,413 - mcp_odoo_server - INFO - Estado de la cotización 29 DESPUÉS de confirmar: 'sale'
2025-04-08 22:30:37,704 - mcp_odoo_server - INFO - Iniciando el servidor MCP para Odoo (entorno fresco)...
2025-04-08 22:30:37,705 - mcp_odoo_server - INFO - Archivo .env cargado desde: /home/josefdc/hackathon_odoo/mcp_odoo_fresh/.env
2025-04-08 22:30:37,705 - mcp_odoo_server - INFO - Variables de entorno de Odoo cargadas y validadas.
2025-04-08 22:30:37,705 - mcp_odoo_server - DEBUG - Configuración Odoo -> URL: http://localhost:8069, DB: pipix, User: josepipe0909@gmail.com
2025-04-08 22:30:37,707 - mcp_odoo_server - INFO - Instancia de FastMCP<'quindicolor-odoo-agent'> creada.
2025-04-08 22:30:42,847 - mcp_odoo_server - INFO - Iniciando el servidor MCP para Odoo (entorno fresco)...
2025-04-08 22:30:42,847 - mcp_odoo_server - INFO - Archivo .env cargado desde: /home/josefdc/hackathon_odoo/mcp_odoo_fresh/.env
2025-04-08 22:30:42,847 - mcp_odoo_server - INFO - Variables de entorno de Odoo cargadas y validadas.
2025-04-08 22:30:42,847 - mcp_odoo_server - DEBUG - Configuración Odoo -> URL: http://localhost:8069, DB: pipix, User: josepipe0909@gmail.com
2025-04-08 22:30:42,850 - mcp_odoo_server - INFO - Instancia de FastMCP<'quindicolor-odoo-agent'> creada.
2025-04-08 22:30:59,430 - mcp_odoo_server - INFO - Iniciando el servidor MCP para Odoo (entorno fresco)...
2025-04-08 22:30:59,431 - mcp_odoo_server - INFO - Archivo .env cargado desde: /home/josefdc/hackathon_odoo/mcp_odoo_fresh/.env
2025-04-08 22:30:59,431 - mcp_odoo_server - INFO - Variables de entorno de Odoo cargadas y validadas.
2025-04-08 22:30:59,431 - mcp_odoo_server - DEBUG - Configuración Odoo -> URL: http://localhost:8069, DB: pipix, User: josepipe0909@gmail.com
2025-04-08 22:30:59,433 - mcp_odoo_server - INFO - Instancia de FastMCP<'quindicolor-odoo-agent'> creada.
2025-04-08 22:31:11,403 - mcp_odoo_server - INFO - Ejecutando herramienta 'crear_factura_desde_pedido' para pedido ID: 29
2025-04-08 22:31:11,404 - mcp_odoo_server - DEBUG - Intentando conectar a common: http://localhost:8069/xmlrpc/2/common
2025-04-08 22:31:11,416 - mcp_odoo_server - DEBUG - Conexión a 'common' exitosa.
2025-04-08 22:31:11,418 - mcp_odoo_server - DEBUG - Autenticando usuario 'josepipe0909@gmail.com' en DB 'pipix'...
2025-04-08 22:31:11,819 - mcp_odoo_server - DEBUG - Autenticación Odoo exitosa. UID: 2
2025-04-08 22:31:11,820 - mcp_odoo_server - DEBUG - Creando proxy para object: http://localhost:8069/xmlrpc/2/object
2025-04-08 22:31:11,821 - mcp_odoo_server - INFO - Conexión Odoo preparada (UID: 2).
2025-04-08 22:31:11,822 - mcp_odoo_server - DEBUG - Verificando estado del pedido 29 antes de crear factura...
2025-04-08 22:31:11,830 - mcp_odoo_server - INFO - Pedido 29 encontrado. Estado: 'sale', Estado Facturación: 'to invoice'
2025-04-08 22:31:11,830 - mcp_odoo_server - DEBUG - Llamando a Odoo: model='sale.order', method='_create_invoices', args=[[29]]
2025-04-08 22:31:11,841 - mcp_odoo_server - ERROR - Error XML-RPC Odoo en crear_factura_desde_pedido: 4 - Private methods (such as 'sale.order._create_invoices') cannot be called remotely.
Traceback (most recent call last):
  File "/home/josefdc/hackathon_odoo/mcp_odoo_fresh/mcp_odoo_server.py", line 519, in crear_factura_desde_pedido
    invoice_ids = conn['models'].execute_kw(
                  ^^^^^^^^^^^^^^^^^^^^^^^^^^
  File "/home/josefdc/miniconda3/lib/python3.12/xmlrpc/client.py", line 1122, in __call__
    return self.__send(self.__name, args)
           ^^^^^^^^^^^^^^^^^^^^^^^^^^^^^^
  File "/home/josefdc/miniconda3/lib/python3.12/xmlrpc/client.py", line 1461, in __request
    response = self.__transport.request(
               ^^^^^^^^^^^^^^^^^^^^^^^^^
  File "/home/josefdc/miniconda3/lib/python3.12/xmlrpc/client.py", line 1166, in request
    return self.single_request(host, handler, request_body, verbose)
           ^^^^^^^^^^^^^^^^^^^^^^^^^^^^^^^^^^^^^^^^^^^^^^^^^^^^^^^^^
  File "/home/josefdc/miniconda3/lib/python3.12/xmlrpc/client.py", line 1182, in single_request
    return self.parse_response(resp)
           ^^^^^^^^^^^^^^^^^^^^^^^^^
  File "/home/josefdc/miniconda3/lib/python3.12/xmlrpc/client.py", line 1351, in parse_response
    return u.close()
           ^^^^^^^^^
  File "/home/josefdc/miniconda3/lib/python3.12/xmlrpc/client.py", line 668, in close
    raise Fault(**self._stack[0])
xmlrpc.client.Fault: <Fault 4: "Private methods (such as 'sale.order._create_invoices') cannot be called remotely.">
2025-04-08 22:35:38,970 - mcp_odoo_server - INFO - Iniciando el servidor MCP para Odoo...
2025-04-08 22:35:38,971 - mcp_odoo_server - INFO - Archivo .env cargado desde: /home/josefdc/hackathon_odoo/mcp_odoo_fresh/.env
2025-04-08 22:35:38,971 - mcp_odoo_server - INFO - Variables de entorno de Odoo cargadas y validadas.
2025-04-08 22:35:38,971 - mcp_odoo_server - DEBUG - Configuración Odoo -> URL: http://localhost:8069, DB: pipix, User: josepipe0909@gmail.com
2025-04-08 22:35:38,973 - mcp_odoo_server - INFO - Instancia de FastMCP<'quindicolor-odoo-agent'> creada.
2025-04-08 22:35:43,894 - mcp_odoo_server - INFO - Iniciando el servidor MCP para Odoo...
2025-04-08 22:35:43,894 - mcp_odoo_server - INFO - Archivo .env cargado desde: /home/josefdc/hackathon_odoo/mcp_odoo_fresh/.env
2025-04-08 22:35:43,895 - mcp_odoo_server - INFO - Variables de entorno de Odoo cargadas y validadas.
2025-04-08 22:35:43,895 - mcp_odoo_server - DEBUG - Configuración Odoo -> URL: http://localhost:8069, DB: pipix, User: josepipe0909@gmail.com
2025-04-08 22:35:43,897 - mcp_odoo_server - INFO - Instancia de FastMCP<'quindicolor-odoo-agent'> creada.
2025-04-08 22:36:05,139 - mcp_odoo_server - INFO - Iniciando el servidor MCP para Odoo...
2025-04-08 22:36:05,140 - mcp_odoo_server - INFO - Archivo .env cargado desde: /home/josefdc/hackathon_odoo/mcp_odoo_fresh/.env
2025-04-08 22:36:05,140 - mcp_odoo_server - INFO - Variables de entorno de Odoo cargadas y validadas.
2025-04-08 22:36:05,140 - mcp_odoo_server - DEBUG - Configuración Odoo -> URL: http://localhost:8069, DB: pipix, User: josepipe0909@gmail.com
2025-04-08 22:36:05,142 - mcp_odoo_server - INFO - Instancia de FastMCP<'quindicolor-odoo-agent'> creada.
2025-04-08 22:36:18,300 - mcp_odoo_server - INFO - Ejecutando herramienta 'buscar_cliente' con nombre: 'Marc Demo'
2025-04-08 22:36:18,302 - mcp_odoo_server - DEBUG - Intentando conectar a common: http://localhost:8069/xmlrpc/2/common
2025-04-08 22:36:18,319 - mcp_odoo_server - DEBUG - Conexión a 'common' exitosa.
2025-04-08 22:36:18,322 - mcp_odoo_server - DEBUG - Autenticando usuario 'josepipe0909@gmail.com' en DB 'pipix'...
2025-04-08 22:36:18,738 - mcp_odoo_server - DEBUG - Autenticación Odoo exitosa. UID: 2
2025-04-08 22:36:18,739 - mcp_odoo_server - DEBUG - Creando proxy para object: http://localhost:8069/xmlrpc/2/object
2025-04-08 22:36:18,740 - mcp_odoo_server - INFO - Conexión Odoo preparada (UID: 2).
2025-04-08 22:36:18,740 - mcp_odoo_server - DEBUG - Odoo Call: model='res.partner', method='search_read', domain=[['name', 'ilike', 'Marc Demo']], fields=['id', 'name', 'email', 'phone'], limit=5
2025-04-08 22:36:18,755 - mcp_odoo_server - INFO - Odoo devolvió 1 cliente(s) para 'Marc Demo'.
2025-04-08 22:58:05,666 - mcp_odoo_server - INFO - Iniciando el servidor MCP para Odoo...
2025-04-08 22:58:05,667 - mcp_odoo_server - INFO - Archivo .env cargado desde: /home/josefdc/hackathon_odoo/mcp_odoo_fresh/.env
2025-04-08 22:58:05,667 - mcp_odoo_server - INFO - Variables de entorno de Odoo cargadas y validadas.
2025-04-08 22:58:05,667 - mcp_odoo_server - DEBUG - Configuración Odoo -> URL: http://localhost:8069, DB: pipix, User: josepipe0909@gmail.com
2025-04-08 22:58:05,670 - mcp_odoo_server - INFO - Instancia de FastMCP<'quindicolor-odoo-agent'> creada.
2025-04-08 22:58:05,675 - mcp_odoo_server - INFO - Ejecutando bloque principal (__name__ == '__main__').
2025-04-08 22:58:05,675 - mcp_odoo_server - INFO - Realizando verificación inicial de conexión a Odoo...
2025-04-08 22:58:05,676 - mcp_odoo_server - DEBUG - Intentando conectar a common: http://localhost:8069/xmlrpc/2/common
2025-04-08 22:58:05,685 - mcp_odoo_server - DEBUG - Conexión a 'common' exitosa.
2025-04-08 22:58:05,686 - mcp_odoo_server - DEBUG - Autenticando usuario 'josepipe0909@gmail.com' en DB 'pipix'...
2025-04-08 22:58:06,093 - mcp_odoo_server - DEBUG - Autenticación Odoo exitosa. UID: 2
2025-04-08 22:58:06,095 - mcp_odoo_server - DEBUG - Creando proxy para object: http://localhost:8069/xmlrpc/2/object
2025-04-08 22:58:06,097 - mcp_odoo_server - INFO - Conexión Odoo preparada (UID: 2).
2025-04-08 22:58:06,099 - mcp_odoo_server - INFO - Verificación inicial de conexión Odoo: ÉXITO.
2025-04-08 22:58:06,133 - mcp_odoo_server - INFO - Verificación de acceso ('res.users', 'read'): True
2025-04-08 22:58:06,137 - mcp_odoo_server - INFO - Iniciando el servidor MCP FastMCP en modo stdio...
2025-04-08 22:58:41,086 - mcp_odoo_server - INFO - Ejecutando herramienta 'buscar_cliente' con nombre: 'Marc Demo'
2025-04-08 22:58:41,087 - mcp_odoo_server - DEBUG - Intentando conectar a common: http://localhost:8069/xmlrpc/2/common
2025-04-08 22:58:41,101 - mcp_odoo_server - DEBUG - Conexión a 'common' exitosa.
2025-04-08 22:58:41,104 - mcp_odoo_server - DEBUG - Autenticando usuario 'josepipe0909@gmail.com' en DB 'pipix'...
2025-04-08 22:58:41,527 - mcp_odoo_server - DEBUG - Autenticación Odoo exitosa. UID: 2
2025-04-08 22:58:41,528 - mcp_odoo_server - DEBUG - Creando proxy para object: http://localhost:8069/xmlrpc/2/object
2025-04-08 22:58:41,529 - mcp_odoo_server - INFO - Conexión Odoo preparada (UID: 2).
2025-04-08 22:58:41,529 - mcp_odoo_server - DEBUG - Odoo Call: model='res.partner', method='search_read', domain=[['name', 'ilike', 'Marc Demo']], fields=['id', 'name', 'email', 'phone'], limit=5
2025-04-08 22:58:41,543 - mcp_odoo_server - INFO - Odoo devolvió 1 cliente(s) para 'Marc Demo'.
2025-04-08 23:00:16,766 - mcp_odoo_server - INFO - Iniciando el servidor MCP para Odoo...
2025-04-08 23:00:16,767 - mcp_odoo_server - INFO - Archivo .env cargado desde: /home/josefdc/hackathon_odoo/mcp_odoo_fresh/.env
2025-04-08 23:00:16,767 - mcp_odoo_server - INFO - Variables de entorno de Odoo cargadas y validadas.
2025-04-08 23:00:16,767 - mcp_odoo_server - DEBUG - Configuración Odoo -> URL: http://localhost:8069, DB: pipix, User: josepipe0909@gmail.com
2025-04-08 23:00:16,770 - mcp_odoo_server - INFO - Instancia de FastMCP<'quindicolor-odoo-agent'> creada.
2025-04-08 23:00:16,775 - mcp_odoo_server - INFO - Ejecutando bloque principal (__name__ == '__main__').
2025-04-08 23:00:16,776 - mcp_odoo_server - INFO - Realizando verificación inicial de conexión a Odoo...
2025-04-08 23:00:16,776 - mcp_odoo_server - DEBUG - Intentando conectar a common: http://localhost:8069/xmlrpc/2/common
2025-04-08 23:00:16,786 - mcp_odoo_server - DEBUG - Conexión a 'common' exitosa.
2025-04-08 23:00:16,788 - mcp_odoo_server - DEBUG - Autenticando usuario 'josepipe0909@gmail.com' en DB 'pipix'...
2025-04-08 23:00:17,148 - mcp_odoo_server - DEBUG - Autenticación Odoo exitosa. UID: 2
2025-04-08 23:00:17,149 - mcp_odoo_server - DEBUG - Creando proxy para object: http://localhost:8069/xmlrpc/2/object
2025-04-08 23:00:17,150 - mcp_odoo_server - INFO - Conexión Odoo preparada (UID: 2).
2025-04-08 23:00:17,150 - mcp_odoo_server - INFO - Verificación inicial de conexión Odoo: ÉXITO.
2025-04-08 23:00:17,160 - mcp_odoo_server - INFO - Verificación de acceso ('res.users', 'read'): True
2025-04-08 23:00:17,162 - mcp_odoo_server - INFO - Iniciando el servidor MCP FastMCP en modo stdio...
2025-04-08 23:00:27,709 - mcp_odoo_server - INFO - Ejecutando herramienta 'buscar_cliente' con nombre: 'Marc Demo'
2025-04-08 23:00:27,710 - mcp_odoo_server - DEBUG - Intentando conectar a common: http://localhost:8069/xmlrpc/2/common
2025-04-08 23:00:27,723 - mcp_odoo_server - DEBUG - Conexión a 'common' exitosa.
2025-04-08 23:00:27,725 - mcp_odoo_server - DEBUG - Autenticando usuario 'josepipe0909@gmail.com' en DB 'pipix'...
2025-04-08 23:00:28,159 - mcp_odoo_server - DEBUG - Autenticación Odoo exitosa. UID: 2
2025-04-08 23:00:28,159 - mcp_odoo_server - DEBUG - Creando proxy para object: http://localhost:8069/xmlrpc/2/object
2025-04-08 23:00:28,160 - mcp_odoo_server - INFO - Conexión Odoo preparada (UID: 2).
2025-04-08 23:00:28,161 - mcp_odoo_server - DEBUG - Odoo Call: model='res.partner', method='search_read', domain=[['name', 'ilike', 'Marc Demo']], fields=['id', 'name', 'email', 'phone'], limit=5
2025-04-08 23:00:28,174 - mcp_odoo_server - INFO - Odoo devolvió 1 cliente(s) para 'Marc Demo'.
2025-04-08 23:03:48,604 - mcp_odoo_server - INFO - Iniciando el servidor MCP para Odoo...
2025-04-08 23:03:48,605 - mcp_odoo_server - INFO - Archivo .env cargado desde: /home/josefdc/hackathon_odoo/mcp_odoo_fresh/.env
2025-04-08 23:03:48,605 - mcp_odoo_server - INFO - Variables de entorno de Odoo cargadas y validadas.
2025-04-08 23:03:48,605 - mcp_odoo_server - DEBUG - Configuración Odoo -> URL: http://localhost:8069, DB: pipix, User: josepipe0909@gmail.com
2025-04-08 23:03:48,609 - mcp_odoo_server - INFO - Instancia de FastMCP<'quindicolor-odoo-agent'> creada.
2025-04-08 23:03:48,613 - mcp_odoo_server - INFO - Ejecutando bloque principal (__name__ == '__main__').
2025-04-08 23:03:48,614 - mcp_odoo_server - INFO - Realizando verificación inicial de conexión a Odoo...
2025-04-08 23:03:48,615 - mcp_odoo_server - DEBUG - Intentando conectar a common: http://localhost:8069/xmlrpc/2/common
2025-04-08 23:03:48,624 - mcp_odoo_server - DEBUG - Conexión a 'common' exitosa.
2025-04-08 23:03:48,625 - mcp_odoo_server - DEBUG - Autenticando usuario 'josepipe0909@gmail.com' en DB 'pipix'...
2025-04-08 23:03:48,996 - mcp_odoo_server - DEBUG - Autenticación Odoo exitosa. UID: 2
2025-04-08 23:03:48,996 - mcp_odoo_server - DEBUG - Creando proxy para object: http://localhost:8069/xmlrpc/2/object
2025-04-08 23:03:48,997 - mcp_odoo_server - INFO - Conexión Odoo preparada (UID: 2).
2025-04-08 23:03:48,998 - mcp_odoo_server - INFO - Verificación inicial de conexión Odoo: ÉXITO.
2025-04-08 23:03:49,009 - mcp_odoo_server - INFO - Verificación de acceso ('res.users', 'read'): True
2025-04-08 23:03:49,013 - mcp_odoo_server - INFO - Iniciando el servidor MCP FastMCP en modo stdio...
2025-04-08 23:04:06,098 - mcp_odoo_server - INFO - Ejecutando herramienta 'buscar_cliente' con nombre: 'Marc Demo'
2025-04-08 23:04:06,099 - mcp_odoo_server - DEBUG - Intentando conectar a common: http://localhost:8069/xmlrpc/2/common
2025-04-08 23:04:06,108 - mcp_odoo_server - DEBUG - Conexión a 'common' exitosa.
2025-04-08 23:04:06,110 - mcp_odoo_server - DEBUG - Autenticando usuario 'josepipe0909@gmail.com' en DB 'pipix'...
2025-04-08 23:04:06,509 - mcp_odoo_server - DEBUG - Autenticación Odoo exitosa. UID: 2
2025-04-08 23:04:06,510 - mcp_odoo_server - DEBUG - Creando proxy para object: http://localhost:8069/xmlrpc/2/object
2025-04-08 23:04:06,511 - mcp_odoo_server - INFO - Conexión Odoo preparada (UID: 2).
2025-04-08 23:04:06,511 - mcp_odoo_server - DEBUG - Odoo Call: model='res.partner', method='search_read', domain=[['name', 'ilike', 'Marc Demo']], fields=['id', 'name', 'email', 'phone'], limit=5
2025-04-08 23:04:06,524 - mcp_odoo_server - INFO - Odoo devolvió 1 cliente(s) para 'Marc Demo'.
2025-04-08 23:04:26,882 - mcp_odoo_server - INFO - Ejecutando herramienta 'buscar_producto' con nombre: 'Desk Organizer'
2025-04-08 23:04:26,884 - mcp_odoo_server - DEBUG - Intentando conectar a common: http://localhost:8069/xmlrpc/2/common
2025-04-08 23:04:26,898 - mcp_odoo_server - DEBUG - Conexión a 'common' exitosa.
2025-04-08 23:04:26,900 - mcp_odoo_server - DEBUG - Autenticando usuario 'josepipe0909@gmail.com' en DB 'pipix'...
2025-04-08 23:04:27,291 - mcp_odoo_server - DEBUG - Autenticación Odoo exitosa. UID: 2
2025-04-08 23:04:27,292 - mcp_odoo_server - DEBUG - Creando proxy para object: http://localhost:8069/xmlrpc/2/object
2025-04-08 23:04:27,292 - mcp_odoo_server - INFO - Conexión Odoo preparada (UID: 2).
2025-04-08 23:04:27,293 - mcp_odoo_server - DEBUG - Odoo Call: model='product.product', method='search_read', domain=[['name', 'ilike', 'Desk Organizer']], fields=['id', 'name', 'default_code', 'list_price', 'qty_available'], limit=5
2025-04-08 23:04:27,330 - mcp_odoo_server - INFO - Odoo devolvió 1 producto(s) para 'Desk Organizer'.
2025-04-08 23:06:50,491 - mcp_odoo_server - INFO - Ejecutando herramienta 'crear_cotizacion' para cliente ID: 7
2025-04-08 23:06:50,493 - mcp_odoo_server - DEBUG - Líneas recibidas: [{'product_id': 30, 'product_uom_qty': 1}]
2025-04-08 23:06:50,495 - mcp_odoo_server - DEBUG - Intentando conectar a common: http://localhost:8069/xmlrpc/2/common
2025-04-08 23:06:50,510 - mcp_odoo_server - DEBUG - Conexión a 'common' exitosa.
2025-04-08 23:06:50,510 - mcp_odoo_server - DEBUG - Autenticando usuario 'josepipe0909@gmail.com' en DB 'pipix'...
2025-04-08 23:06:50,995 - mcp_odoo_server - DEBUG - Autenticación Odoo exitosa. UID: 2
2025-04-08 23:06:50,997 - mcp_odoo_server - DEBUG - Creando proxy para object: http://localhost:8069/xmlrpc/2/object
2025-04-08 23:06:50,998 - mcp_odoo_server - INFO - Conexión Odoo preparada (UID: 2).
2025-04-08 23:06:51,000 - mcp_odoo_server - DEBUG - Odoo Call: model='sale.order', method='create', values={'partner_id': 7, 'order_line': [(0, 0, {'product_id': 30, 'product_uom_qty': 1})]}
2025-04-08 23:06:51,086 - mcp_odoo_server - INFO - Cotización creada exitosamente en Odoo con ID: 30
2025-04-08 23:10:45,464 - mcp_odoo_server - INFO - Ejecutando herramienta 'buscar_cliente' con nombre: 'Marc Demo'
2025-04-08 23:10:45,466 - mcp_odoo_server - DEBUG - Intentando conectar a common: http://localhost:8069/xmlrpc/2/common
2025-04-08 23:10:45,480 - mcp_odoo_server - DEBUG - Conexión a 'common' exitosa.
2025-04-08 23:10:45,483 - mcp_odoo_server - DEBUG - Autenticando usuario 'josepipe0909@gmail.com' en DB 'pipix'...
2025-04-08 23:10:45,922 - mcp_odoo_server - DEBUG - Autenticación Odoo exitosa. UID: 2
2025-04-08 23:10:45,925 - mcp_odoo_server - DEBUG - Creando proxy para object: http://localhost:8069/xmlrpc/2/object
2025-04-08 23:10:45,926 - mcp_odoo_server - INFO - Conexión Odoo preparada (UID: 2).
2025-04-08 23:10:45,928 - mcp_odoo_server - DEBUG - Odoo Call: model='res.partner', method='search_read', domain=[['name', 'ilike', 'Marc Demo']], fields=['id', 'name', 'email', 'phone'], limit=5
2025-04-08 23:10:45,952 - mcp_odoo_server - INFO - Odoo devolvió 1 cliente(s) para 'Marc Demo'.
2025-04-08 23:30:48,499 - mcp_odoo_server - INFO - Iniciando el servidor MCP para Odoo...
2025-04-08 23:30:48,500 - mcp_odoo_server - INFO - Archivo .env cargado desde: /home/josefdc/hackathon_odoo/mcp_odoo_fresh/.env
2025-04-08 23:30:48,500 - mcp_odoo_server - INFO - Variables de entorno de Odoo cargadas y validadas.
2025-04-08 23:30:48,500 - mcp_odoo_server - DEBUG - Configuración Odoo -> URL: http://localhost:8069, DB: pipix, User: josepipe0909@gmail.com
2025-04-08 23:30:48,503 - mcp_odoo_server - INFO - Instancia de FastMCP<'quindicolor-odoo-agent'> creada.
2025-04-08 23:30:48,517 - mcp_odoo_server - INFO - Ejecutando bloque principal (__name__ == '__main__').
2025-04-08 23:30:48,518 - mcp_odoo_server - INFO - Realizando verificación inicial de conexión a Odoo...
2025-04-08 23:30:48,519 - mcp_odoo_server - DEBUG - Intentando conectar a common: http://localhost:8069/xmlrpc/2/common
2025-04-08 23:30:48,529 - mcp_odoo_server - DEBUG - Conexión a 'common' exitosa.
2025-04-08 23:30:48,530 - mcp_odoo_server - DEBUG - Autenticando usuario 'josepipe0909@gmail.com' en DB 'pipix'...
2025-04-08 23:30:48,953 - mcp_odoo_server - DEBUG - Autenticación Odoo exitosa. UID: 2
2025-04-08 23:30:48,955 - mcp_odoo_server - DEBUG - Creando proxy para object: http://localhost:8069/xmlrpc/2/object
2025-04-08 23:30:48,956 - mcp_odoo_server - INFO - Conexión Odoo preparada (UID: 2).
2025-04-08 23:30:48,958 - mcp_odoo_server - INFO - Verificación inicial de conexión Odoo: ÉXITO.
2025-04-08 23:30:48,968 - mcp_odoo_server - INFO - Verificación de acceso ('res.users', 'read'): True
2025-04-08 23:30:48,969 - mcp_odoo_server - INFO - Iniciando el servidor MCP FastMCP en modo stdio...
2025-04-08 23:33:28,535 - mcp_odoo_server - INFO - Iniciando el servidor MCP para Odoo...
2025-04-08 23:33:28,536 - mcp_odoo_server - INFO - Archivo .env cargado desde: /home/josefdc/hackathon_odoo/mcp_odoo_fresh/.env
2025-04-08 23:33:28,536 - mcp_odoo_server - INFO - Variables de entorno de Odoo cargadas y validadas.
2025-04-08 23:33:28,536 - mcp_odoo_server - DEBUG - Configuración Odoo -> URL: http://localhost:8069, DB: pipix, User: josepipe0909@gmail.com
2025-04-08 23:33:28,540 - mcp_odoo_server - INFO - Instancia de FastMCP<'quindicolor-odoo-agent'> creada.
2025-04-08 23:33:28,553 - mcp_odoo_server - INFO - Ejecutando bloque principal (__name__ == '__main__').
2025-04-08 23:33:28,554 - mcp_odoo_server - INFO - Realizando verificación inicial de conexión a Odoo...
2025-04-08 23:33:28,555 - mcp_odoo_server - DEBUG - Intentando conectar a common: http://localhost:8069/xmlrpc/2/common
2025-04-08 23:33:28,564 - mcp_odoo_server - DEBUG - Conexión a 'common' exitosa.
2025-04-08 23:33:28,566 - mcp_odoo_server - DEBUG - Autenticando usuario 'josepipe0909@gmail.com' en DB 'pipix'...
2025-04-08 23:33:28,927 - mcp_odoo_server - DEBUG - Autenticación Odoo exitosa. UID: 2
2025-04-08 23:33:28,928 - mcp_odoo_server - DEBUG - Creando proxy para object: http://localhost:8069/xmlrpc/2/object
2025-04-08 23:33:28,929 - mcp_odoo_server - INFO - Conexión Odoo preparada (UID: 2).
2025-04-08 23:33:28,931 - mcp_odoo_server - INFO - Verificación inicial de conexión Odoo: ÉXITO.
2025-04-08 23:33:28,939 - mcp_odoo_server - INFO - Verificación de acceso ('res.users', 'read'): True
2025-04-08 23:33:28,940 - mcp_odoo_server - INFO - Iniciando el servidor MCP FastMCP en modo stdio...
2025-04-08 23:33:39,107 - mcp_odoo_server - INFO - Iniciando el servidor MCP para Odoo...
2025-04-08 23:33:39,107 - mcp_odoo_server - INFO - Archivo .env cargado desde: /home/josefdc/hackathon_odoo/mcp_odoo_fresh/.env
2025-04-08 23:33:39,107 - mcp_odoo_server - INFO - Variables de entorno de Odoo cargadas y validadas.
2025-04-08 23:33:39,107 - mcp_odoo_server - DEBUG - Configuración Odoo -> URL: http://localhost:8069, DB: pipix, User: josepipe0909@gmail.com
2025-04-08 23:33:39,111 - mcp_odoo_server - INFO - Instancia de FastMCP<'quindicolor-odoo-agent'> creada.
2025-04-08 23:33:39,125 - mcp_odoo_server - INFO - Ejecutando bloque principal (__name__ == '__main__').
2025-04-08 23:33:39,126 - mcp_odoo_server - INFO - Realizando verificación inicial de conexión a Odoo...
2025-04-08 23:33:39,127 - mcp_odoo_server - DEBUG - Intentando conectar a common: http://localhost:8069/xmlrpc/2/common
2025-04-08 23:33:39,134 - mcp_odoo_server - DEBUG - Conexión a 'common' exitosa.
2025-04-08 23:33:39,135 - mcp_odoo_server - DEBUG - Autenticando usuario 'josepipe0909@gmail.com' en DB 'pipix'...
2025-04-08 23:33:39,605 - mcp_odoo_server - DEBUG - Autenticación Odoo exitosa. UID: 2
2025-04-08 23:33:39,608 - mcp_odoo_server - DEBUG - Creando proxy para object: http://localhost:8069/xmlrpc/2/object
2025-04-08 23:33:39,611 - mcp_odoo_server - INFO - Conexión Odoo preparada (UID: 2).
2025-04-08 23:33:39,613 - mcp_odoo_server - INFO - Verificación inicial de conexión Odoo: ÉXITO.
2025-04-08 23:33:39,630 - mcp_odoo_server - INFO - Verificación de acceso ('res.users', 'read'): True
2025-04-08 23:33:39,633 - mcp_odoo_server - INFO - Iniciando el servidor MCP FastMCP en modo stdio...
2025-04-08 23:33:40,871 - mcp_odoo_server - INFO - Ejecutando herramienta 'buscar_cliente' con nombre: 'Marc Demo'
2025-04-08 23:33:40,873 - mcp_odoo_server - DEBUG - Intentando conectar a common: http://localhost:8069/xmlrpc/2/common
2025-04-08 23:33:40,888 - mcp_odoo_server - DEBUG - Conexión a 'common' exitosa.
2025-04-08 23:33:40,890 - mcp_odoo_server - DEBUG - Autenticando usuario 'josepipe0909@gmail.com' en DB 'pipix'...
2025-04-08 23:33:41,259 - mcp_odoo_server - DEBUG - Autenticación Odoo exitosa. UID: 2
2025-04-08 23:33:41,260 - mcp_odoo_server - DEBUG - Creando proxy para object: http://localhost:8069/xmlrpc/2/object
2025-04-08 23:33:41,261 - mcp_odoo_server - INFO - Conexión Odoo preparada (UID: 2).
2025-04-08 23:33:41,261 - mcp_odoo_server - DEBUG - Odoo Call: model='res.partner', method='search_read', domain=[['name', 'ilike', 'Marc Demo']], fields=['id', 'name', 'email', 'phone'], limit=5
2025-04-08 23:33:41,272 - mcp_odoo_server - INFO - Odoo devolvió 1 cliente(s) para 'Marc Demo'.
2025-04-08 23:33:58,822 - mcp_odoo_server - INFO - Iniciando el servidor MCP para Odoo...
2025-04-08 23:33:58,822 - mcp_odoo_server - INFO - Archivo .env cargado desde: /home/josefdc/hackathon_odoo/mcp_odoo_fresh/.env
2025-04-08 23:33:58,822 - mcp_odoo_server - INFO - Variables de entorno de Odoo cargadas y validadas.
2025-04-08 23:33:58,823 - mcp_odoo_server - DEBUG - Configuración Odoo -> URL: http://localhost:8069, DB: pipix, User: josepipe0909@gmail.com
2025-04-08 23:33:58,826 - mcp_odoo_server - INFO - Instancia de FastMCP<'quindicolor-odoo-agent'> creada.
2025-04-08 23:33:58,840 - mcp_odoo_server - INFO - Ejecutando bloque principal (__name__ == '__main__').
2025-04-08 23:33:58,841 - mcp_odoo_server - INFO - Realizando verificación inicial de conexión a Odoo...
2025-04-08 23:33:58,842 - mcp_odoo_server - DEBUG - Intentando conectar a common: http://localhost:8069/xmlrpc/2/common
2025-04-08 23:33:58,851 - mcp_odoo_server - DEBUG - Conexión a 'common' exitosa.
2025-04-08 23:33:58,853 - mcp_odoo_server - DEBUG - Autenticando usuario 'josepipe0909@gmail.com' en DB 'pipix'...
2025-04-08 23:33:59,329 - mcp_odoo_server - DEBUG - Autenticación Odoo exitosa. UID: 2
2025-04-08 23:33:59,332 - mcp_odoo_server - DEBUG - Creando proxy para object: http://localhost:8069/xmlrpc/2/object
2025-04-08 23:33:59,335 - mcp_odoo_server - INFO - Conexión Odoo preparada (UID: 2).
2025-04-08 23:33:59,337 - mcp_odoo_server - INFO - Verificación inicial de conexión Odoo: ÉXITO.
2025-04-08 23:33:59,352 - mcp_odoo_server - INFO - Verificación de acceso ('res.users', 'read'): True
2025-04-08 23:33:59,354 - mcp_odoo_server - INFO - Iniciando el servidor MCP FastMCP en modo stdio...
2025-04-08 23:34:48,427 - mcp_odoo_server - INFO - Iniciando el servidor MCP para Odoo...
2025-04-08 23:34:48,427 - mcp_odoo_server - INFO - Archivo .env cargado desde: /home/josefdc/hackathon_odoo/mcp_odoo_fresh/.env
2025-04-08 23:34:48,427 - mcp_odoo_server - INFO - Variables de entorno de Odoo cargadas y validadas.
2025-04-08 23:34:48,427 - mcp_odoo_server - DEBUG - Configuración Odoo -> URL: http://localhost:8069, DB: pipix, User: josepipe0909@gmail.com
2025-04-08 23:34:48,431 - mcp_odoo_server - INFO - Instancia de FastMCP<'quindicolor-odoo-agent'> creada.
2025-04-08 23:34:48,445 - mcp_odoo_server - INFO - Ejecutando bloque principal (__name__ == '__main__').
2025-04-08 23:34:48,446 - mcp_odoo_server - INFO - Realizando verificación inicial de conexión a Odoo...
2025-04-08 23:34:48,446 - mcp_odoo_server - DEBUG - Intentando conectar a common: http://localhost:8069/xmlrpc/2/common
2025-04-08 23:34:48,456 - mcp_odoo_server - DEBUG - Conexión a 'common' exitosa.
2025-04-08 23:34:48,457 - mcp_odoo_server - DEBUG - Autenticando usuario 'josepipe0909@gmail.com' en DB 'pipix'...
2025-04-08 23:34:48,878 - mcp_odoo_server - DEBUG - Autenticación Odoo exitosa. UID: 2
2025-04-08 23:34:48,879 - mcp_odoo_server - DEBUG - Creando proxy para object: http://localhost:8069/xmlrpc/2/object
2025-04-08 23:34:48,880 - mcp_odoo_server - INFO - Conexión Odoo preparada (UID: 2).
2025-04-08 23:34:48,881 - mcp_odoo_server - INFO - Verificación inicial de conexión Odoo: ÉXITO.
2025-04-08 23:34:48,891 - mcp_odoo_server - INFO - Verificación de acceso ('res.users', 'read'): True
2025-04-08 23:34:48,893 - mcp_odoo_server - INFO - Iniciando el servidor MCP FastMCP en modo stdio...
2025-04-08 23:34:50,613 - mcp_odoo_server - INFO - Ejecutando herramienta 'buscar_producto' con nombre: 'pintura'
2025-04-08 23:34:50,614 - mcp_odoo_server - DEBUG - Intentando conectar a common: http://localhost:8069/xmlrpc/2/common
2025-04-08 23:34:50,627 - mcp_odoo_server - DEBUG - Conexión a 'common' exitosa.
2025-04-08 23:34:50,628 - mcp_odoo_server - DEBUG - Autenticando usuario 'josepipe0909@gmail.com' en DB 'pipix'...
2025-04-08 23:34:51,004 - mcp_odoo_server - DEBUG - Autenticación Odoo exitosa. UID: 2
2025-04-08 23:34:51,004 - mcp_odoo_server - DEBUG - Creando proxy para object: http://localhost:8069/xmlrpc/2/object
2025-04-08 23:34:51,005 - mcp_odoo_server - INFO - Conexión Odoo preparada (UID: 2).
2025-04-08 23:34:51,006 - mcp_odoo_server - DEBUG - Odoo Call: model='product.product', method='search_read', domain=[['name', 'ilike', 'pintura']], fields=['id', 'name', 'default_code', 'list_price', 'qty_available'], limit=5
2025-04-08 23:34:51,018 - mcp_odoo_server - INFO - Odoo devolvió 0 producto(s) para 'pintura'.
2025-04-08 23:34:51,021 - mcp_odoo_server - INFO - Ejecutando herramienta 'buscar_producto' con nombre: 'brocha'
2025-04-08 23:34:51,021 - mcp_odoo_server - DEBUG - Intentando conectar a common: http://localhost:8069/xmlrpc/2/common
2025-04-08 23:34:51,031 - mcp_odoo_server - DEBUG - Conexión a 'common' exitosa.
2025-04-08 23:34:51,033 - mcp_odoo_server - DEBUG - Autenticando usuario 'josepipe0909@gmail.com' en DB 'pipix'...
2025-04-08 23:34:51,407 - mcp_odoo_server - DEBUG - Autenticación Odoo exitosa. UID: 2
2025-04-08 23:34:51,407 - mcp_odoo_server - DEBUG - Creando proxy para object: http://localhost:8069/xmlrpc/2/object
2025-04-08 23:34:51,408 - mcp_odoo_server - INFO - Conexión Odoo preparada (UID: 2).
2025-04-08 23:34:51,409 - mcp_odoo_server - DEBUG - Odoo Call: model='product.product', method='search_read', domain=[['name', 'ilike', 'brocha']], fields=['id', 'name', 'default_code', 'list_price', 'qty_available'], limit=5
2025-04-08 23:34:51,421 - mcp_odoo_server - INFO - Odoo devolvió 0 producto(s) para 'brocha'.
2025-04-08 23:53:27,955 - mcp_odoo_server - INFO - Iniciando el servidor MCP para Odoo...
2025-04-08 23:53:27,956 - mcp_odoo_server - INFO - Archivo .env cargado desde: /home/josefdc/hackathon_odoo/mcp_odoo_fresh/.env
2025-04-08 23:53:27,956 - mcp_odoo_server - INFO - Variables de entorno de Odoo cargadas y validadas.
2025-04-08 23:53:27,956 - mcp_odoo_server - DEBUG - Configuración Odoo -> URL: http://localhost:8069, DB: pipix, User: josepipe0909@gmail.com
2025-04-08 23:53:27,960 - mcp_odoo_server - INFO - Instancia de FastMCP<'quindicolor-odoo-agent'> creada.
2025-04-08 23:53:27,973 - mcp_odoo_server - INFO - Ejecutando bloque principal (__name__ == '__main__').
2025-04-08 23:53:27,974 - mcp_odoo_server - INFO - Realizando verificación inicial de conexión a Odoo...
2025-04-08 23:53:27,975 - mcp_odoo_server - DEBUG - Intentando conectar a common: http://localhost:8069/xmlrpc/2/common
2025-04-08 23:53:27,984 - mcp_odoo_server - DEBUG - Conexión a 'common' exitosa.
2025-04-08 23:53:27,985 - mcp_odoo_server - DEBUG - Autenticando usuario 'josepipe0909@gmail.com' en DB 'pipix'...
2025-04-08 23:53:28,399 - mcp_odoo_server - DEBUG - Autenticación Odoo exitosa. UID: 2
2025-04-08 23:53:28,402 - mcp_odoo_server - DEBUG - Creando proxy para object: http://localhost:8069/xmlrpc/2/object
2025-04-08 23:53:28,405 - mcp_odoo_server - INFO - Conexión Odoo preparada (UID: 2).
2025-04-08 23:53:28,407 - mcp_odoo_server - INFO - Verificación inicial de conexión Odoo: ÉXITO.
2025-04-08 23:53:28,421 - mcp_odoo_server - INFO - Verificación de acceso ('res.users', 'read'): True
2025-04-08 23:53:28,424 - mcp_odoo_server - INFO - Iniciando el servidor MCP FastMCP en modo stdio...
2025-04-08 23:57:07,389 - mcp_odoo_server - INFO - Iniciando el servidor MCP para Odoo...
2025-04-08 23:57:07,389 - mcp_odoo_server - INFO - Archivo .env cargado desde: /home/josefdc/hackathon_odoo/mcp_odoo_fresh/.env
2025-04-08 23:57:07,390 - mcp_odoo_server - INFO - Variables de entorno de Odoo cargadas y validadas.
2025-04-08 23:57:07,390 - mcp_odoo_server - DEBUG - Configuración Odoo -> URL: http://localhost:8069, DB: pipix, User: josepipe0909@gmail.com
2025-04-08 23:57:07,393 - mcp_odoo_server - INFO - Instancia de FastMCP<'quindicolor-odoo-agent'> creada.
2025-04-08 23:57:07,407 - mcp_odoo_server - INFO - Ejecutando bloque principal (__name__ == '__main__').
2025-04-08 23:57:07,408 - mcp_odoo_server - INFO - Realizando verificación inicial de conexión a Odoo...
2025-04-08 23:57:07,409 - mcp_odoo_server - DEBUG - Intentando conectar a common: http://localhost:8069/xmlrpc/2/common
2025-04-08 23:57:07,416 - mcp_odoo_server - DEBUG - Conexión a 'common' exitosa.
2025-04-08 23:57:07,417 - mcp_odoo_server - DEBUG - Autenticando usuario 'josepipe0909@gmail.com' en DB 'pipix'...
2025-04-08 23:57:07,815 - mcp_odoo_server - DEBUG - Autenticación Odoo exitosa. UID: 2
2025-04-08 23:57:07,816 - mcp_odoo_server - DEBUG - Creando proxy para object: http://localhost:8069/xmlrpc/2/object
2025-04-08 23:57:07,816 - mcp_odoo_server - INFO - Conexión Odoo preparada (UID: 2).
2025-04-08 23:57:07,817 - mcp_odoo_server - INFO - Verificación inicial de conexión Odoo: ÉXITO.
2025-04-08 23:57:07,827 - mcp_odoo_server - INFO - Verificación de acceso ('res.users', 'read'): True
2025-04-08 23:57:07,828 - mcp_odoo_server - INFO - Iniciando el servidor MCP FastMCP en modo stdio...
2025-04-08 23:59:00,002 - mcp_odoo_server - INFO - Iniciando el servidor MCP para Odoo...
2025-04-08 23:59:00,002 - mcp_odoo_server - INFO - Archivo .env cargado desde: /home/josefdc/hackathon_odoo/mcp_odoo_fresh/.env
2025-04-08 23:59:00,002 - mcp_odoo_server - INFO - Variables de entorno de Odoo cargadas y validadas.
2025-04-08 23:59:00,002 - mcp_odoo_server - DEBUG - Configuración Odoo -> URL: http://localhost:8069, DB: pipix, User: josepipe0909@gmail.com
2025-04-08 23:59:00,009 - mcp_odoo_server - INFO - Instancia de FastMCP<'quindicolor-odoo-agent'> creada.
2025-04-08 23:59:00,032 - mcp_odoo_server - INFO - Ejecutando bloque principal (__name__ == '__main__').
2025-04-08 23:59:00,034 - mcp_odoo_server - INFO - Realizando verificación inicial de conexión a Odoo...
2025-04-08 23:59:00,035 - mcp_odoo_server - DEBUG - Intentando conectar a common: http://localhost:8069/xmlrpc/2/common
2025-04-08 23:59:00,048 - mcp_odoo_server - DEBUG - Conexión a 'common' exitosa.
2025-04-08 23:59:00,051 - mcp_odoo_server - DEBUG - Autenticando usuario 'josepipe0909@gmail.com' en DB 'pipix'...
2025-04-08 23:59:00,694 - mcp_odoo_server - DEBUG - Autenticación Odoo exitosa. UID: 2
2025-04-08 23:59:00,695 - mcp_odoo_server - DEBUG - Creando proxy para object: http://localhost:8069/xmlrpc/2/object
2025-04-08 23:59:00,696 - mcp_odoo_server - INFO - Conexión Odoo preparada (UID: 2).
2025-04-08 23:59:00,697 - mcp_odoo_server - INFO - Verificación inicial de conexión Odoo: ÉXITO.
2025-04-08 23:59:00,711 - mcp_odoo_server - INFO - Verificación de acceso ('res.users', 'read'): True
2025-04-08 23:59:00,713 - mcp_odoo_server - INFO - Iniciando el servidor MCP FastMCP en modo stdio...
2025-04-08 23:59:45,006 - mcp_odoo_server - INFO - Iniciando el servidor MCP para Odoo...
2025-04-08 23:59:45,007 - mcp_odoo_server - INFO - Archivo .env cargado desde: /home/josefdc/hackathon_odoo/mcp_odoo_fresh/.env
2025-04-08 23:59:45,007 - mcp_odoo_server - INFO - Variables de entorno de Odoo cargadas y validadas.
2025-04-08 23:59:45,007 - mcp_odoo_server - DEBUG - Configuración Odoo -> URL: http://localhost:8069, DB: pipix, User: josepipe0909@gmail.com
2025-04-08 23:59:45,014 - mcp_odoo_server - INFO - Instancia de FastMCP<'quindicolor-odoo-agent'> creada.
2025-04-08 23:59:45,037 - mcp_odoo_server - INFO - Ejecutando bloque principal (__name__ == '__main__').
2025-04-08 23:59:45,039 - mcp_odoo_server - INFO - Realizando verificación inicial de conexión a Odoo...
2025-04-08 23:59:45,040 - mcp_odoo_server - DEBUG - Intentando conectar a common: http://localhost:8069/xmlrpc/2/common
2025-04-08 23:59:45,054 - mcp_odoo_server - DEBUG - Conexión a 'common' exitosa.
2025-04-08 23:59:45,056 - mcp_odoo_server - DEBUG - Autenticando usuario 'josepipe0909@gmail.com' en DB 'pipix'...
2025-04-08 23:59:45,756 - mcp_odoo_server - DEBUG - Autenticación Odoo exitosa. UID: 2
2025-04-08 23:59:45,759 - mcp_odoo_server - DEBUG - Creando proxy para object: http://localhost:8069/xmlrpc/2/object
2025-04-08 23:59:45,761 - mcp_odoo_server - INFO - Conexión Odoo preparada (UID: 2).
2025-04-08 23:59:45,763 - mcp_odoo_server - INFO - Verificación inicial de conexión Odoo: ÉXITO.
2025-04-08 23:59:45,778 - mcp_odoo_server - INFO - Verificación de acceso ('res.users', 'read'): True
2025-04-08 23:59:45,780 - mcp_odoo_server - INFO - Iniciando el servidor MCP FastMCP en modo stdio...
2025-04-08 23:59:47,018 - mcp_odoo_server - INFO - Ejecutando herramienta 'buscar_cliente' con nombre: 'Máximo'
2025-04-08 23:59:47,020 - mcp_odoo_server - DEBUG - Intentando conectar a common: http://localhost:8069/xmlrpc/2/common
2025-04-08 23:59:47,035 - mcp_odoo_server - DEBUG - Conexión a 'common' exitosa.
2025-04-08 23:59:47,037 - mcp_odoo_server - DEBUG - Autenticando usuario 'josepipe0909@gmail.com' en DB 'pipix'...
2025-04-08 23:59:47,707 - mcp_odoo_server - DEBUG - Autenticación Odoo exitosa. UID: 2
2025-04-08 23:59:47,709 - mcp_odoo_server - DEBUG - Creando proxy para object: http://localhost:8069/xmlrpc/2/object
2025-04-08 23:59:47,710 - mcp_odoo_server - INFO - Conexión Odoo preparada (UID: 2).
2025-04-08 23:59:47,711 - mcp_odoo_server - DEBUG - Odoo Call: model='res.partner', method='search_read', domain=[['name', 'ilike', 'Máximo']], fields=['id', 'name', 'email', 'phone'], limit=5
2025-04-08 23:59:47,730 - mcp_odoo_server - INFO - Odoo devolvió 0 cliente(s) para 'Máximo'.
2025-04-09 01:08:06,997 - mcp_odoo_server - INFO - Iniciando el servidor MCP para Odoo...
2025-04-09 01:08:06,998 - mcp_odoo_server - INFO - Archivo .env cargado desde: /home/josefdc/hackathon_odoo/mcp_odoo_fresh/.env
2025-04-09 01:08:07,034 - mcp_odoo_server - INFO - Variables de entorno de Odoo cargadas y validadas.
2025-04-09 01:08:07,034 - mcp_odoo_server - DEBUG - Configuración Odoo -> URL: http://localhost:8069, DB: pipix, User: josepipe0909@gmail.com
2025-04-09 01:08:07,048 - mcp_odoo_server - INFO - Instancia de FastMCP<'quindicolor-odoo-agent'> creada.
2025-04-09 01:08:07,078 - mcp_odoo_server - INFO - Ejecutando bloque principal (__name__ == '__main__').
2025-04-09 01:08:07,079 - mcp_odoo_server - INFO - Realizando verificación inicial de conexión a Odoo...
2025-04-09 01:08:07,080 - mcp_odoo_server - DEBUG - Intentando conectar a common: http://localhost:8069/xmlrpc/2/common
2025-04-09 01:08:07,089 - mcp_odoo_server - DEBUG - Conexión a 'common' exitosa.
2025-04-09 01:08:07,091 - mcp_odoo_server - DEBUG - Autenticando usuario 'josepipe0909@gmail.com' en DB 'pipix'...
2025-04-09 01:08:07,459 - mcp_odoo_server - DEBUG - Autenticación Odoo exitosa. UID: 2
2025-04-09 01:08:07,460 - mcp_odoo_server - DEBUG - Creando proxy para object: http://localhost:8069/xmlrpc/2/object
2025-04-09 01:08:07,461 - mcp_odoo_server - INFO - Conexión Odoo preparada (UID: 2).
2025-04-09 01:08:07,461 - mcp_odoo_server - INFO - Verificación inicial de conexión Odoo: ÉXITO.
2025-04-09 01:08:07,471 - mcp_odoo_server - INFO - Verificación de acceso ('res.users', 'read'): True
2025-04-09 01:08:07,472 - mcp_odoo_server - INFO - Iniciando el servidor MCP FastMCP en modo stdio...
2025-04-09 01:12:58,059 - mcp_odoo_server - INFO - Iniciando el servidor MCP para Odoo...
2025-04-09 01:12:58,060 - mcp_odoo_server - INFO - Archivo .env cargado desde: /home/josefdc/hackathon_odoo/mcp_odoo_fresh/.env
2025-04-09 01:12:58,060 - mcp_odoo_server - INFO - Variables de entorno de Odoo cargadas y validadas.
2025-04-09 01:12:58,060 - mcp_odoo_server - DEBUG - Configuración Odoo -> URL: http://localhost:8069, DB: pipix, User: josepipe0909@gmail.com
2025-04-09 01:12:58,064 - mcp_odoo_server - INFO - Instancia de FastMCP<'quindicolor-odoo-agent'> creada.
2025-04-09 01:12:58,079 - mcp_odoo_server - INFO - Ejecutando bloque principal (__name__ == '__main__').
2025-04-09 01:12:58,079 - mcp_odoo_server - INFO - Realizando verificación inicial de conexión a Odoo...
2025-04-09 01:12:58,080 - mcp_odoo_server - DEBUG - Intentando conectar a common: http://localhost:8069/xmlrpc/2/common
2025-04-09 01:12:58,088 - mcp_odoo_server - DEBUG - Conexión a 'common' exitosa.
2025-04-09 01:12:58,090 - mcp_odoo_server - DEBUG - Autenticando usuario 'josepipe0909@gmail.com' en DB 'pipix'...
2025-04-09 01:12:58,494 - mcp_odoo_server - DEBUG - Autenticación Odoo exitosa. UID: 2
2025-04-09 01:12:58,496 - mcp_odoo_server - DEBUG - Creando proxy para object: http://localhost:8069/xmlrpc/2/object
2025-04-09 01:12:58,498 - mcp_odoo_server - INFO - Conexión Odoo preparada (UID: 2).
2025-04-09 01:12:58,500 - mcp_odoo_server - INFO - Verificación inicial de conexión Odoo: ÉXITO.
2025-04-09 01:12:58,516 - mcp_odoo_server - INFO - Verificación de acceso ('res.users', 'read'): True
2025-04-09 01:12:58,519 - mcp_odoo_server - INFO - Iniciando el servidor MCP FastMCP en modo stdio...
2025-04-09 01:21:33,524 - mcp_odoo_server - INFO - Iniciando el servidor MCP para Odoo...
2025-04-09 01:21:33,524 - mcp_odoo_server - INFO - Archivo .env cargado desde: /home/josefdc/hackathon_odoo/mcp_odoo_fresh/.env
2025-04-09 01:21:33,524 - mcp_odoo_server - INFO - Variables de entorno de Odoo cargadas y validadas.
2025-04-09 01:21:33,524 - mcp_odoo_server - DEBUG - Configuración Odoo -> URL: http://localhost:8069, DB: pipix, User: josepipe0909@gmail.com
2025-04-09 01:21:33,528 - mcp_odoo_server - INFO - Instancia de FastMCP<'quindicolor-odoo-agent'> creada.
2025-04-09 01:21:33,542 - mcp_odoo_server - INFO - Ejecutando bloque principal (__name__ == '__main__').
2025-04-09 01:21:33,543 - mcp_odoo_server - INFO - Realizando verificación inicial de conexión a Odoo...
2025-04-09 01:21:33,543 - mcp_odoo_server - DEBUG - Intentando conectar a common: http://localhost:8069/xmlrpc/2/common
2025-04-09 01:21:33,552 - mcp_odoo_server - DEBUG - Conexión a 'common' exitosa.
2025-04-09 01:21:33,553 - mcp_odoo_server - DEBUG - Autenticando usuario 'josepipe0909@gmail.com' en DB 'pipix'...
2025-04-09 01:21:33,962 - mcp_odoo_server - DEBUG - Autenticación Odoo exitosa. UID: 2
2025-04-09 01:21:33,963 - mcp_odoo_server - DEBUG - Creando proxy para object: http://localhost:8069/xmlrpc/2/object
2025-04-09 01:21:33,964 - mcp_odoo_server - INFO - Conexión Odoo preparada (UID: 2).
2025-04-09 01:21:33,965 - mcp_odoo_server - INFO - Verificación inicial de conexión Odoo: ÉXITO.
2025-04-09 01:21:33,974 - mcp_odoo_server - INFO - Verificación de acceso ('res.users', 'read'): True
2025-04-09 01:21:33,976 - mcp_odoo_server - INFO - Iniciando el servidor MCP FastMCP en modo stdio...
2025-04-09 01:21:35,850 - mcp_odoo_server - INFO - Tool: listar_productos ejecutado.
2025-04-09 01:21:35,851 - mcp_odoo_server - DEBUG - Intentando conectar a common: http://localhost:8069/xmlrpc/2/common
2025-04-09 01:21:35,864 - mcp_odoo_server - DEBUG - Conexión a 'common' exitosa.
2025-04-09 01:21:35,866 - mcp_odoo_server - DEBUG - Autenticando usuario 'josepipe0909@gmail.com' en DB 'pipix'...
2025-04-09 01:21:36,268 - mcp_odoo_server - DEBUG - Autenticación Odoo exitosa. UID: 2
2025-04-09 01:21:36,269 - mcp_odoo_server - DEBUG - Creando proxy para object: http://localhost:8069/xmlrpc/2/object
2025-04-09 01:21:36,269 - mcp_odoo_server - INFO - Conexión Odoo preparada (UID: 2).
2025-04-09 01:21:36,270 - mcp_odoo_server - DEBUG - Odoo Call: product.product.search_read, domain=[['sale_ok', '=', True]], fields=['id', 'name', 'default_code', 'list_price'], limit=20
2025-04-09 01:21:36,284 - mcp_odoo_server - INFO - Odoo devolvió 20 producto(s) (límite 20).
2025-04-09 02:49:54,723 - mcp_odoo_server - INFO - Iniciando el servidor MCP para Odoo...
2025-04-09 02:49:54,724 - mcp_odoo_server - INFO - Archivo .env cargado desde: /home/josefdc/hackathon_odoo/mcp_odoo_fresh/.env
2025-04-09 02:49:54,724 - mcp_odoo_server - INFO - Variables de entorno de Odoo cargadas y validadas.
2025-04-09 02:49:54,724 - mcp_odoo_server - DEBUG - Configuración Odoo -> URL: ODOO_URL=https://aguirrex-sirius-odoo.odoo.com, DB: aguirrex-sirius-odoo, User: Administrador
2025-04-09 02:49:54,728 - mcp_odoo_server - INFO - Instancia de FastMCP<'quindicolor-odoo-agent'> creada.
2025-04-09 02:49:54,743 - mcp_odoo_server - INFO - Ejecutando bloque principal (__name__ == '__main__').
2025-04-09 02:49:54,744 - mcp_odoo_server - INFO - Realizando verificación inicial de conexión a Odoo...
2025-04-09 02:49:54,744 - mcp_odoo_server - DEBUG - Intentando conectar a common: ODOO_URL=https://aguirrex-sirius-odoo.odoo.com/xmlrpc/2/common
2025-04-09 02:49:54,745 - mcp_odoo_server - ERROR - Error inesperado durante conexión/autenticación Odoo: OSError - unsupported XML-RPC protocol
Traceback (most recent call last):
  File "/home/josefdc/hackathon_odoo/mcp_odoo_fresh/mcp_odoo_server.py", line 81, in get_odoo_connection_details
    common = xmlrpc.client.ServerProxy(common_url)
             ^^^^^^^^^^^^^^^^^^^^^^^^^^^^^^^^^^^^^
  File "/home/josefdc/miniconda3/lib/python3.12/xmlrpc/client.py", line 1429, in __init__
    raise OSError("unsupported XML-RPC protocol")
OSError: unsupported XML-RPC protocol
2025-04-09 02:49:54,811 - mcp_odoo_server - ERROR - Verificación inicial de conexión Odoo: FALLÓ. Revisa logs y configuración.
2025-04-09 02:49:54,811 - mcp_odoo_server - INFO - Iniciando el servidor MCP FastMCP en modo stdio...
2025-04-09 02:49:56,989 - mcp_odoo_server - INFO - Tool: listar_productos ejecutado.
2025-04-09 02:49:56,989 - mcp_odoo_server - DEBUG - Intentando conectar a common: ODOO_URL=https://aguirrex-sirius-odoo.odoo.com/xmlrpc/2/common
2025-04-09 02:49:56,990 - mcp_odoo_server - ERROR - Error inesperado durante conexión/autenticación Odoo: OSError - unsupported XML-RPC protocol
Traceback (most recent call last):
  File "/home/josefdc/hackathon_odoo/mcp_odoo_fresh/mcp_odoo_server.py", line 81, in get_odoo_connection_details
    common = xmlrpc.client.ServerProxy(common_url)
             ^^^^^^^^^^^^^^^^^^^^^^^^^^^^^^^^^^^^^
  File "/home/josefdc/miniconda3/lib/python3.12/xmlrpc/client.py", line 1429, in __init__
    raise OSError("unsupported XML-RPC protocol")
OSError: unsupported XML-RPC protocol
2025-04-09 02:51:21,377 - mcp_odoo_server - INFO - Iniciando el servidor MCP para Odoo...
2025-04-09 02:51:21,378 - mcp_odoo_server - INFO - Archivo .env cargado desde: /home/josefdc/hackathon_odoo/mcp_odoo_fresh/.env
2025-04-09 02:51:21,378 - mcp_odoo_server - INFO - Variables de entorno de Odoo cargadas y validadas.
2025-04-09 02:51:21,378 - mcp_odoo_server - DEBUG - Configuración Odoo -> URL: ODOO_URL=https://aguirrex-sirius-odoo.odoo.com, DB: aguirrex-sirius-odoo, User: admin
2025-04-09 02:51:21,382 - mcp_odoo_server - INFO - Instancia de FastMCP<'quindicolor-odoo-agent'> creada.
2025-04-09 02:51:21,396 - mcp_odoo_server - INFO - Ejecutando bloque principal (__name__ == '__main__').
2025-04-09 02:51:21,397 - mcp_odoo_server - INFO - Realizando verificación inicial de conexión a Odoo...
2025-04-09 02:51:21,398 - mcp_odoo_server - DEBUG - Intentando conectar a common: ODOO_URL=https://aguirrex-sirius-odoo.odoo.com/xmlrpc/2/common
2025-04-09 02:51:21,398 - mcp_odoo_server - ERROR - Error inesperado durante conexión/autenticación Odoo: OSError - unsupported XML-RPC protocol
Traceback (most recent call last):
  File "/home/josefdc/hackathon_odoo/mcp_odoo_fresh/mcp_odoo_server.py", line 81, in get_odoo_connection_details
    common = xmlrpc.client.ServerProxy(common_url)
             ^^^^^^^^^^^^^^^^^^^^^^^^^^^^^^^^^^^^^
  File "/home/josefdc/miniconda3/lib/python3.12/xmlrpc/client.py", line 1429, in __init__
    raise OSError("unsupported XML-RPC protocol")
OSError: unsupported XML-RPC protocol
2025-04-09 02:51:21,465 - mcp_odoo_server - ERROR - Verificación inicial de conexión Odoo: FALLÓ. Revisa logs y configuración.
2025-04-09 02:51:21,466 - mcp_odoo_server - INFO - Iniciando el servidor MCP FastMCP en modo stdio...
2025-04-09 02:51:30,493 - mcp_odoo_server - INFO - Iniciando el servidor MCP para Odoo...
2025-04-09 02:51:30,493 - mcp_odoo_server - INFO - Archivo .env cargado desde: /home/josefdc/hackathon_odoo/mcp_odoo_fresh/.env
2025-04-09 02:51:30,493 - mcp_odoo_server - INFO - Variables de entorno de Odoo cargadas y validadas.
2025-04-09 02:51:30,493 - mcp_odoo_server - DEBUG - Configuración Odoo -> URL: ODOO_URL=https://aguirrex-sirius-odoo.odoo.com, DB: aguirrex-sirius-odoo, User: admin
2025-04-09 02:51:30,498 - mcp_odoo_server - INFO - Instancia de FastMCP<'quindicolor-odoo-agent'> creada.
2025-04-09 02:51:30,511 - mcp_odoo_server - INFO - Ejecutando bloque principal (__name__ == '__main__').
2025-04-09 02:51:30,512 - mcp_odoo_server - INFO - Realizando verificación inicial de conexión a Odoo...
2025-04-09 02:51:30,513 - mcp_odoo_server - DEBUG - Intentando conectar a common: ODOO_URL=https://aguirrex-sirius-odoo.odoo.com/xmlrpc/2/common
2025-04-09 02:51:30,514 - mcp_odoo_server - ERROR - Error inesperado durante conexión/autenticación Odoo: OSError - unsupported XML-RPC protocol
Traceback (most recent call last):
  File "/home/josefdc/hackathon_odoo/mcp_odoo_fresh/mcp_odoo_server.py", line 81, in get_odoo_connection_details
    common = xmlrpc.client.ServerProxy(common_url)
             ^^^^^^^^^^^^^^^^^^^^^^^^^^^^^^^^^^^^^
  File "/home/josefdc/miniconda3/lib/python3.12/xmlrpc/client.py", line 1429, in __init__
    raise OSError("unsupported XML-RPC protocol")
OSError: unsupported XML-RPC protocol
2025-04-09 02:51:30,580 - mcp_odoo_server - ERROR - Verificación inicial de conexión Odoo: FALLÓ. Revisa logs y configuración.
2025-04-09 02:51:30,581 - mcp_odoo_server - INFO - Iniciando el servidor MCP FastMCP en modo stdio...
2025-04-09 02:51:31,843 - mcp_odoo_server - INFO - Tool: listar_productos ejecutado.
2025-04-09 02:51:31,845 - mcp_odoo_server - DEBUG - Intentando conectar a common: ODOO_URL=https://aguirrex-sirius-odoo.odoo.com/xmlrpc/2/common
2025-04-09 02:51:31,846 - mcp_odoo_server - ERROR - Error inesperado durante conexión/autenticación Odoo: OSError - unsupported XML-RPC protocol
Traceback (most recent call last):
  File "/home/josefdc/hackathon_odoo/mcp_odoo_fresh/mcp_odoo_server.py", line 81, in get_odoo_connection_details
    common = xmlrpc.client.ServerProxy(common_url)
             ^^^^^^^^^^^^^^^^^^^^^^^^^^^^^^^^^^^^^
  File "/home/josefdc/miniconda3/lib/python3.12/xmlrpc/client.py", line 1429, in __init__
    raise OSError("unsupported XML-RPC protocol")
OSError: unsupported XML-RPC protocol
2025-04-09 02:52:38,836 - mcp_odoo_server - INFO - Iniciando el servidor MCP para Odoo...
2025-04-09 02:52:38,836 - mcp_odoo_server - INFO - Archivo .env cargado desde: /home/josefdc/hackathon_odoo/mcp_odoo_fresh/.env
2025-04-09 02:52:38,836 - mcp_odoo_server - INFO - Variables de entorno de Odoo cargadas y validadas.
2025-04-09 02:52:38,836 - mcp_odoo_server - DEBUG - Configuración Odoo -> URL: https://aguirrex-sirius-odoo.odoo.com, DB: aguirrex-sirius-odoo, User: admin
2025-04-09 02:52:38,840 - mcp_odoo_server - INFO - Instancia de FastMCP<'quindicolor-odoo-agent'> creada.
2025-04-09 02:52:38,855 - mcp_odoo_server - INFO - Ejecutando bloque principal (__name__ == '__main__').
2025-04-09 02:52:38,856 - mcp_odoo_server - INFO - Realizando verificación inicial de conexión a Odoo...
2025-04-09 02:52:38,856 - mcp_odoo_server - DEBUG - Intentando conectar a common: https://aguirrex-sirius-odoo.odoo.com/xmlrpc/2/common
2025-04-09 02:52:39,297 - mcp_odoo_server - DEBUG - Conexión a 'common' exitosa.
2025-04-09 02:52:39,300 - mcp_odoo_server - DEBUG - Autenticando usuario 'admin' en DB 'aguirrex-sirius-odoo'...
2025-04-09 02:52:39,511 - mcp_odoo_server - ERROR - Error XML-RPC Odoo: Fault 1 - Traceback (most recent call last):
  File "/home/odoo/src/odoo/odoo/modules/registry.py", line 104, in __new__
    return cls.registries[db_name]
           ~~~~~~~~~~~~~~^^^^^^^^^
  File "/usr/lib/python3/dist-packages/decorator.py", line 232, in fun
    return caller(func, *(extras + args), **kw)
           ^^^^^^^^^^^^^^^^^^^^^^^^^^^^^^^^^^^^
  File "/home/odoo/src/odoo/odoo/tools/func.py", line 97, in locked
    return func(inst, *args, **kwargs)
           ^^^^^^^^^^^^^^^^^^^^^^^^^^^
  File "/home/odoo/src/odoo/odoo/tools/lru.py", line 33, in __getitem__
    a = self.d[obj]
        ~~~~~~^^^^^
KeyError: 'aguirrex-sirius-odoo'

During handling of the above exception, another exception occurred:

Traceback (most recent call last):
  File "/home/odoo/src/odoo/odoo/addons/base/controllers/rpc.py", line 165, in xmlrpc_2
    response = self._xmlrpc(service)
               ^^^^^^^^^^^^^^^^^^^^^
  File "/home/odoo/src/odoo/odoo/addons/base/controllers/rpc.py", line 139, in _xmlrpc
    result = dispatch_rpc(service, method, params)
             ^^^^^^^^^^^^^^^^^^^^^^^^^^^^^^^^^^^^^
  File "/home/odoo/src/odoo/odoo/http.py", line 398, in dispatch_rpc
    return dispatch(method, params)
           ^^^^^^^^^^^^^^^^^^^^^^^^
  File "/home/odoo/src/odoo/odoo/service/common.py", line 58, in dispatch
    return g[exp_method_name](*params)
           ^^^^^^^^^^^^^^^^^^^^^^^^^^^
  File "/home/odoo/src/odoo/odoo/service/common.py", line 26, in exp_authenticate
    res_users = Registry(db)['res.users']
                ^^^^^^^^^^^^
  File "/home/odoo/src/odoo/odoo/modules/registry.py", line 106, in __new__
    return cls.new(db_name)
           ^^^^^^^^^^^^^^^^
  File "/usr/lib/python3/dist-packages/decorator.py", line 232, in fun
    return caller(func, *(extras + args), **kw)
           ^^^^^^^^^^^^^^^^^^^^^^^^^^^^^^^^^^^^
  File "/home/odoo/src/odoo/odoo/tools/func.py", line 97, in locked
    return func(inst, *args, **kwargs)
           ^^^^^^^^^^^^^^^^^^^^^^^^^^^
  File "/home/odoo/src/odoo/odoo/modules/registry.py", line 114, in new
    registry.init(db_name)
  File "/home/odoo/src/odoo/odoo/modules/registry.py", line 206, in init
    with closing(self.cursor()) as cr:
                 ^^^^^^^^^^^^^
  File "/home/odoo/src/odoo/odoo/modules/registry.py", line 1005, in cursor
    return self._db.cursor()
           ^^^^^^^^^^^^^^^^^
  File "/home/odoo/src/odoo/odoo/sql_db.py", line 785, in cursor
    return Cursor(self.__pool, self.__dbname, self.__dsn)
           ^^^^^^^^^^^^^^^^^^^^^^^^^^^^^^^^^^^^^^^^^^^^^^
  File "/home/odoo/src/odoo/odoo/sql_db.py", line 288, in __init__
    self._cnx = pool.borrow(dsn)
                ^^^^^^^^^^^^^^^^
  File "/usr/lib/python3/dist-packages/decorator.py", line 232, in fun
    return caller(func, *(extras + args), **kw)
           ^^^^^^^^^^^^^^^^^^^^^^^^^^^^^^^^^^^^
  File "/home/odoo/src/odoo/odoo/tools/func.py", line 97, in locked
    return func(inst, *args, **kwargs)
           ^^^^^^^^^^^^^^^^^^^^^^^^^^^
  File "/home/odoo/src/odoo/odoo/sql_db.py", line 712, in borrow
    result = psycopg2.connect(
             ^^^^^^^^^^^^^^^^^
  File "/usr/lib/python3/dist-packages/psycopg2/__init__.py", line 122, in connect
    conn = _connect(dsn, connection_factory=connection_factory, **kwasync)
           ^^^^^^^^^^^^^^^^^^^^^^^^^^^^^^^^^^^^^^^^^^^^^^^^^^^^^^^^^^^^^^^
psycopg2.OperationalError: connection to server at "192.168.1.1", port 5432 failed: FATAL:  database "aguirrex-sirius-odoo" does not exist

Traceback (most recent call last):
  File "/home/josefdc/hackathon_odoo/mcp_odoo_fresh/mcp_odoo_server.py", line 86, in get_odoo_connection_details
    uid = common.authenticate(ODOO_DB, ODOO_USER, ODOO_PASSWORD, {})
          ^^^^^^^^^^^^^^^^^^^^^^^^^^^^^^^^^^^^^^^^^^^^^^^^^^^^^^^^^^
  File "/home/josefdc/miniconda3/lib/python3.12/xmlrpc/client.py", line 1122, in __call__
    return self.__send(self.__name, args)
           ^^^^^^^^^^^^^^^^^^^^^^^^^^^^^^
  File "/home/josefdc/miniconda3/lib/python3.12/xmlrpc/client.py", line 1461, in __request
    response = self.__transport.request(
               ^^^^^^^^^^^^^^^^^^^^^^^^^
  File "/home/josefdc/miniconda3/lib/python3.12/xmlrpc/client.py", line 1166, in request
    return self.single_request(host, handler, request_body, verbose)
           ^^^^^^^^^^^^^^^^^^^^^^^^^^^^^^^^^^^^^^^^^^^^^^^^^^^^^^^^^
  File "/home/josefdc/miniconda3/lib/python3.12/xmlrpc/client.py", line 1182, in single_request
    return self.parse_response(resp)
           ^^^^^^^^^^^^^^^^^^^^^^^^^
  File "/home/josefdc/miniconda3/lib/python3.12/xmlrpc/client.py", line 1351, in parse_response
    return u.close()
           ^^^^^^^^^
  File "/home/josefdc/miniconda3/lib/python3.12/xmlrpc/client.py", line 668, in close
    raise Fault(**self._stack[0])
xmlrpc.client.Fault: <Fault 1: 'Traceback (most recent call last):\n  File "/home/odoo/src/odoo/odoo/modules/registry.py", line 104, in __new__\n    return cls.registries[db_name]\n           ~~~~~~~~~~~~~~^^^^^^^^^\n  File "/usr/lib/python3/dist-packages/decorator.py", line 232, in fun\n    return caller(func, *(extras + args), **kw)\n           ^^^^^^^^^^^^^^^^^^^^^^^^^^^^^^^^^^^^\n  File "/home/odoo/src/odoo/odoo/tools/func.py", line 97, in locked\n    return func(inst, *args, **kwargs)\n           ^^^^^^^^^^^^^^^^^^^^^^^^^^^\n  File "/home/odoo/src/odoo/odoo/tools/lru.py", line 33, in __getitem__\n    a = self.d[obj]\n        ~~~~~~^^^^^\nKeyError: \'aguirrex-sirius-odoo\'\n\nDuring handling of the above exception, another exception occurred:\n\nTraceback (most recent call last):\n  File "/home/odoo/src/odoo/odoo/addons/base/controllers/rpc.py", line 165, in xmlrpc_2\n    response = self._xmlrpc(service)\n               ^^^^^^^^^^^^^^^^^^^^^\n  File "/home/odoo/src/odoo/odoo/addons/base/controllers/rpc.py", line 139, in _xmlrpc\n    result = dispatch_rpc(service, method, params)\n             ^^^^^^^^^^^^^^^^^^^^^^^^^^^^^^^^^^^^^\n  File "/home/odoo/src/odoo/odoo/http.py", line 398, in dispatch_rpc\n    return dispatch(method, params)\n           ^^^^^^^^^^^^^^^^^^^^^^^^\n  File "/home/odoo/src/odoo/odoo/service/common.py", line 58, in dispatch\n    return g[exp_method_name](*params)\n           ^^^^^^^^^^^^^^^^^^^^^^^^^^^\n  File "/home/odoo/src/odoo/odoo/service/common.py", line 26, in exp_authenticate\n    res_users = Registry(db)[\'res.users\']\n                ^^^^^^^^^^^^\n  File "/home/odoo/src/odoo/odoo/modules/registry.py", line 106, in __new__\n    return cls.new(db_name)\n           ^^^^^^^^^^^^^^^^\n  File "/usr/lib/python3/dist-packages/decorator.py", line 232, in fun\n    return caller(func, *(extras + args), **kw)\n           ^^^^^^^^^^^^^^^^^^^^^^^^^^^^^^^^^^^^\n  File "/home/odoo/src/odoo/odoo/tools/func.py", line 97, in locked\n    return func(inst, *args, **kwargs)\n           ^^^^^^^^^^^^^^^^^^^^^^^^^^^\n  File "/home/odoo/src/odoo/odoo/modules/registry.py", line 114, in new\n    registry.init(db_name)\n  File "/home/odoo/src/odoo/odoo/modules/registry.py", line 206, in init\n    with closing(self.cursor()) as cr:\n                 ^^^^^^^^^^^^^\n  File "/home/odoo/src/odoo/odoo/modules/registry.py", line 1005, in cursor\n    return self._db.cursor()\n           ^^^^^^^^^^^^^^^^^\n  File "/home/odoo/src/odoo/odoo/sql_db.py", line 785, in cursor\n    return Cursor(self.__pool, self.__dbname, self.__dsn)\n           ^^^^^^^^^^^^^^^^^^^^^^^^^^^^^^^^^^^^^^^^^^^^^^\n  File "/home/odoo/src/odoo/odoo/sql_db.py", line 288, in __init__\n    self._cnx = pool.borrow(dsn)\n                ^^^^^^^^^^^^^^^^\n  File "/usr/lib/python3/dist-packages/decorator.py", line 232, in fun\n    return caller(func, *(extras + args), **kw)\n           ^^^^^^^^^^^^^^^^^^^^^^^^^^^^^^^^^^^^\n  File "/home/odoo/src/odoo/odoo/tools/func.py", line 97, in locked\n    return func(inst, *args, **kwargs)\n           ^^^^^^^^^^^^^^^^^^^^^^^^^^^\n  File "/home/odoo/src/odoo/odoo/sql_db.py", line 712, in borrow\n    result = psycopg2.connect(\n             ^^^^^^^^^^^^^^^^^\n  File "/usr/lib/python3/dist-packages/psycopg2/__init__.py", line 122, in connect\n    conn = _connect(dsn, connection_factory=connection_factory, **kwasync)\n           ^^^^^^^^^^^^^^^^^^^^^^^^^^^^^^^^^^^^^^^^^^^^^^^^^^^^^^^^^^^^^^^\npsycopg2.OperationalError: connection to server at "192.168.1.1", port 5432 failed: FATAL:  database "aguirrex-sirius-odoo" does not exist\n\n'>
2025-04-09 02:52:39,757 - mcp_odoo_server - ERROR - Verificación inicial de conexión Odoo: FALLÓ. Revisa logs y configuración.
2025-04-09 02:52:39,758 - mcp_odoo_server - INFO - Iniciando el servidor MCP FastMCP en modo stdio...
2025-04-09 02:52:56,800 - mcp_odoo_server - INFO - Iniciando el servidor MCP para Odoo...
2025-04-09 02:52:56,801 - mcp_odoo_server - INFO - Archivo .env cargado desde: /home/josefdc/hackathon_odoo/mcp_odoo_fresh/.env
2025-04-09 02:52:56,801 - mcp_odoo_server - INFO - Variables de entorno de Odoo cargadas y validadas.
2025-04-09 02:52:56,801 - mcp_odoo_server - DEBUG - Configuración Odoo -> URL: https://aguirrex-sirius-odoo.odoo.com, DB: aguirrex-sirius-odoo, User: admin
2025-04-09 02:52:56,805 - mcp_odoo_server - INFO - Instancia de FastMCP<'quindicolor-odoo-agent'> creada.
2025-04-09 02:52:56,821 - mcp_odoo_server - INFO - Ejecutando bloque principal (__name__ == '__main__').
2025-04-09 02:52:56,822 - mcp_odoo_server - INFO - Realizando verificación inicial de conexión a Odoo...
2025-04-09 02:52:56,822 - mcp_odoo_server - DEBUG - Intentando conectar a common: https://aguirrex-sirius-odoo.odoo.com/xmlrpc/2/common
2025-04-09 02:52:57,143 - mcp_odoo_server - DEBUG - Conexión a 'common' exitosa.
2025-04-09 02:52:57,144 - mcp_odoo_server - DEBUG - Autenticando usuario 'admin' en DB 'aguirrex-sirius-odoo'...
2025-04-09 02:52:57,342 - mcp_odoo_server - ERROR - Error XML-RPC Odoo: Fault 1 - Traceback (most recent call last):
  File "/home/odoo/src/odoo/odoo/modules/registry.py", line 104, in __new__
    return cls.registries[db_name]
           ~~~~~~~~~~~~~~^^^^^^^^^
  File "/usr/lib/python3/dist-packages/decorator.py", line 232, in fun
    return caller(func, *(extras + args), **kw)
           ^^^^^^^^^^^^^^^^^^^^^^^^^^^^^^^^^^^^
  File "/home/odoo/src/odoo/odoo/tools/func.py", line 97, in locked
    return func(inst, *args, **kwargs)
           ^^^^^^^^^^^^^^^^^^^^^^^^^^^
  File "/home/odoo/src/odoo/odoo/tools/lru.py", line 33, in __getitem__
    a = self.d[obj]
        ~~~~~~^^^^^
KeyError: 'aguirrex-sirius-odoo'

During handling of the above exception, another exception occurred:

Traceback (most recent call last):
  File "/home/odoo/src/odoo/odoo/addons/base/controllers/rpc.py", line 165, in xmlrpc_2
    response = self._xmlrpc(service)
               ^^^^^^^^^^^^^^^^^^^^^
  File "/home/odoo/src/odoo/odoo/addons/base/controllers/rpc.py", line 139, in _xmlrpc
    result = dispatch_rpc(service, method, params)
             ^^^^^^^^^^^^^^^^^^^^^^^^^^^^^^^^^^^^^
  File "/home/odoo/src/odoo/odoo/http.py", line 398, in dispatch_rpc
    return dispatch(method, params)
           ^^^^^^^^^^^^^^^^^^^^^^^^
  File "/home/odoo/src/odoo/odoo/service/common.py", line 58, in dispatch
    return g[exp_method_name](*params)
           ^^^^^^^^^^^^^^^^^^^^^^^^^^^
  File "/home/odoo/src/odoo/odoo/service/common.py", line 26, in exp_authenticate
    res_users = Registry(db)['res.users']
                ^^^^^^^^^^^^
  File "/home/odoo/src/odoo/odoo/modules/registry.py", line 106, in __new__
    return cls.new(db_name)
           ^^^^^^^^^^^^^^^^
  File "/usr/lib/python3/dist-packages/decorator.py", line 232, in fun
    return caller(func, *(extras + args), **kw)
           ^^^^^^^^^^^^^^^^^^^^^^^^^^^^^^^^^^^^
  File "/home/odoo/src/odoo/odoo/tools/func.py", line 97, in locked
    return func(inst, *args, **kwargs)
           ^^^^^^^^^^^^^^^^^^^^^^^^^^^
  File "/home/odoo/src/odoo/odoo/modules/registry.py", line 114, in new
    registry.init(db_name)
  File "/home/odoo/src/odoo/odoo/modules/registry.py", line 206, in init
    with closing(self.cursor()) as cr:
                 ^^^^^^^^^^^^^
  File "/home/odoo/src/odoo/odoo/modules/registry.py", line 1005, in cursor
    return self._db.cursor()
           ^^^^^^^^^^^^^^^^^
  File "/home/odoo/src/odoo/odoo/sql_db.py", line 785, in cursor
    return Cursor(self.__pool, self.__dbname, self.__dsn)
           ^^^^^^^^^^^^^^^^^^^^^^^^^^^^^^^^^^^^^^^^^^^^^^
  File "/home/odoo/src/odoo/odoo/sql_db.py", line 288, in __init__
    self._cnx = pool.borrow(dsn)
                ^^^^^^^^^^^^^^^^
  File "/usr/lib/python3/dist-packages/decorator.py", line 232, in fun
    return caller(func, *(extras + args), **kw)
           ^^^^^^^^^^^^^^^^^^^^^^^^^^^^^^^^^^^^
  File "/home/odoo/src/odoo/odoo/tools/func.py", line 97, in locked
    return func(inst, *args, **kwargs)
           ^^^^^^^^^^^^^^^^^^^^^^^^^^^
  File "/home/odoo/src/odoo/odoo/sql_db.py", line 712, in borrow
    result = psycopg2.connect(
             ^^^^^^^^^^^^^^^^^
  File "/usr/lib/python3/dist-packages/psycopg2/__init__.py", line 122, in connect
    conn = _connect(dsn, connection_factory=connection_factory, **kwasync)
           ^^^^^^^^^^^^^^^^^^^^^^^^^^^^^^^^^^^^^^^^^^^^^^^^^^^^^^^^^^^^^^^
psycopg2.OperationalError: connection to server at "192.168.1.1", port 5432 failed: FATAL:  database "aguirrex-sirius-odoo" does not exist

Traceback (most recent call last):
  File "/home/josefdc/hackathon_odoo/mcp_odoo_fresh/mcp_odoo_server.py", line 86, in get_odoo_connection_details
    uid = common.authenticate(ODOO_DB, ODOO_USER, ODOO_PASSWORD, {})
          ^^^^^^^^^^^^^^^^^^^^^^^^^^^^^^^^^^^^^^^^^^^^^^^^^^^^^^^^^^
  File "/home/josefdc/miniconda3/lib/python3.12/xmlrpc/client.py", line 1122, in __call__
    return self.__send(self.__name, args)
           ^^^^^^^^^^^^^^^^^^^^^^^^^^^^^^
  File "/home/josefdc/miniconda3/lib/python3.12/xmlrpc/client.py", line 1461, in __request
    response = self.__transport.request(
               ^^^^^^^^^^^^^^^^^^^^^^^^^
  File "/home/josefdc/miniconda3/lib/python3.12/xmlrpc/client.py", line 1166, in request
    return self.single_request(host, handler, request_body, verbose)
           ^^^^^^^^^^^^^^^^^^^^^^^^^^^^^^^^^^^^^^^^^^^^^^^^^^^^^^^^^
  File "/home/josefdc/miniconda3/lib/python3.12/xmlrpc/client.py", line 1182, in single_request
    return self.parse_response(resp)
           ^^^^^^^^^^^^^^^^^^^^^^^^^
  File "/home/josefdc/miniconda3/lib/python3.12/xmlrpc/client.py", line 1351, in parse_response
    return u.close()
           ^^^^^^^^^
  File "/home/josefdc/miniconda3/lib/python3.12/xmlrpc/client.py", line 668, in close
    raise Fault(**self._stack[0])
xmlrpc.client.Fault: <Fault 1: 'Traceback (most recent call last):\n  File "/home/odoo/src/odoo/odoo/modules/registry.py", line 104, in __new__\n    return cls.registries[db_name]\n           ~~~~~~~~~~~~~~^^^^^^^^^\n  File "/usr/lib/python3/dist-packages/decorator.py", line 232, in fun\n    return caller(func, *(extras + args), **kw)\n           ^^^^^^^^^^^^^^^^^^^^^^^^^^^^^^^^^^^^\n  File "/home/odoo/src/odoo/odoo/tools/func.py", line 97, in locked\n    return func(inst, *args, **kwargs)\n           ^^^^^^^^^^^^^^^^^^^^^^^^^^^\n  File "/home/odoo/src/odoo/odoo/tools/lru.py", line 33, in __getitem__\n    a = self.d[obj]\n        ~~~~~~^^^^^\nKeyError: \'aguirrex-sirius-odoo\'\n\nDuring handling of the above exception, another exception occurred:\n\nTraceback (most recent call last):\n  File "/home/odoo/src/odoo/odoo/addons/base/controllers/rpc.py", line 165, in xmlrpc_2\n    response = self._xmlrpc(service)\n               ^^^^^^^^^^^^^^^^^^^^^\n  File "/home/odoo/src/odoo/odoo/addons/base/controllers/rpc.py", line 139, in _xmlrpc\n    result = dispatch_rpc(service, method, params)\n             ^^^^^^^^^^^^^^^^^^^^^^^^^^^^^^^^^^^^^\n  File "/home/odoo/src/odoo/odoo/http.py", line 398, in dispatch_rpc\n    return dispatch(method, params)\n           ^^^^^^^^^^^^^^^^^^^^^^^^\n  File "/home/odoo/src/odoo/odoo/service/common.py", line 58, in dispatch\n    return g[exp_method_name](*params)\n           ^^^^^^^^^^^^^^^^^^^^^^^^^^^\n  File "/home/odoo/src/odoo/odoo/service/common.py", line 26, in exp_authenticate\n    res_users = Registry(db)[\'res.users\']\n                ^^^^^^^^^^^^\n  File "/home/odoo/src/odoo/odoo/modules/registry.py", line 106, in __new__\n    return cls.new(db_name)\n           ^^^^^^^^^^^^^^^^\n  File "/usr/lib/python3/dist-packages/decorator.py", line 232, in fun\n    return caller(func, *(extras + args), **kw)\n           ^^^^^^^^^^^^^^^^^^^^^^^^^^^^^^^^^^^^\n  File "/home/odoo/src/odoo/odoo/tools/func.py", line 97, in locked\n    return func(inst, *args, **kwargs)\n           ^^^^^^^^^^^^^^^^^^^^^^^^^^^\n  File "/home/odoo/src/odoo/odoo/modules/registry.py", line 114, in new\n    registry.init(db_name)\n  File "/home/odoo/src/odoo/odoo/modules/registry.py", line 206, in init\n    with closing(self.cursor()) as cr:\n                 ^^^^^^^^^^^^^\n  File "/home/odoo/src/odoo/odoo/modules/registry.py", line 1005, in cursor\n    return self._db.cursor()\n           ^^^^^^^^^^^^^^^^^\n  File "/home/odoo/src/odoo/odoo/sql_db.py", line 785, in cursor\n    return Cursor(self.__pool, self.__dbname, self.__dsn)\n           ^^^^^^^^^^^^^^^^^^^^^^^^^^^^^^^^^^^^^^^^^^^^^^\n  File "/home/odoo/src/odoo/odoo/sql_db.py", line 288, in __init__\n    self._cnx = pool.borrow(dsn)\n                ^^^^^^^^^^^^^^^^\n  File "/usr/lib/python3/dist-packages/decorator.py", line 232, in fun\n    return caller(func, *(extras + args), **kw)\n           ^^^^^^^^^^^^^^^^^^^^^^^^^^^^^^^^^^^^\n  File "/home/odoo/src/odoo/odoo/tools/func.py", line 97, in locked\n    return func(inst, *args, **kwargs)\n           ^^^^^^^^^^^^^^^^^^^^^^^^^^^\n  File "/home/odoo/src/odoo/odoo/sql_db.py", line 712, in borrow\n    result = psycopg2.connect(\n             ^^^^^^^^^^^^^^^^^\n  File "/usr/lib/python3/dist-packages/psycopg2/__init__.py", line 122, in connect\n    conn = _connect(dsn, connection_factory=connection_factory, **kwasync)\n           ^^^^^^^^^^^^^^^^^^^^^^^^^^^^^^^^^^^^^^^^^^^^^^^^^^^^^^^^^^^^^^^\npsycopg2.OperationalError: connection to server at "192.168.1.1", port 5432 failed: FATAL:  database "aguirrex-sirius-odoo" does not exist\n\n'>
2025-04-09 02:52:57,578 - mcp_odoo_server - ERROR - Verificación inicial de conexión Odoo: FALLÓ. Revisa logs y configuración.
2025-04-09 02:52:57,578 - mcp_odoo_server - INFO - Iniciando el servidor MCP FastMCP en modo stdio...
2025-04-09 02:52:58,747 - mcp_odoo_server - INFO - Tool: listar_productos ejecutado.
2025-04-09 02:52:58,748 - mcp_odoo_server - DEBUG - Intentando conectar a common: https://aguirrex-sirius-odoo.odoo.com/xmlrpc/2/common
2025-04-09 02:52:59,052 - mcp_odoo_server - DEBUG - Conexión a 'common' exitosa.
2025-04-09 02:52:59,055 - mcp_odoo_server - DEBUG - Autenticando usuario 'admin' en DB 'aguirrex-sirius-odoo'...
2025-04-09 02:52:59,267 - mcp_odoo_server - ERROR - Error XML-RPC Odoo: Fault 1 - Traceback (most recent call last):
  File "/home/odoo/src/odoo/odoo/modules/registry.py", line 104, in __new__
    return cls.registries[db_name]
           ~~~~~~~~~~~~~~^^^^^^^^^
  File "/usr/lib/python3/dist-packages/decorator.py", line 232, in fun
    return caller(func, *(extras + args), **kw)
           ^^^^^^^^^^^^^^^^^^^^^^^^^^^^^^^^^^^^
  File "/home/odoo/src/odoo/odoo/tools/func.py", line 97, in locked
    return func(inst, *args, **kwargs)
           ^^^^^^^^^^^^^^^^^^^^^^^^^^^
  File "/home/odoo/src/odoo/odoo/tools/lru.py", line 33, in __getitem__
    a = self.d[obj]
        ~~~~~~^^^^^
KeyError: 'aguirrex-sirius-odoo'

During handling of the above exception, another exception occurred:

Traceback (most recent call last):
  File "/home/odoo/src/odoo/odoo/addons/base/controllers/rpc.py", line 165, in xmlrpc_2
    response = self._xmlrpc(service)
               ^^^^^^^^^^^^^^^^^^^^^
  File "/home/odoo/src/odoo/odoo/addons/base/controllers/rpc.py", line 139, in _xmlrpc
    result = dispatch_rpc(service, method, params)
             ^^^^^^^^^^^^^^^^^^^^^^^^^^^^^^^^^^^^^
  File "/home/odoo/src/odoo/odoo/http.py", line 398, in dispatch_rpc
    return dispatch(method, params)
           ^^^^^^^^^^^^^^^^^^^^^^^^
  File "/home/odoo/src/odoo/odoo/service/common.py", line 58, in dispatch
    return g[exp_method_name](*params)
           ^^^^^^^^^^^^^^^^^^^^^^^^^^^
  File "/home/odoo/src/odoo/odoo/service/common.py", line 26, in exp_authenticate
    res_users = Registry(db)['res.users']
                ^^^^^^^^^^^^
  File "/home/odoo/src/odoo/odoo/modules/registry.py", line 106, in __new__
    return cls.new(db_name)
           ^^^^^^^^^^^^^^^^
  File "/usr/lib/python3/dist-packages/decorator.py", line 232, in fun
    return caller(func, *(extras + args), **kw)
           ^^^^^^^^^^^^^^^^^^^^^^^^^^^^^^^^^^^^
  File "/home/odoo/src/odoo/odoo/tools/func.py", line 97, in locked
    return func(inst, *args, **kwargs)
           ^^^^^^^^^^^^^^^^^^^^^^^^^^^
  File "/home/odoo/src/odoo/odoo/modules/registry.py", line 114, in new
    registry.init(db_name)
  File "/home/odoo/src/odoo/odoo/modules/registry.py", line 206, in init
    with closing(self.cursor()) as cr:
                 ^^^^^^^^^^^^^
  File "/home/odoo/src/odoo/odoo/modules/registry.py", line 1005, in cursor
    return self._db.cursor()
           ^^^^^^^^^^^^^^^^^
  File "/home/odoo/src/odoo/odoo/sql_db.py", line 785, in cursor
    return Cursor(self.__pool, self.__dbname, self.__dsn)
           ^^^^^^^^^^^^^^^^^^^^^^^^^^^^^^^^^^^^^^^^^^^^^^
  File "/home/odoo/src/odoo/odoo/sql_db.py", line 288, in __init__
    self._cnx = pool.borrow(dsn)
                ^^^^^^^^^^^^^^^^
  File "/usr/lib/python3/dist-packages/decorator.py", line 232, in fun
    return caller(func, *(extras + args), **kw)
           ^^^^^^^^^^^^^^^^^^^^^^^^^^^^^^^^^^^^
  File "/home/odoo/src/odoo/odoo/tools/func.py", line 97, in locked
    return func(inst, *args, **kwargs)
           ^^^^^^^^^^^^^^^^^^^^^^^^^^^
  File "/home/odoo/src/odoo/odoo/sql_db.py", line 712, in borrow
    result = psycopg2.connect(
             ^^^^^^^^^^^^^^^^^
  File "/usr/lib/python3/dist-packages/psycopg2/__init__.py", line 122, in connect
    conn = _connect(dsn, connection_factory=connection_factory, **kwasync)
           ^^^^^^^^^^^^^^^^^^^^^^^^^^^^^^^^^^^^^^^^^^^^^^^^^^^^^^^^^^^^^^^
psycopg2.OperationalError: connection to server at "192.168.1.1", port 5432 failed: FATAL:  database "aguirrex-sirius-odoo" does not exist

Traceback (most recent call last):
  File "/home/josefdc/hackathon_odoo/mcp_odoo_fresh/mcp_odoo_server.py", line 86, in get_odoo_connection_details
    uid = common.authenticate(ODOO_DB, ODOO_USER, ODOO_PASSWORD, {})
          ^^^^^^^^^^^^^^^^^^^^^^^^^^^^^^^^^^^^^^^^^^^^^^^^^^^^^^^^^^
  File "/home/josefdc/miniconda3/lib/python3.12/xmlrpc/client.py", line 1122, in __call__
    return self.__send(self.__name, args)
           ^^^^^^^^^^^^^^^^^^^^^^^^^^^^^^
  File "/home/josefdc/miniconda3/lib/python3.12/xmlrpc/client.py", line 1461, in __request
    response = self.__transport.request(
               ^^^^^^^^^^^^^^^^^^^^^^^^^
  File "/home/josefdc/miniconda3/lib/python3.12/xmlrpc/client.py", line 1166, in request
    return self.single_request(host, handler, request_body, verbose)
           ^^^^^^^^^^^^^^^^^^^^^^^^^^^^^^^^^^^^^^^^^^^^^^^^^^^^^^^^^
  File "/home/josefdc/miniconda3/lib/python3.12/xmlrpc/client.py", line 1182, in single_request
    return self.parse_response(resp)
           ^^^^^^^^^^^^^^^^^^^^^^^^^
  File "/home/josefdc/miniconda3/lib/python3.12/xmlrpc/client.py", line 1351, in parse_response
    return u.close()
           ^^^^^^^^^
  File "/home/josefdc/miniconda3/lib/python3.12/xmlrpc/client.py", line 668, in close
    raise Fault(**self._stack[0])
xmlrpc.client.Fault: <Fault 1: 'Traceback (most recent call last):\n  File "/home/odoo/src/odoo/odoo/modules/registry.py", line 104, in __new__\n    return cls.registries[db_name]\n           ~~~~~~~~~~~~~~^^^^^^^^^\n  File "/usr/lib/python3/dist-packages/decorator.py", line 232, in fun\n    return caller(func, *(extras + args), **kw)\n           ^^^^^^^^^^^^^^^^^^^^^^^^^^^^^^^^^^^^\n  File "/home/odoo/src/odoo/odoo/tools/func.py", line 97, in locked\n    return func(inst, *args, **kwargs)\n           ^^^^^^^^^^^^^^^^^^^^^^^^^^^\n  File "/home/odoo/src/odoo/odoo/tools/lru.py", line 33, in __getitem__\n    a = self.d[obj]\n        ~~~~~~^^^^^\nKeyError: \'aguirrex-sirius-odoo\'\n\nDuring handling of the above exception, another exception occurred:\n\nTraceback (most recent call last):\n  File "/home/odoo/src/odoo/odoo/addons/base/controllers/rpc.py", line 165, in xmlrpc_2\n    response = self._xmlrpc(service)\n               ^^^^^^^^^^^^^^^^^^^^^\n  File "/home/odoo/src/odoo/odoo/addons/base/controllers/rpc.py", line 139, in _xmlrpc\n    result = dispatch_rpc(service, method, params)\n             ^^^^^^^^^^^^^^^^^^^^^^^^^^^^^^^^^^^^^\n  File "/home/odoo/src/odoo/odoo/http.py", line 398, in dispatch_rpc\n    return dispatch(method, params)\n           ^^^^^^^^^^^^^^^^^^^^^^^^\n  File "/home/odoo/src/odoo/odoo/service/common.py", line 58, in dispatch\n    return g[exp_method_name](*params)\n           ^^^^^^^^^^^^^^^^^^^^^^^^^^^\n  File "/home/odoo/src/odoo/odoo/service/common.py", line 26, in exp_authenticate\n    res_users = Registry(db)[\'res.users\']\n                ^^^^^^^^^^^^\n  File "/home/odoo/src/odoo/odoo/modules/registry.py", line 106, in __new__\n    return cls.new(db_name)\n           ^^^^^^^^^^^^^^^^\n  File "/usr/lib/python3/dist-packages/decorator.py", line 232, in fun\n    return caller(func, *(extras + args), **kw)\n           ^^^^^^^^^^^^^^^^^^^^^^^^^^^^^^^^^^^^\n  File "/home/odoo/src/odoo/odoo/tools/func.py", line 97, in locked\n    return func(inst, *args, **kwargs)\n           ^^^^^^^^^^^^^^^^^^^^^^^^^^^\n  File "/home/odoo/src/odoo/odoo/modules/registry.py", line 114, in new\n    registry.init(db_name)\n  File "/home/odoo/src/odoo/odoo/modules/registry.py", line 206, in init\n    with closing(self.cursor()) as cr:\n                 ^^^^^^^^^^^^^\n  File "/home/odoo/src/odoo/odoo/modules/registry.py", line 1005, in cursor\n    return self._db.cursor()\n           ^^^^^^^^^^^^^^^^^\n  File "/home/odoo/src/odoo/odoo/sql_db.py", line 785, in cursor\n    return Cursor(self.__pool, self.__dbname, self.__dsn)\n           ^^^^^^^^^^^^^^^^^^^^^^^^^^^^^^^^^^^^^^^^^^^^^^\n  File "/home/odoo/src/odoo/odoo/sql_db.py", line 288, in __init__\n    self._cnx = pool.borrow(dsn)\n                ^^^^^^^^^^^^^^^^\n  File "/usr/lib/python3/dist-packages/decorator.py", line 232, in fun\n    return caller(func, *(extras + args), **kw)\n           ^^^^^^^^^^^^^^^^^^^^^^^^^^^^^^^^^^^^\n  File "/home/odoo/src/odoo/odoo/tools/func.py", line 97, in locked\n    return func(inst, *args, **kwargs)\n           ^^^^^^^^^^^^^^^^^^^^^^^^^^^\n  File "/home/odoo/src/odoo/odoo/sql_db.py", line 712, in borrow\n    result = psycopg2.connect(\n             ^^^^^^^^^^^^^^^^^\n  File "/usr/lib/python3/dist-packages/psycopg2/__init__.py", line 122, in connect\n    conn = _connect(dsn, connection_factory=connection_factory, **kwasync)\n           ^^^^^^^^^^^^^^^^^^^^^^^^^^^^^^^^^^^^^^^^^^^^^^^^^^^^^^^^^^^^^^^\npsycopg2.OperationalError: connection to server at "192.168.1.1", port 5432 failed: FATAL:  database "aguirrex-sirius-odoo" does not exist\n\n'>
2025-04-09 02:53:59,761 - mcp_odoo_server - INFO - Iniciando el servidor MCP para Odoo...
2025-04-09 02:53:59,761 - mcp_odoo_server - INFO - Archivo .env cargado desde: /home/josefdc/hackathon_odoo/mcp_odoo_fresh/.env
2025-04-09 02:53:59,761 - mcp_odoo_server - INFO - Variables de entorno de Odoo cargadas y validadas.
2025-04-09 02:53:59,762 - mcp_odoo_server - DEBUG - Configuración Odoo -> URL: https://aguirrex-sirius-odoo.odoo.com, DB: aguirrex-sirius-odoo, User: Administrador
2025-04-09 02:53:59,765 - mcp_odoo_server - INFO - Instancia de FastMCP<'quindicolor-odoo-agent'> creada.
2025-04-09 02:53:59,779 - mcp_odoo_server - INFO - Ejecutando bloque principal (__name__ == '__main__').
2025-04-09 02:53:59,780 - mcp_odoo_server - INFO - Realizando verificación inicial de conexión a Odoo...
2025-04-09 02:53:59,781 - mcp_odoo_server - DEBUG - Intentando conectar a common: https://aguirrex-sirius-odoo.odoo.com/xmlrpc/2/common
2025-04-09 02:54:00,062 - mcp_odoo_server - DEBUG - Conexión a 'common' exitosa.
2025-04-09 02:54:00,065 - mcp_odoo_server - DEBUG - Autenticando usuario 'Administrador' en DB 'aguirrex-sirius-odoo'...
2025-04-09 02:54:00,271 - mcp_odoo_server - ERROR - Error XML-RPC Odoo: Fault 1 - Traceback (most recent call last):
  File "/home/odoo/src/odoo/odoo/modules/registry.py", line 104, in __new__
    return cls.registries[db_name]
           ~~~~~~~~~~~~~~^^^^^^^^^
  File "/usr/lib/python3/dist-packages/decorator.py", line 232, in fun
    return caller(func, *(extras + args), **kw)
           ^^^^^^^^^^^^^^^^^^^^^^^^^^^^^^^^^^^^
  File "/home/odoo/src/odoo/odoo/tools/func.py", line 97, in locked
    return func(inst, *args, **kwargs)
           ^^^^^^^^^^^^^^^^^^^^^^^^^^^
  File "/home/odoo/src/odoo/odoo/tools/lru.py", line 33, in __getitem__
    a = self.d[obj]
        ~~~~~~^^^^^
KeyError: 'aguirrex-sirius-odoo'

During handling of the above exception, another exception occurred:

Traceback (most recent call last):
  File "/home/odoo/src/odoo/odoo/addons/base/controllers/rpc.py", line 165, in xmlrpc_2
    response = self._xmlrpc(service)
               ^^^^^^^^^^^^^^^^^^^^^
  File "/home/odoo/src/odoo/odoo/addons/base/controllers/rpc.py", line 139, in _xmlrpc
    result = dispatch_rpc(service, method, params)
             ^^^^^^^^^^^^^^^^^^^^^^^^^^^^^^^^^^^^^
  File "/home/odoo/src/odoo/odoo/http.py", line 398, in dispatch_rpc
    return dispatch(method, params)
           ^^^^^^^^^^^^^^^^^^^^^^^^
  File "/home/odoo/src/odoo/odoo/service/common.py", line 58, in dispatch
    return g[exp_method_name](*params)
           ^^^^^^^^^^^^^^^^^^^^^^^^^^^
  File "/home/odoo/src/odoo/odoo/service/common.py", line 26, in exp_authenticate
    res_users = Registry(db)['res.users']
                ^^^^^^^^^^^^
  File "/home/odoo/src/odoo/odoo/modules/registry.py", line 106, in __new__
    return cls.new(db_name)
           ^^^^^^^^^^^^^^^^
  File "/usr/lib/python3/dist-packages/decorator.py", line 232, in fun
    return caller(func, *(extras + args), **kw)
           ^^^^^^^^^^^^^^^^^^^^^^^^^^^^^^^^^^^^
  File "/home/odoo/src/odoo/odoo/tools/func.py", line 97, in locked
    return func(inst, *args, **kwargs)
           ^^^^^^^^^^^^^^^^^^^^^^^^^^^
  File "/home/odoo/src/odoo/odoo/modules/registry.py", line 114, in new
    registry.init(db_name)
  File "/home/odoo/src/odoo/odoo/modules/registry.py", line 206, in init
    with closing(self.cursor()) as cr:
                 ^^^^^^^^^^^^^
  File "/home/odoo/src/odoo/odoo/modules/registry.py", line 1005, in cursor
    return self._db.cursor()
           ^^^^^^^^^^^^^^^^^
  File "/home/odoo/src/odoo/odoo/sql_db.py", line 785, in cursor
    return Cursor(self.__pool, self.__dbname, self.__dsn)
           ^^^^^^^^^^^^^^^^^^^^^^^^^^^^^^^^^^^^^^^^^^^^^^
  File "/home/odoo/src/odoo/odoo/sql_db.py", line 288, in __init__
    self._cnx = pool.borrow(dsn)
                ^^^^^^^^^^^^^^^^
  File "/usr/lib/python3/dist-packages/decorator.py", line 232, in fun
    return caller(func, *(extras + args), **kw)
           ^^^^^^^^^^^^^^^^^^^^^^^^^^^^^^^^^^^^
  File "/home/odoo/src/odoo/odoo/tools/func.py", line 97, in locked
    return func(inst, *args, **kwargs)
           ^^^^^^^^^^^^^^^^^^^^^^^^^^^
  File "/home/odoo/src/odoo/odoo/sql_db.py", line 712, in borrow
    result = psycopg2.connect(
             ^^^^^^^^^^^^^^^^^
  File "/usr/lib/python3/dist-packages/psycopg2/__init__.py", line 122, in connect
    conn = _connect(dsn, connection_factory=connection_factory, **kwasync)
           ^^^^^^^^^^^^^^^^^^^^^^^^^^^^^^^^^^^^^^^^^^^^^^^^^^^^^^^^^^^^^^^
psycopg2.OperationalError: connection to server at "192.168.1.1", port 5432 failed: FATAL:  database "aguirrex-sirius-odoo" does not exist

Traceback (most recent call last):
  File "/home/josefdc/hackathon_odoo/mcp_odoo_fresh/mcp_odoo_server.py", line 86, in get_odoo_connection_details
    uid = common.authenticate(ODOO_DB, ODOO_USER, ODOO_PASSWORD, {})
          ^^^^^^^^^^^^^^^^^^^^^^^^^^^^^^^^^^^^^^^^^^^^^^^^^^^^^^^^^^
  File "/home/josefdc/miniconda3/lib/python3.12/xmlrpc/client.py", line 1122, in __call__
    return self.__send(self.__name, args)
           ^^^^^^^^^^^^^^^^^^^^^^^^^^^^^^
  File "/home/josefdc/miniconda3/lib/python3.12/xmlrpc/client.py", line 1461, in __request
    response = self.__transport.request(
               ^^^^^^^^^^^^^^^^^^^^^^^^^
  File "/home/josefdc/miniconda3/lib/python3.12/xmlrpc/client.py", line 1166, in request
    return self.single_request(host, handler, request_body, verbose)
           ^^^^^^^^^^^^^^^^^^^^^^^^^^^^^^^^^^^^^^^^^^^^^^^^^^^^^^^^^
  File "/home/josefdc/miniconda3/lib/python3.12/xmlrpc/client.py", line 1182, in single_request
    return self.parse_response(resp)
           ^^^^^^^^^^^^^^^^^^^^^^^^^
  File "/home/josefdc/miniconda3/lib/python3.12/xmlrpc/client.py", line 1351, in parse_response
    return u.close()
           ^^^^^^^^^
  File "/home/josefdc/miniconda3/lib/python3.12/xmlrpc/client.py", line 668, in close
    raise Fault(**self._stack[0])
xmlrpc.client.Fault: <Fault 1: 'Traceback (most recent call last):\n  File "/home/odoo/src/odoo/odoo/modules/registry.py", line 104, in __new__\n    return cls.registries[db_name]\n           ~~~~~~~~~~~~~~^^^^^^^^^\n  File "/usr/lib/python3/dist-packages/decorator.py", line 232, in fun\n    return caller(func, *(extras + args), **kw)\n           ^^^^^^^^^^^^^^^^^^^^^^^^^^^^^^^^^^^^\n  File "/home/odoo/src/odoo/odoo/tools/func.py", line 97, in locked\n    return func(inst, *args, **kwargs)\n           ^^^^^^^^^^^^^^^^^^^^^^^^^^^\n  File "/home/odoo/src/odoo/odoo/tools/lru.py", line 33, in __getitem__\n    a = self.d[obj]\n        ~~~~~~^^^^^\nKeyError: \'aguirrex-sirius-odoo\'\n\nDuring handling of the above exception, another exception occurred:\n\nTraceback (most recent call last):\n  File "/home/odoo/src/odoo/odoo/addons/base/controllers/rpc.py", line 165, in xmlrpc_2\n    response = self._xmlrpc(service)\n               ^^^^^^^^^^^^^^^^^^^^^\n  File "/home/odoo/src/odoo/odoo/addons/base/controllers/rpc.py", line 139, in _xmlrpc\n    result = dispatch_rpc(service, method, params)\n             ^^^^^^^^^^^^^^^^^^^^^^^^^^^^^^^^^^^^^\n  File "/home/odoo/src/odoo/odoo/http.py", line 398, in dispatch_rpc\n    return dispatch(method, params)\n           ^^^^^^^^^^^^^^^^^^^^^^^^\n  File "/home/odoo/src/odoo/odoo/service/common.py", line 58, in dispatch\n    return g[exp_method_name](*params)\n           ^^^^^^^^^^^^^^^^^^^^^^^^^^^\n  File "/home/odoo/src/odoo/odoo/service/common.py", line 26, in exp_authenticate\n    res_users = Registry(db)[\'res.users\']\n                ^^^^^^^^^^^^\n  File "/home/odoo/src/odoo/odoo/modules/registry.py", line 106, in __new__\n    return cls.new(db_name)\n           ^^^^^^^^^^^^^^^^\n  File "/usr/lib/python3/dist-packages/decorator.py", line 232, in fun\n    return caller(func, *(extras + args), **kw)\n           ^^^^^^^^^^^^^^^^^^^^^^^^^^^^^^^^^^^^\n  File "/home/odoo/src/odoo/odoo/tools/func.py", line 97, in locked\n    return func(inst, *args, **kwargs)\n           ^^^^^^^^^^^^^^^^^^^^^^^^^^^\n  File "/home/odoo/src/odoo/odoo/modules/registry.py", line 114, in new\n    registry.init(db_name)\n  File "/home/odoo/src/odoo/odoo/modules/registry.py", line 206, in init\n    with closing(self.cursor()) as cr:\n                 ^^^^^^^^^^^^^\n  File "/home/odoo/src/odoo/odoo/modules/registry.py", line 1005, in cursor\n    return self._db.cursor()\n           ^^^^^^^^^^^^^^^^^\n  File "/home/odoo/src/odoo/odoo/sql_db.py", line 785, in cursor\n    return Cursor(self.__pool, self.__dbname, self.__dsn)\n           ^^^^^^^^^^^^^^^^^^^^^^^^^^^^^^^^^^^^^^^^^^^^^^\n  File "/home/odoo/src/odoo/odoo/sql_db.py", line 288, in __init__\n    self._cnx = pool.borrow(dsn)\n                ^^^^^^^^^^^^^^^^\n  File "/usr/lib/python3/dist-packages/decorator.py", line 232, in fun\n    return caller(func, *(extras + args), **kw)\n           ^^^^^^^^^^^^^^^^^^^^^^^^^^^^^^^^^^^^\n  File "/home/odoo/src/odoo/odoo/tools/func.py", line 97, in locked\n    return func(inst, *args, **kwargs)\n           ^^^^^^^^^^^^^^^^^^^^^^^^^^^\n  File "/home/odoo/src/odoo/odoo/sql_db.py", line 712, in borrow\n    result = psycopg2.connect(\n             ^^^^^^^^^^^^^^^^^\n  File "/usr/lib/python3/dist-packages/psycopg2/__init__.py", line 122, in connect\n    conn = _connect(dsn, connection_factory=connection_factory, **kwasync)\n           ^^^^^^^^^^^^^^^^^^^^^^^^^^^^^^^^^^^^^^^^^^^^^^^^^^^^^^^^^^^^^^^\npsycopg2.OperationalError: connection to server at "192.168.1.1", port 5432 failed: FATAL:  database "aguirrex-sirius-odoo" does not exist\n\n'>
2025-04-09 02:54:00,513 - mcp_odoo_server - ERROR - Verificación inicial de conexión Odoo: FALLÓ. Revisa logs y configuración.
2025-04-09 02:54:00,514 - mcp_odoo_server - INFO - Iniciando el servidor MCP FastMCP en modo stdio...
2025-04-09 02:54:19,315 - mcp_odoo_server - INFO - Iniciando el servidor MCP para Odoo...
2025-04-09 02:54:19,316 - mcp_odoo_server - INFO - Archivo .env cargado desde: /home/josefdc/hackathon_odoo/mcp_odoo_fresh/.env
2025-04-09 02:54:19,316 - mcp_odoo_server - INFO - Variables de entorno de Odoo cargadas y validadas.
2025-04-09 02:54:19,316 - mcp_odoo_server - DEBUG - Configuración Odoo -> URL: https://aguirrex-sirius-odoo.odoo.com, DB: aguirrex-sirius-odoo, User: Administrador
2025-04-09 02:54:19,320 - mcp_odoo_server - INFO - Instancia de FastMCP<'quindicolor-odoo-agent'> creada.
2025-04-09 02:54:19,333 - mcp_odoo_server - INFO - Ejecutando bloque principal (__name__ == '__main__').
2025-04-09 02:54:19,334 - mcp_odoo_server - INFO - Realizando verificación inicial de conexión a Odoo...
2025-04-09 02:54:19,335 - mcp_odoo_server - DEBUG - Intentando conectar a common: https://aguirrex-sirius-odoo.odoo.com/xmlrpc/2/common
2025-04-09 02:54:19,614 - mcp_odoo_server - DEBUG - Conexión a 'common' exitosa.
2025-04-09 02:54:19,617 - mcp_odoo_server - DEBUG - Autenticando usuario 'Administrador' en DB 'aguirrex-sirius-odoo'...
2025-04-09 02:54:19,823 - mcp_odoo_server - ERROR - Error XML-RPC Odoo: Fault 1 - Traceback (most recent call last):
  File "/home/odoo/src/odoo/odoo/modules/registry.py", line 104, in __new__
    return cls.registries[db_name]
           ~~~~~~~~~~~~~~^^^^^^^^^
  File "/usr/lib/python3/dist-packages/decorator.py", line 232, in fun
    return caller(func, *(extras + args), **kw)
           ^^^^^^^^^^^^^^^^^^^^^^^^^^^^^^^^^^^^
  File "/home/odoo/src/odoo/odoo/tools/func.py", line 97, in locked
    return func(inst, *args, **kwargs)
           ^^^^^^^^^^^^^^^^^^^^^^^^^^^
  File "/home/odoo/src/odoo/odoo/tools/lru.py", line 33, in __getitem__
    a = self.d[obj]
        ~~~~~~^^^^^
KeyError: 'aguirrex-sirius-odoo'

During handling of the above exception, another exception occurred:

Traceback (most recent call last):
  File "/home/odoo/src/odoo/odoo/addons/base/controllers/rpc.py", line 165, in xmlrpc_2
    response = self._xmlrpc(service)
               ^^^^^^^^^^^^^^^^^^^^^
  File "/home/odoo/src/odoo/odoo/addons/base/controllers/rpc.py", line 139, in _xmlrpc
    result = dispatch_rpc(service, method, params)
             ^^^^^^^^^^^^^^^^^^^^^^^^^^^^^^^^^^^^^
  File "/home/odoo/src/odoo/odoo/http.py", line 398, in dispatch_rpc
    return dispatch(method, params)
           ^^^^^^^^^^^^^^^^^^^^^^^^
  File "/home/odoo/src/odoo/odoo/service/common.py", line 58, in dispatch
    return g[exp_method_name](*params)
           ^^^^^^^^^^^^^^^^^^^^^^^^^^^
  File "/home/odoo/src/odoo/odoo/service/common.py", line 26, in exp_authenticate
    res_users = Registry(db)['res.users']
                ^^^^^^^^^^^^
  File "/home/odoo/src/odoo/odoo/modules/registry.py", line 106, in __new__
    return cls.new(db_name)
           ^^^^^^^^^^^^^^^^
  File "/usr/lib/python3/dist-packages/decorator.py", line 232, in fun
    return caller(func, *(extras + args), **kw)
           ^^^^^^^^^^^^^^^^^^^^^^^^^^^^^^^^^^^^
  File "/home/odoo/src/odoo/odoo/tools/func.py", line 97, in locked
    return func(inst, *args, **kwargs)
           ^^^^^^^^^^^^^^^^^^^^^^^^^^^
  File "/home/odoo/src/odoo/odoo/modules/registry.py", line 114, in new
    registry.init(db_name)
  File "/home/odoo/src/odoo/odoo/modules/registry.py", line 206, in init
    with closing(self.cursor()) as cr:
                 ^^^^^^^^^^^^^
  File "/home/odoo/src/odoo/odoo/modules/registry.py", line 1005, in cursor
    return self._db.cursor()
           ^^^^^^^^^^^^^^^^^
  File "/home/odoo/src/odoo/odoo/sql_db.py", line 785, in cursor
    return Cursor(self.__pool, self.__dbname, self.__dsn)
           ^^^^^^^^^^^^^^^^^^^^^^^^^^^^^^^^^^^^^^^^^^^^^^
  File "/home/odoo/src/odoo/odoo/sql_db.py", line 288, in __init__
    self._cnx = pool.borrow(dsn)
                ^^^^^^^^^^^^^^^^
  File "/usr/lib/python3/dist-packages/decorator.py", line 232, in fun
    return caller(func, *(extras + args), **kw)
           ^^^^^^^^^^^^^^^^^^^^^^^^^^^^^^^^^^^^
  File "/home/odoo/src/odoo/odoo/tools/func.py", line 97, in locked
    return func(inst, *args, **kwargs)
           ^^^^^^^^^^^^^^^^^^^^^^^^^^^
  File "/home/odoo/src/odoo/odoo/sql_db.py", line 712, in borrow
    result = psycopg2.connect(
             ^^^^^^^^^^^^^^^^^
  File "/usr/lib/python3/dist-packages/psycopg2/__init__.py", line 122, in connect
    conn = _connect(dsn, connection_factory=connection_factory, **kwasync)
           ^^^^^^^^^^^^^^^^^^^^^^^^^^^^^^^^^^^^^^^^^^^^^^^^^^^^^^^^^^^^^^^
psycopg2.OperationalError: connection to server at "192.168.1.1", port 5432 failed: FATAL:  database "aguirrex-sirius-odoo" does not exist

Traceback (most recent call last):
  File "/home/josefdc/hackathon_odoo/mcp_odoo_fresh/mcp_odoo_server.py", line 86, in get_odoo_connection_details
    uid = common.authenticate(ODOO_DB, ODOO_USER, ODOO_PASSWORD, {})
          ^^^^^^^^^^^^^^^^^^^^^^^^^^^^^^^^^^^^^^^^^^^^^^^^^^^^^^^^^^
  File "/home/josefdc/miniconda3/lib/python3.12/xmlrpc/client.py", line 1122, in __call__
    return self.__send(self.__name, args)
           ^^^^^^^^^^^^^^^^^^^^^^^^^^^^^^
  File "/home/josefdc/miniconda3/lib/python3.12/xmlrpc/client.py", line 1461, in __request
    response = self.__transport.request(
               ^^^^^^^^^^^^^^^^^^^^^^^^^
  File "/home/josefdc/miniconda3/lib/python3.12/xmlrpc/client.py", line 1166, in request
    return self.single_request(host, handler, request_body, verbose)
           ^^^^^^^^^^^^^^^^^^^^^^^^^^^^^^^^^^^^^^^^^^^^^^^^^^^^^^^^^
  File "/home/josefdc/miniconda3/lib/python3.12/xmlrpc/client.py", line 1182, in single_request
    return self.parse_response(resp)
           ^^^^^^^^^^^^^^^^^^^^^^^^^
  File "/home/josefdc/miniconda3/lib/python3.12/xmlrpc/client.py", line 1351, in parse_response
    return u.close()
           ^^^^^^^^^
  File "/home/josefdc/miniconda3/lib/python3.12/xmlrpc/client.py", line 668, in close
    raise Fault(**self._stack[0])
xmlrpc.client.Fault: <Fault 1: 'Traceback (most recent call last):\n  File "/home/odoo/src/odoo/odoo/modules/registry.py", line 104, in __new__\n    return cls.registries[db_name]\n           ~~~~~~~~~~~~~~^^^^^^^^^\n  File "/usr/lib/python3/dist-packages/decorator.py", line 232, in fun\n    return caller(func, *(extras + args), **kw)\n           ^^^^^^^^^^^^^^^^^^^^^^^^^^^^^^^^^^^^\n  File "/home/odoo/src/odoo/odoo/tools/func.py", line 97, in locked\n    return func(inst, *args, **kwargs)\n           ^^^^^^^^^^^^^^^^^^^^^^^^^^^\n  File "/home/odoo/src/odoo/odoo/tools/lru.py", line 33, in __getitem__\n    a = self.d[obj]\n        ~~~~~~^^^^^\nKeyError: \'aguirrex-sirius-odoo\'\n\nDuring handling of the above exception, another exception occurred:\n\nTraceback (most recent call last):\n  File "/home/odoo/src/odoo/odoo/addons/base/controllers/rpc.py", line 165, in xmlrpc_2\n    response = self._xmlrpc(service)\n               ^^^^^^^^^^^^^^^^^^^^^\n  File "/home/odoo/src/odoo/odoo/addons/base/controllers/rpc.py", line 139, in _xmlrpc\n    result = dispatch_rpc(service, method, params)\n             ^^^^^^^^^^^^^^^^^^^^^^^^^^^^^^^^^^^^^\n  File "/home/odoo/src/odoo/odoo/http.py", line 398, in dispatch_rpc\n    return dispatch(method, params)\n           ^^^^^^^^^^^^^^^^^^^^^^^^\n  File "/home/odoo/src/odoo/odoo/service/common.py", line 58, in dispatch\n    return g[exp_method_name](*params)\n           ^^^^^^^^^^^^^^^^^^^^^^^^^^^\n  File "/home/odoo/src/odoo/odoo/service/common.py", line 26, in exp_authenticate\n    res_users = Registry(db)[\'res.users\']\n                ^^^^^^^^^^^^\n  File "/home/odoo/src/odoo/odoo/modules/registry.py", line 106, in __new__\n    return cls.new(db_name)\n           ^^^^^^^^^^^^^^^^\n  File "/usr/lib/python3/dist-packages/decorator.py", line 232, in fun\n    return caller(func, *(extras + args), **kw)\n           ^^^^^^^^^^^^^^^^^^^^^^^^^^^^^^^^^^^^\n  File "/home/odoo/src/odoo/odoo/tools/func.py", line 97, in locked\n    return func(inst, *args, **kwargs)\n           ^^^^^^^^^^^^^^^^^^^^^^^^^^^\n  File "/home/odoo/src/odoo/odoo/modules/registry.py", line 114, in new\n    registry.init(db_name)\n  File "/home/odoo/src/odoo/odoo/modules/registry.py", line 206, in init\n    with closing(self.cursor()) as cr:\n                 ^^^^^^^^^^^^^\n  File "/home/odoo/src/odoo/odoo/modules/registry.py", line 1005, in cursor\n    return self._db.cursor()\n           ^^^^^^^^^^^^^^^^^\n  File "/home/odoo/src/odoo/odoo/sql_db.py", line 785, in cursor\n    return Cursor(self.__pool, self.__dbname, self.__dsn)\n           ^^^^^^^^^^^^^^^^^^^^^^^^^^^^^^^^^^^^^^^^^^^^^^\n  File "/home/odoo/src/odoo/odoo/sql_db.py", line 288, in __init__\n    self._cnx = pool.borrow(dsn)\n                ^^^^^^^^^^^^^^^^\n  File "/usr/lib/python3/dist-packages/decorator.py", line 232, in fun\n    return caller(func, *(extras + args), **kw)\n           ^^^^^^^^^^^^^^^^^^^^^^^^^^^^^^^^^^^^\n  File "/home/odoo/src/odoo/odoo/tools/func.py", line 97, in locked\n    return func(inst, *args, **kwargs)\n           ^^^^^^^^^^^^^^^^^^^^^^^^^^^\n  File "/home/odoo/src/odoo/odoo/sql_db.py", line 712, in borrow\n    result = psycopg2.connect(\n             ^^^^^^^^^^^^^^^^^\n  File "/usr/lib/python3/dist-packages/psycopg2/__init__.py", line 122, in connect\n    conn = _connect(dsn, connection_factory=connection_factory, **kwasync)\n           ^^^^^^^^^^^^^^^^^^^^^^^^^^^^^^^^^^^^^^^^^^^^^^^^^^^^^^^^^^^^^^^\npsycopg2.OperationalError: connection to server at "192.168.1.1", port 5432 failed: FATAL:  database "aguirrex-sirius-odoo" does not exist\n\n'>
2025-04-09 02:54:20,078 - mcp_odoo_server - ERROR - Verificación inicial de conexión Odoo: FALLÓ. Revisa logs y configuración.
2025-04-09 02:54:20,079 - mcp_odoo_server - INFO - Iniciando el servidor MCP FastMCP en modo stdio...
2025-04-09 02:54:21,178 - mcp_odoo_server - INFO - Tool: listar_productos ejecutado.
2025-04-09 02:54:21,179 - mcp_odoo_server - DEBUG - Intentando conectar a common: https://aguirrex-sirius-odoo.odoo.com/xmlrpc/2/common
2025-04-09 02:54:21,465 - mcp_odoo_server - DEBUG - Conexión a 'common' exitosa.
2025-04-09 02:54:21,467 - mcp_odoo_server - DEBUG - Autenticando usuario 'Administrador' en DB 'aguirrex-sirius-odoo'...
2025-04-09 02:54:21,676 - mcp_odoo_server - ERROR - Error XML-RPC Odoo: Fault 1 - Traceback (most recent call last):
  File "/home/odoo/src/odoo/odoo/modules/registry.py", line 104, in __new__
    return cls.registries[db_name]
           ~~~~~~~~~~~~~~^^^^^^^^^
  File "/usr/lib/python3/dist-packages/decorator.py", line 232, in fun
    return caller(func, *(extras + args), **kw)
           ^^^^^^^^^^^^^^^^^^^^^^^^^^^^^^^^^^^^
  File "/home/odoo/src/odoo/odoo/tools/func.py", line 97, in locked
    return func(inst, *args, **kwargs)
           ^^^^^^^^^^^^^^^^^^^^^^^^^^^
  File "/home/odoo/src/odoo/odoo/tools/lru.py", line 33, in __getitem__
    a = self.d[obj]
        ~~~~~~^^^^^
KeyError: 'aguirrex-sirius-odoo'

During handling of the above exception, another exception occurred:

Traceback (most recent call last):
  File "/home/odoo/src/odoo/odoo/addons/base/controllers/rpc.py", line 165, in xmlrpc_2
    response = self._xmlrpc(service)
               ^^^^^^^^^^^^^^^^^^^^^
  File "/home/odoo/src/odoo/odoo/addons/base/controllers/rpc.py", line 139, in _xmlrpc
    result = dispatch_rpc(service, method, params)
             ^^^^^^^^^^^^^^^^^^^^^^^^^^^^^^^^^^^^^
  File "/home/odoo/src/odoo/odoo/http.py", line 398, in dispatch_rpc
    return dispatch(method, params)
           ^^^^^^^^^^^^^^^^^^^^^^^^
  File "/home/odoo/src/odoo/odoo/service/common.py", line 58, in dispatch
    return g[exp_method_name](*params)
           ^^^^^^^^^^^^^^^^^^^^^^^^^^^
  File "/home/odoo/src/odoo/odoo/service/common.py", line 26, in exp_authenticate
    res_users = Registry(db)['res.users']
                ^^^^^^^^^^^^
  File "/home/odoo/src/odoo/odoo/modules/registry.py", line 106, in __new__
    return cls.new(db_name)
           ^^^^^^^^^^^^^^^^
  File "/usr/lib/python3/dist-packages/decorator.py", line 232, in fun
    return caller(func, *(extras + args), **kw)
           ^^^^^^^^^^^^^^^^^^^^^^^^^^^^^^^^^^^^
  File "/home/odoo/src/odoo/odoo/tools/func.py", line 97, in locked
    return func(inst, *args, **kwargs)
           ^^^^^^^^^^^^^^^^^^^^^^^^^^^
  File "/home/odoo/src/odoo/odoo/modules/registry.py", line 114, in new
    registry.init(db_name)
  File "/home/odoo/src/odoo/odoo/modules/registry.py", line 206, in init
    with closing(self.cursor()) as cr:
                 ^^^^^^^^^^^^^
  File "/home/odoo/src/odoo/odoo/modules/registry.py", line 1005, in cursor
    return self._db.cursor()
           ^^^^^^^^^^^^^^^^^
  File "/home/odoo/src/odoo/odoo/sql_db.py", line 785, in cursor
    return Cursor(self.__pool, self.__dbname, self.__dsn)
           ^^^^^^^^^^^^^^^^^^^^^^^^^^^^^^^^^^^^^^^^^^^^^^
  File "/home/odoo/src/odoo/odoo/sql_db.py", line 288, in __init__
    self._cnx = pool.borrow(dsn)
                ^^^^^^^^^^^^^^^^
  File "/usr/lib/python3/dist-packages/decorator.py", line 232, in fun
    return caller(func, *(extras + args), **kw)
           ^^^^^^^^^^^^^^^^^^^^^^^^^^^^^^^^^^^^
  File "/home/odoo/src/odoo/odoo/tools/func.py", line 97, in locked
    return func(inst, *args, **kwargs)
           ^^^^^^^^^^^^^^^^^^^^^^^^^^^
  File "/home/odoo/src/odoo/odoo/sql_db.py", line 712, in borrow
    result = psycopg2.connect(
             ^^^^^^^^^^^^^^^^^
  File "/usr/lib/python3/dist-packages/psycopg2/__init__.py", line 122, in connect
    conn = _connect(dsn, connection_factory=connection_factory, **kwasync)
           ^^^^^^^^^^^^^^^^^^^^^^^^^^^^^^^^^^^^^^^^^^^^^^^^^^^^^^^^^^^^^^^
psycopg2.OperationalError: connection to server at "192.168.1.1", port 5432 failed: FATAL:  database "aguirrex-sirius-odoo" does not exist

Traceback (most recent call last):
  File "/home/josefdc/hackathon_odoo/mcp_odoo_fresh/mcp_odoo_server.py", line 86, in get_odoo_connection_details
    uid = common.authenticate(ODOO_DB, ODOO_USER, ODOO_PASSWORD, {})
          ^^^^^^^^^^^^^^^^^^^^^^^^^^^^^^^^^^^^^^^^^^^^^^^^^^^^^^^^^^
  File "/home/josefdc/miniconda3/lib/python3.12/xmlrpc/client.py", line 1122, in __call__
    return self.__send(self.__name, args)
           ^^^^^^^^^^^^^^^^^^^^^^^^^^^^^^
  File "/home/josefdc/miniconda3/lib/python3.12/xmlrpc/client.py", line 1461, in __request
    response = self.__transport.request(
               ^^^^^^^^^^^^^^^^^^^^^^^^^
  File "/home/josefdc/miniconda3/lib/python3.12/xmlrpc/client.py", line 1166, in request
    return self.single_request(host, handler, request_body, verbose)
           ^^^^^^^^^^^^^^^^^^^^^^^^^^^^^^^^^^^^^^^^^^^^^^^^^^^^^^^^^
  File "/home/josefdc/miniconda3/lib/python3.12/xmlrpc/client.py", line 1182, in single_request
    return self.parse_response(resp)
           ^^^^^^^^^^^^^^^^^^^^^^^^^
  File "/home/josefdc/miniconda3/lib/python3.12/xmlrpc/client.py", line 1351, in parse_response
    return u.close()
           ^^^^^^^^^
  File "/home/josefdc/miniconda3/lib/python3.12/xmlrpc/client.py", line 668, in close
    raise Fault(**self._stack[0])
xmlrpc.client.Fault: <Fault 1: 'Traceback (most recent call last):\n  File "/home/odoo/src/odoo/odoo/modules/registry.py", line 104, in __new__\n    return cls.registries[db_name]\n           ~~~~~~~~~~~~~~^^^^^^^^^\n  File "/usr/lib/python3/dist-packages/decorator.py", line 232, in fun\n    return caller(func, *(extras + args), **kw)\n           ^^^^^^^^^^^^^^^^^^^^^^^^^^^^^^^^^^^^\n  File "/home/odoo/src/odoo/odoo/tools/func.py", line 97, in locked\n    return func(inst, *args, **kwargs)\n           ^^^^^^^^^^^^^^^^^^^^^^^^^^^\n  File "/home/odoo/src/odoo/odoo/tools/lru.py", line 33, in __getitem__\n    a = self.d[obj]\n        ~~~~~~^^^^^\nKeyError: \'aguirrex-sirius-odoo\'\n\nDuring handling of the above exception, another exception occurred:\n\nTraceback (most recent call last):\n  File "/home/odoo/src/odoo/odoo/addons/base/controllers/rpc.py", line 165, in xmlrpc_2\n    response = self._xmlrpc(service)\n               ^^^^^^^^^^^^^^^^^^^^^\n  File "/home/odoo/src/odoo/odoo/addons/base/controllers/rpc.py", line 139, in _xmlrpc\n    result = dispatch_rpc(service, method, params)\n             ^^^^^^^^^^^^^^^^^^^^^^^^^^^^^^^^^^^^^\n  File "/home/odoo/src/odoo/odoo/http.py", line 398, in dispatch_rpc\n    return dispatch(method, params)\n           ^^^^^^^^^^^^^^^^^^^^^^^^\n  File "/home/odoo/src/odoo/odoo/service/common.py", line 58, in dispatch\n    return g[exp_method_name](*params)\n           ^^^^^^^^^^^^^^^^^^^^^^^^^^^\n  File "/home/odoo/src/odoo/odoo/service/common.py", line 26, in exp_authenticate\n    res_users = Registry(db)[\'res.users\']\n                ^^^^^^^^^^^^\n  File "/home/odoo/src/odoo/odoo/modules/registry.py", line 106, in __new__\n    return cls.new(db_name)\n           ^^^^^^^^^^^^^^^^\n  File "/usr/lib/python3/dist-packages/decorator.py", line 232, in fun\n    return caller(func, *(extras + args), **kw)\n           ^^^^^^^^^^^^^^^^^^^^^^^^^^^^^^^^^^^^\n  File "/home/odoo/src/odoo/odoo/tools/func.py", line 97, in locked\n    return func(inst, *args, **kwargs)\n           ^^^^^^^^^^^^^^^^^^^^^^^^^^^\n  File "/home/odoo/src/odoo/odoo/modules/registry.py", line 114, in new\n    registry.init(db_name)\n  File "/home/odoo/src/odoo/odoo/modules/registry.py", line 206, in init\n    with closing(self.cursor()) as cr:\n                 ^^^^^^^^^^^^^\n  File "/home/odoo/src/odoo/odoo/modules/registry.py", line 1005, in cursor\n    return self._db.cursor()\n           ^^^^^^^^^^^^^^^^^\n  File "/home/odoo/src/odoo/odoo/sql_db.py", line 785, in cursor\n    return Cursor(self.__pool, self.__dbname, self.__dsn)\n           ^^^^^^^^^^^^^^^^^^^^^^^^^^^^^^^^^^^^^^^^^^^^^^\n  File "/home/odoo/src/odoo/odoo/sql_db.py", line 288, in __init__\n    self._cnx = pool.borrow(dsn)\n                ^^^^^^^^^^^^^^^^\n  File "/usr/lib/python3/dist-packages/decorator.py", line 232, in fun\n    return caller(func, *(extras + args), **kw)\n           ^^^^^^^^^^^^^^^^^^^^^^^^^^^^^^^^^^^^\n  File "/home/odoo/src/odoo/odoo/tools/func.py", line 97, in locked\n    return func(inst, *args, **kwargs)\n           ^^^^^^^^^^^^^^^^^^^^^^^^^^^\n  File "/home/odoo/src/odoo/odoo/sql_db.py", line 712, in borrow\n    result = psycopg2.connect(\n             ^^^^^^^^^^^^^^^^^\n  File "/usr/lib/python3/dist-packages/psycopg2/__init__.py", line 122, in connect\n    conn = _connect(dsn, connection_factory=connection_factory, **kwasync)\n           ^^^^^^^^^^^^^^^^^^^^^^^^^^^^^^^^^^^^^^^^^^^^^^^^^^^^^^^^^^^^^^^\npsycopg2.OperationalError: connection to server at "192.168.1.1", port 5432 failed: FATAL:  database "aguirrex-sirius-odoo" does not exist\n\n'>
2025-04-09 02:56:35,228 - mcp_odoo_server - INFO - Iniciando el servidor MCP para Odoo...
2025-04-09 02:56:35,229 - mcp_odoo_server - INFO - Archivo .env cargado desde: /home/josefdc/hackathon_odoo/mcp_odoo_fresh/.env
2025-04-09 02:56:35,229 - mcp_odoo_server - INFO - Variables de entorno de Odoo cargadas y validadas.
2025-04-09 02:56:35,229 - mcp_odoo_server - DEBUG - Configuración Odoo -> URL: https://aguirrex-sirius-odoo-production-19589711.dev.odoo.com, DB: aguirrex-sirius-odoo-production-19589711, User: Administrador
2025-04-09 02:56:35,233 - mcp_odoo_server - INFO - Instancia de FastMCP<'quindicolor-odoo-agent'> creada.
2025-04-09 02:56:35,247 - mcp_odoo_server - INFO - Ejecutando bloque principal (__name__ == '__main__').
2025-04-09 02:56:35,248 - mcp_odoo_server - INFO - Realizando verificación inicial de conexión a Odoo...
2025-04-09 02:56:35,249 - mcp_odoo_server - DEBUG - Intentando conectar a common: https://aguirrex-sirius-odoo-production-19589711.dev.odoo.com/xmlrpc/2/common
2025-04-09 02:56:35,722 - mcp_odoo_server - DEBUG - Conexión a 'common' exitosa.
2025-04-09 02:56:35,724 - mcp_odoo_server - DEBUG - Autenticando usuario 'Administrador' en DB 'aguirrex-sirius-odoo-production-19589711'...
2025-04-09 02:56:35,895 - mcp_odoo_server - ERROR - Fallo la autenticación Odoo para usuario 'Administrador' en DB 'aguirrex-sirius-odoo-production-19589711'. Verifica credenciales.
2025-04-09 02:56:35,901 - mcp_odoo_server - ERROR - Verificación inicial de conexión Odoo: FALLÓ. Revisa logs y configuración.
2025-04-09 02:56:35,903 - mcp_odoo_server - INFO - Iniciando el servidor MCP FastMCP en modo stdio...
2025-04-09 02:56:45,632 - mcp_odoo_server - INFO - Iniciando el servidor MCP para Odoo...
2025-04-09 02:56:45,632 - mcp_odoo_server - INFO - Archivo .env cargado desde: /home/josefdc/hackathon_odoo/mcp_odoo_fresh/.env
2025-04-09 02:56:45,632 - mcp_odoo_server - INFO - Variables de entorno de Odoo cargadas y validadas.
2025-04-09 02:56:45,632 - mcp_odoo_server - DEBUG - Configuración Odoo -> URL: https://aguirrex-sirius-odoo-production-19589711.dev.odoo.com, DB: aguirrex-sirius-odoo-production-19589711, User: Administrador
2025-04-09 02:56:45,636 - mcp_odoo_server - INFO - Instancia de FastMCP<'quindicolor-odoo-agent'> creada.
2025-04-09 02:56:45,651 - mcp_odoo_server - INFO - Ejecutando bloque principal (__name__ == '__main__').
2025-04-09 02:56:45,652 - mcp_odoo_server - INFO - Realizando verificación inicial de conexión a Odoo...
2025-04-09 02:56:45,653 - mcp_odoo_server - DEBUG - Intentando conectar a common: https://aguirrex-sirius-odoo-production-19589711.dev.odoo.com/xmlrpc/2/common
2025-04-09 02:56:45,934 - mcp_odoo_server - DEBUG - Conexión a 'common' exitosa.
2025-04-09 02:56:45,935 - mcp_odoo_server - DEBUG - Autenticando usuario 'Administrador' en DB 'aguirrex-sirius-odoo-production-19589711'...
2025-04-09 02:56:46,136 - mcp_odoo_server - ERROR - Fallo la autenticación Odoo para usuario 'Administrador' en DB 'aguirrex-sirius-odoo-production-19589711'. Verifica credenciales.
2025-04-09 02:56:46,141 - mcp_odoo_server - ERROR - Verificación inicial de conexión Odoo: FALLÓ. Revisa logs y configuración.
2025-04-09 02:56:46,143 - mcp_odoo_server - INFO - Iniciando el servidor MCP FastMCP en modo stdio...
2025-04-09 02:56:47,428 - mcp_odoo_server - INFO - Tool: listar_productos ejecutado.
2025-04-09 02:56:47,430 - mcp_odoo_server - DEBUG - Intentando conectar a common: https://aguirrex-sirius-odoo-production-19589711.dev.odoo.com/xmlrpc/2/common
2025-04-09 02:56:47,724 - mcp_odoo_server - DEBUG - Conexión a 'common' exitosa.
2025-04-09 02:56:47,727 - mcp_odoo_server - DEBUG - Autenticando usuario 'Administrador' en DB 'aguirrex-sirius-odoo-production-19589711'...
2025-04-09 02:56:47,924 - mcp_odoo_server - ERROR - Fallo la autenticación Odoo para usuario 'Administrador' en DB 'aguirrex-sirius-odoo-production-19589711'. Verifica credenciales.
2025-04-09 02:57:39,052 - mcp_odoo_server - INFO - Iniciando el servidor MCP para Odoo...
2025-04-09 02:57:39,052 - mcp_odoo_server - INFO - Archivo .env cargado desde: /home/josefdc/hackathon_odoo/mcp_odoo_fresh/.env
2025-04-09 02:57:39,052 - mcp_odoo_server - INFO - Variables de entorno de Odoo cargadas y validadas.
2025-04-09 02:57:39,052 - mcp_odoo_server - DEBUG - Configuración Odoo -> URL: https://aguirrex-sirius-odoo-production-19589711.dev.odoo.com, DB: aguirrex-sirius-odoo-production-19589711, User: admin
2025-04-09 02:57:39,056 - mcp_odoo_server - INFO - Instancia de FastMCP<'quindicolor-odoo-agent'> creada.
2025-04-09 02:57:39,070 - mcp_odoo_server - INFO - Ejecutando bloque principal (__name__ == '__main__').
2025-04-09 02:57:39,071 - mcp_odoo_server - INFO - Realizando verificación inicial de conexión a Odoo...
2025-04-09 02:57:39,072 - mcp_odoo_server - DEBUG - Intentando conectar a common: https://aguirrex-sirius-odoo-production-19589711.dev.odoo.com/xmlrpc/2/common
2025-04-09 02:57:39,363 - mcp_odoo_server - DEBUG - Conexión a 'common' exitosa.
2025-04-09 02:57:39,366 - mcp_odoo_server - DEBUG - Autenticando usuario 'admin' en DB 'aguirrex-sirius-odoo-production-19589711'...
2025-04-09 02:57:39,919 - mcp_odoo_server - DEBUG - Autenticación Odoo exitosa. UID: 2
2025-04-09 02:57:39,921 - mcp_odoo_server - DEBUG - Creando proxy para object: https://aguirrex-sirius-odoo-production-19589711.dev.odoo.com/xmlrpc/2/object
2025-04-09 02:57:39,923 - mcp_odoo_server - INFO - Conexión Odoo preparada (UID: 2).
2025-04-09 02:57:39,924 - mcp_odoo_server - INFO - Verificación inicial de conexión Odoo: ÉXITO.
2025-04-09 02:57:40,557 - mcp_odoo_server - INFO - Verificación de acceso ('res.users', 'read'): True
2025-04-09 02:57:40,560 - mcp_odoo_server - INFO - Iniciando el servidor MCP FastMCP en modo stdio...
2025-04-09 02:58:02,343 - mcp_odoo_server - INFO - Iniciando el servidor MCP para Odoo...
2025-04-09 02:58:02,344 - mcp_odoo_server - INFO - Archivo .env cargado desde: /home/josefdc/hackathon_odoo/mcp_odoo_fresh/.env
2025-04-09 02:58:02,344 - mcp_odoo_server - INFO - Variables de entorno de Odoo cargadas y validadas.
2025-04-09 02:58:02,344 - mcp_odoo_server - DEBUG - Configuración Odoo -> URL: https://aguirrex-sirius-odoo-production-19589711.dev.odoo.com, DB: aguirrex-sirius-odoo-production-19589711, User: admin
2025-04-09 02:58:02,348 - mcp_odoo_server - INFO - Instancia de FastMCP<'quindicolor-odoo-agent'> creada.
2025-04-09 02:58:02,362 - mcp_odoo_server - INFO - Ejecutando bloque principal (__name__ == '__main__').
2025-04-09 02:58:02,363 - mcp_odoo_server - INFO - Realizando verificación inicial de conexión a Odoo...
2025-04-09 02:58:02,364 - mcp_odoo_server - DEBUG - Intentando conectar a common: https://aguirrex-sirius-odoo-production-19589711.dev.odoo.com/xmlrpc/2/common
2025-04-09 02:58:02,650 - mcp_odoo_server - DEBUG - Conexión a 'common' exitosa.
2025-04-09 02:58:02,653 - mcp_odoo_server - DEBUG - Autenticando usuario 'admin' en DB 'aguirrex-sirius-odoo-production-19589711'...
2025-04-09 02:58:03,391 - mcp_odoo_server - DEBUG - Autenticación Odoo exitosa. UID: 2
2025-04-09 02:58:03,393 - mcp_odoo_server - DEBUG - Creando proxy para object: https://aguirrex-sirius-odoo-production-19589711.dev.odoo.com/xmlrpc/2/object
2025-04-09 02:58:03,396 - mcp_odoo_server - INFO - Conexión Odoo preparada (UID: 2).
2025-04-09 02:58:03,398 - mcp_odoo_server - INFO - Verificación inicial de conexión Odoo: ÉXITO.
2025-04-09 02:58:04,195 - mcp_odoo_server - INFO - Verificación de acceso ('res.users', 'read'): True
2025-04-09 02:58:04,198 - mcp_odoo_server - INFO - Iniciando el servidor MCP FastMCP en modo stdio...
2025-04-09 02:58:06,483 - mcp_odoo_server - INFO - Tool: listar_productos ejecutado.
2025-04-09 02:58:06,484 - mcp_odoo_server - DEBUG - Intentando conectar a common: https://aguirrex-sirius-odoo-production-19589711.dev.odoo.com/xmlrpc/2/common
2025-04-09 02:58:06,809 - mcp_odoo_server - DEBUG - Conexión a 'common' exitosa.
2025-04-09 02:58:06,812 - mcp_odoo_server - DEBUG - Autenticando usuario 'admin' en DB 'aguirrex-sirius-odoo-production-19589711'...
2025-04-09 02:58:07,362 - mcp_odoo_server - DEBUG - Autenticación Odoo exitosa. UID: 2
2025-04-09 02:58:07,364 - mcp_odoo_server - DEBUG - Creando proxy para object: https://aguirrex-sirius-odoo-production-19589711.dev.odoo.com/xmlrpc/2/object
2025-04-09 02:58:07,366 - mcp_odoo_server - INFO - Conexión Odoo preparada (UID: 2).
2025-04-09 02:58:07,368 - mcp_odoo_server - DEBUG - Odoo Call: product.product.search_read, domain=[['sale_ok', '=', True]], fields=['id', 'name', 'default_code', 'list_price'], limit=20
2025-04-09 02:58:07,664 - mcp_odoo_server - INFO - Odoo devolvió 20 producto(s) (límite 20).
2025-04-09 04:00:36,072 - mcp_odoo_server - INFO - Iniciando el servidor MCP para Odoo...
2025-04-09 04:00:36,073 - mcp_odoo_server - INFO - Archivo .env cargado desde: /home/josefdc/hackathon_odoo/mcp_odoo_fresh/.env
2025-04-09 04:00:36,073 - mcp_odoo_server - INFO - Variables de entorno de Odoo cargadas y validadas.
2025-04-09 04:00:36,073 - mcp_odoo_server - DEBUG - Configuración Odoo -> URL: https://aguirrex-sirius-odoo-production-19589711.dev.odoo.com, DB: aguirrex-sirius-odoo-production-19589711, User: admin
2025-04-09 04:00:36,077 - mcp_odoo_server - INFO - Instancia de FastMCP<'quindicolor-odoo-agent'> creada.
2025-04-09 04:00:36,091 - mcp_odoo_server - INFO - Ejecutando bloque principal (__name__ == '__main__').
2025-04-09 04:00:36,092 - mcp_odoo_server - INFO - Realizando verificación inicial de conexión a Odoo...
2025-04-09 04:00:36,093 - mcp_odoo_server - DEBUG - Intentando conectar a common: https://aguirrex-sirius-odoo-production-19589711.dev.odoo.com/xmlrpc/2/common
2025-04-09 04:00:36,531 - mcp_odoo_server - DEBUG - Conexión a 'common' exitosa.
2025-04-09 04:00:36,535 - mcp_odoo_server - DEBUG - Autenticando usuario 'admin' en DB 'aguirrex-sirius-odoo-production-19589711'...
2025-04-09 04:00:37,099 - mcp_odoo_server - DEBUG - Autenticación Odoo exitosa. UID: 2
2025-04-09 04:00:37,103 - mcp_odoo_server - DEBUG - Creando proxy para object: https://aguirrex-sirius-odoo-production-19589711.dev.odoo.com/xmlrpc/2/object
2025-04-09 04:00:37,106 - mcp_odoo_server - INFO - Conexión Odoo preparada (UID: 2).
2025-04-09 04:00:37,108 - mcp_odoo_server - INFO - Verificación inicial de conexión Odoo: ÉXITO.
2025-04-09 04:00:37,750 - mcp_odoo_server - INFO - Verificación de acceso ('res.users', 'read'): True
2025-04-09 04:00:37,754 - mcp_odoo_server - INFO - Iniciando el servidor MCP FastMCP en modo stdio...
2025-04-09 04:03:14,212 - mcp_odoo_server - INFO - Iniciando el servidor MCP para Odoo...
2025-04-09 04:03:14,213 - mcp_odoo_server - INFO - Archivo .env cargado desde: /home/josefdc/hackathon_odoo/mcp_odoo_fresh/.env
2025-04-09 04:03:14,213 - mcp_odoo_server - INFO - Variables de entorno de Odoo cargadas y validadas.
2025-04-09 04:03:14,213 - mcp_odoo_server - DEBUG - Configuración Odoo -> URL: https://aguirrex-sirius-odoo-production-19589711.dev.odoo.com, DB: aguirrex-sirius-odoo-production-19589711, User: admin
2025-04-09 04:03:14,217 - mcp_odoo_server - INFO - Instancia de FastMCP<'quindicolor-odoo-agent'> creada.
2025-04-09 04:03:14,231 - mcp_odoo_server - INFO - Ejecutando bloque principal (__name__ == '__main__').
2025-04-09 04:03:14,232 - mcp_odoo_server - INFO - Realizando verificación inicial de conexión a Odoo...
2025-04-09 04:03:14,233 - mcp_odoo_server - DEBUG - Intentando conectar a common: https://aguirrex-sirius-odoo-production-19589711.dev.odoo.com/xmlrpc/2/common
2025-04-09 04:03:14,523 - mcp_odoo_server - DEBUG - Conexión a 'common' exitosa.
2025-04-09 04:03:14,526 - mcp_odoo_server - DEBUG - Autenticando usuario 'admin' en DB 'aguirrex-sirius-odoo-production-19589711'...
2025-04-09 04:03:15,081 - mcp_odoo_server - DEBUG - Autenticación Odoo exitosa. UID: 2
2025-04-09 04:03:15,083 - mcp_odoo_server - DEBUG - Creando proxy para object: https://aguirrex-sirius-odoo-production-19589711.dev.odoo.com/xmlrpc/2/object
2025-04-09 04:03:15,085 - mcp_odoo_server - INFO - Conexión Odoo preparada (UID: 2).
2025-04-09 04:03:15,087 - mcp_odoo_server - INFO - Verificación inicial de conexión Odoo: ÉXITO.
2025-04-09 04:03:15,833 - mcp_odoo_server - INFO - Verificación de acceso ('res.users', 'read'): True
2025-04-09 04:03:15,836 - mcp_odoo_server - INFO - Iniciando el servidor MCP FastMCP en modo stdio...
2025-04-09 04:06:34,796 - mcp_odoo_server - INFO - Iniciando el servidor MCP para Odoo...
2025-04-09 04:06:34,796 - mcp_odoo_server - INFO - Archivo .env cargado desde: /home/josefdc/hackathon_odoo/mcp_odoo_fresh/.env
2025-04-09 04:06:34,796 - mcp_odoo_server - INFO - Variables de entorno de Odoo cargadas y validadas.
2025-04-09 04:06:34,796 - mcp_odoo_server - DEBUG - Configuración Odoo -> URL: https://aguirrex-sirius-odoo-production-19589711.dev.odoo.com, DB: aguirrex-sirius-odoo-production-19589711, User: admin
2025-04-09 04:06:34,800 - mcp_odoo_server - INFO - Instancia de FastMCP<'quindicolor-odoo-agent'> creada.
2025-04-09 04:06:34,815 - mcp_odoo_server - INFO - Ejecutando bloque principal (__name__ == '__main__').
2025-04-09 04:06:34,816 - mcp_odoo_server - INFO - Realizando verificación inicial de conexión a Odoo...
2025-04-09 04:06:34,816 - mcp_odoo_server - DEBUG - Intentando conectar a common: https://aguirrex-sirius-odoo-production-19589711.dev.odoo.com/xmlrpc/2/common
2025-04-09 04:06:35,108 - mcp_odoo_server - DEBUG - Conexión a 'common' exitosa.
2025-04-09 04:06:35,111 - mcp_odoo_server - DEBUG - Autenticando usuario 'admin' en DB 'aguirrex-sirius-odoo-production-19589711'...
2025-04-09 04:06:35,901 - mcp_odoo_server - DEBUG - Autenticación Odoo exitosa. UID: 2
2025-04-09 04:06:35,904 - mcp_odoo_server - DEBUG - Creando proxy para object: https://aguirrex-sirius-odoo-production-19589711.dev.odoo.com/xmlrpc/2/object
2025-04-09 04:06:35,906 - mcp_odoo_server - INFO - Conexión Odoo preparada (UID: 2).
2025-04-09 04:06:35,908 - mcp_odoo_server - INFO - Verificación inicial de conexión Odoo: ÉXITO.
2025-04-09 04:06:36,754 - mcp_odoo_server - INFO - Verificación de acceso ('res.users', 'read'): True
2025-04-09 04:06:36,757 - mcp_odoo_server - INFO - Iniciando el servidor MCP FastMCP en modo stdio...
2025-04-09 04:12:51,300 - mcp_odoo_server - INFO - Iniciando el servidor MCP para Odoo...
2025-04-09 04:12:51,301 - mcp_odoo_server - INFO - Archivo .env cargado desde: /home/josefdc/hackathon_odoo/mcp_odoo_fresh/.env
2025-04-09 04:12:51,301 - mcp_odoo_server - INFO - Variables de entorno de Odoo cargadas y validadas.
2025-04-09 04:12:51,301 - mcp_odoo_server - DEBUG - Configuración Odoo -> URL: https://aguirrex-sirius-odoo-production-19589711.dev.odoo.com, DB: aguirrex-sirius-odoo-production-19589711, User: admin
2025-04-09 04:12:51,305 - mcp_odoo_server - INFO - Instancia de FastMCP<'quindicolor-odoo-agent'> creada.
2025-04-09 04:12:51,319 - mcp_odoo_server - INFO - Ejecutando bloque principal (__name__ == '__main__').
2025-04-09 04:12:51,320 - mcp_odoo_server - INFO - Realizando verificación inicial de conexión a Odoo...
2025-04-09 04:12:51,321 - mcp_odoo_server - DEBUG - Intentando conectar a common: https://aguirrex-sirius-odoo-production-19589711.dev.odoo.com/xmlrpc/2/common
2025-04-09 04:12:51,753 - mcp_odoo_server - DEBUG - Conexión a 'common' exitosa.
2025-04-09 04:12:51,756 - mcp_odoo_server - DEBUG - Autenticando usuario 'admin' en DB 'aguirrex-sirius-odoo-production-19589711'...
2025-04-09 04:12:52,322 - mcp_odoo_server - DEBUG - Autenticación Odoo exitosa. UID: 2
2025-04-09 04:12:52,325 - mcp_odoo_server - DEBUG - Creando proxy para object: https://aguirrex-sirius-odoo-production-19589711.dev.odoo.com/xmlrpc/2/object
2025-04-09 04:12:52,327 - mcp_odoo_server - INFO - Conexión Odoo preparada (UID: 2).
2025-04-09 04:12:52,330 - mcp_odoo_server - INFO - Verificación inicial de conexión Odoo: ÉXITO.
2025-04-09 04:12:52,621 - mcp_odoo_server - INFO - Verificación de acceso ('res.users', 'read'): True
2025-04-09 04:12:52,625 - mcp_odoo_server - INFO - Iniciando el servidor MCP FastMCP en modo stdio...
2025-04-09 04:26:08,882 - mcp_odoo_server - INFO - Iniciando el servidor MCP para Odoo...
2025-04-09 04:26:08,882 - mcp_odoo_server - INFO - Archivo .env cargado desde: /home/josefdc/hackathon_odoo/mcp_odoo_fresh/.env
2025-04-09 04:26:08,882 - mcp_odoo_server - INFO - Variables de entorno de Odoo cargadas y validadas.
2025-04-09 04:26:08,882 - mcp_odoo_server - DEBUG - Configuración Odoo -> URL: https://aguirrex-sirius-odoo-production-19589711.dev.odoo.com, DB: aguirrex-sirius-odoo-production-19589711, User: admin
2025-04-09 04:26:08,886 - mcp_odoo_server - INFO - Instancia de FastMCP<'quindicolor-odoo-agent'> creada.
2025-04-09 04:26:08,901 - mcp_odoo_server - INFO - Ejecutando bloque principal (__name__ == '__main__').
2025-04-09 04:26:08,902 - mcp_odoo_server - INFO - Realizando verificación inicial de conexión a Odoo...
2025-04-09 04:26:08,902 - mcp_odoo_server - DEBUG - Intentando conectar a common: https://aguirrex-sirius-odoo-production-19589711.dev.odoo.com/xmlrpc/2/common
2025-04-09 04:26:09,345 - mcp_odoo_server - DEBUG - Conexión a 'common' exitosa.
2025-04-09 04:26:09,347 - mcp_odoo_server - DEBUG - Autenticando usuario 'admin' en DB 'aguirrex-sirius-odoo-production-19589711'...
2025-04-09 04:26:09,904 - mcp_odoo_server - DEBUG - Autenticación Odoo exitosa. UID: 2
2025-04-09 04:26:09,907 - mcp_odoo_server - DEBUG - Creando proxy para object: https://aguirrex-sirius-odoo-production-19589711.dev.odoo.com/xmlrpc/2/object
2025-04-09 04:26:09,909 - mcp_odoo_server - INFO - Conexión Odoo preparada (UID: 2).
2025-04-09 04:26:09,912 - mcp_odoo_server - INFO - Verificación inicial de conexión Odoo: ÉXITO.
2025-04-09 04:26:10,555 - mcp_odoo_server - INFO - Verificación de acceso ('res.users', 'read'): True
2025-04-09 04:26:10,559 - mcp_odoo_server - INFO - Iniciando el servidor MCP FastMCP en modo stdio...
2025-04-09 04:31:08,745 - mcp_odoo_server - INFO - Iniciando el servidor MCP para Odoo...
2025-04-09 04:31:08,746 - mcp_odoo_server - INFO - Archivo .env cargado desde: /home/josefdc/hackathon_odoo/mcp_odoo_fresh/.env
2025-04-09 04:31:08,746 - mcp_odoo_server - INFO - Variables de entorno de Odoo cargadas y validadas.
2025-04-09 04:31:08,746 - mcp_odoo_server - DEBUG - Configuración Odoo -> URL: https://aguirrex-sirius-odoo-production-19589711.dev.odoo.com, DB: aguirrex-sirius-odoo-production-19589711, User: admin
2025-04-09 04:31:08,750 - mcp_odoo_server - INFO - Instancia de FastMCP<'quindicolor-odoo-agent'> creada.
2025-04-09 04:31:08,764 - mcp_odoo_server - INFO - Ejecutando bloque principal (__name__ == '__main__').
2025-04-09 04:31:08,765 - mcp_odoo_server - INFO - Realizando verificación inicial de conexión a Odoo...
2025-04-09 04:31:08,765 - mcp_odoo_server - DEBUG - Intentando conectar a common: https://aguirrex-sirius-odoo-production-19589711.dev.odoo.com/xmlrpc/2/common
2025-04-09 04:31:09,050 - mcp_odoo_server - DEBUG - Conexión a 'common' exitosa.
2025-04-09 04:31:09,052 - mcp_odoo_server - DEBUG - Autenticando usuario 'admin' en DB 'aguirrex-sirius-odoo-production-19589711'...
2025-04-09 04:31:09,706 - mcp_odoo_server - DEBUG - Autenticación Odoo exitosa. UID: 2
2025-04-09 04:31:09,709 - mcp_odoo_server - DEBUG - Creando proxy para object: https://aguirrex-sirius-odoo-production-19589711.dev.odoo.com/xmlrpc/2/object
2025-04-09 04:31:09,711 - mcp_odoo_server - INFO - Conexión Odoo preparada (UID: 2).
2025-04-09 04:31:09,713 - mcp_odoo_server - INFO - Verificación inicial de conexión Odoo: ÉXITO.
2025-04-09 04:31:10,004 - mcp_odoo_server - INFO - Verificación de acceso ('res.users', 'read'): True
2025-04-09 04:31:10,008 - mcp_odoo_server - INFO - Iniciando el servidor MCP FastMCP en modo stdio...
2025-04-09 04:31:50,153 - mcp_odoo_server - INFO - Iniciando el servidor MCP para Odoo...
2025-04-09 04:31:50,154 - mcp_odoo_server - INFO - Archivo .env cargado desde: /home/josefdc/hackathon_odoo/mcp_odoo_fresh/.env
2025-04-09 04:31:50,154 - mcp_odoo_server - INFO - Variables de entorno de Odoo cargadas y validadas.
2025-04-09 04:31:50,154 - mcp_odoo_server - DEBUG - Configuración Odoo -> URL: https://aguirrex-sirius-odoo-production-19589711.dev.odoo.com, DB: aguirrex-sirius-odoo-production-19589711, User: admin
2025-04-09 04:31:50,158 - mcp_odoo_server - INFO - Instancia de FastMCP<'quindicolor-odoo-agent'> creada.
2025-04-09 04:31:50,172 - mcp_odoo_server - INFO - Ejecutando bloque principal (__name__ == '__main__').
2025-04-09 04:31:50,173 - mcp_odoo_server - INFO - Realizando verificación inicial de conexión a Odoo...
2025-04-09 04:31:50,174 - mcp_odoo_server - DEBUG - Intentando conectar a common: https://aguirrex-sirius-odoo-production-19589711.dev.odoo.com/xmlrpc/2/common
2025-04-09 04:31:50,461 - mcp_odoo_server - DEBUG - Conexión a 'common' exitosa.
2025-04-09 04:31:50,464 - mcp_odoo_server - DEBUG - Autenticando usuario 'admin' en DB 'aguirrex-sirius-odoo-production-19589711'...
2025-04-09 04:31:51,015 - mcp_odoo_server - DEBUG - Autenticación Odoo exitosa. UID: 2
2025-04-09 04:31:51,017 - mcp_odoo_server - DEBUG - Creando proxy para object: https://aguirrex-sirius-odoo-production-19589711.dev.odoo.com/xmlrpc/2/object
2025-04-09 04:31:51,019 - mcp_odoo_server - INFO - Conexión Odoo preparada (UID: 2).
2025-04-09 04:31:51,022 - mcp_odoo_server - INFO - Verificación inicial de conexión Odoo: ÉXITO.
2025-04-09 04:31:51,314 - mcp_odoo_server - INFO - Verificación de acceso ('res.users', 'read'): True
2025-04-09 04:31:51,317 - mcp_odoo_server - INFO - Iniciando el servidor MCP FastMCP en modo stdio...
2025-04-09 04:37:25,108 - mcp_odoo_server - INFO - Iniciando el servidor MCP para Odoo...
2025-04-09 04:37:25,109 - mcp_odoo_server - INFO - Archivo .env cargado desde: /home/josefdc/hackathon_odoo/mcp_odoo_fresh/.env
2025-04-09 04:37:25,109 - mcp_odoo_server - INFO - Variables de entorno de Odoo cargadas y validadas.
2025-04-09 04:37:25,109 - mcp_odoo_server - DEBUG - Configuración Odoo -> URL: https://aguirrex-sirius-odoo-production-19589711.dev.odoo.com, DB: aguirrex-sirius-odoo-production-19589711, User: admin
2025-04-09 04:37:25,115 - mcp_odoo_server - INFO - Instancia de FastMCP<'quindicolor-odoo-agent'> creada.
2025-04-09 04:37:25,137 - mcp_odoo_server - INFO - Ejecutando bloque principal (__name__ == '__main__').
2025-04-09 04:37:25,139 - mcp_odoo_server - INFO - Realizando verificación inicial de conexión a Odoo...
2025-04-09 04:37:25,140 - mcp_odoo_server - DEBUG - Intentando conectar a common: https://aguirrex-sirius-odoo-production-19589711.dev.odoo.com/xmlrpc/2/common
2025-04-09 04:37:25,691 - mcp_odoo_server - DEBUG - Conexión a 'common' exitosa.
2025-04-09 04:37:25,693 - mcp_odoo_server - DEBUG - Autenticando usuario 'admin' en DB 'aguirrex-sirius-odoo-production-19589711'...
2025-04-09 04:37:26,312 - mcp_odoo_server - DEBUG - Autenticación Odoo exitosa. UID: 2
2025-04-09 04:37:26,314 - mcp_odoo_server - DEBUG - Creando proxy para object: https://aguirrex-sirius-odoo-production-19589711.dev.odoo.com/xmlrpc/2/object
2025-04-09 04:37:26,316 - mcp_odoo_server - INFO - Conexión Odoo preparada (UID: 2).
2025-04-09 04:37:26,319 - mcp_odoo_server - INFO - Verificación inicial de conexión Odoo: ÉXITO.
2025-04-09 04:37:26,661 - mcp_odoo_server - INFO - Verificación de acceso ('res.users', 'read'): True
2025-04-09 04:37:26,663 - mcp_odoo_server - INFO - Iniciando el servidor MCP FastMCP en modo stdio...
2025-04-09 04:38:07,882 - mcp_odoo_server - INFO - Iniciando el servidor MCP para Odoo...
2025-04-09 04:38:07,882 - mcp_odoo_server - INFO - Archivo .env cargado desde: /home/josefdc/hackathon_odoo/mcp_odoo_fresh/.env
2025-04-09 04:38:07,883 - mcp_odoo_server - INFO - Variables de entorno de Odoo cargadas y validadas.
2025-04-09 04:38:07,883 - mcp_odoo_server - DEBUG - Configuración Odoo -> URL: https://aguirrex-sirius-odoo-production-19589711.dev.odoo.com, DB: aguirrex-sirius-odoo-production-19589711, User: admin
2025-04-09 04:38:07,889 - mcp_odoo_server - INFO - Instancia de FastMCP<'quindicolor-odoo-agent'> creada.
2025-04-09 04:38:07,912 - mcp_odoo_server - INFO - Ejecutando bloque principal (__name__ == '__main__').
2025-04-09 04:38:07,914 - mcp_odoo_server - INFO - Realizando verificación inicial de conexión a Odoo...
2025-04-09 04:38:07,915 - mcp_odoo_server - DEBUG - Intentando conectar a common: https://aguirrex-sirius-odoo-production-19589711.dev.odoo.com/xmlrpc/2/common
2025-04-09 04:38:08,238 - mcp_odoo_server - DEBUG - Conexión a 'common' exitosa.
2025-04-09 04:38:08,241 - mcp_odoo_server - DEBUG - Autenticando usuario 'admin' en DB 'aguirrex-sirius-odoo-production-19589711'...
2025-04-09 04:38:08,808 - mcp_odoo_server - DEBUG - Autenticación Odoo exitosa. UID: 2
2025-04-09 04:38:08,811 - mcp_odoo_server - DEBUG - Creando proxy para object: https://aguirrex-sirius-odoo-production-19589711.dev.odoo.com/xmlrpc/2/object
2025-04-09 04:38:08,813 - mcp_odoo_server - INFO - Conexión Odoo preparada (UID: 2).
2025-04-09 04:38:08,815 - mcp_odoo_server - INFO - Verificación inicial de conexión Odoo: ÉXITO.
2025-04-09 04:38:09,151 - mcp_odoo_server - INFO - Verificación de acceso ('res.users', 'read'): True
2025-04-09 04:38:09,153 - mcp_odoo_server - INFO - Iniciando el servidor MCP FastMCP en modo stdio...
2025-04-09 04:51:33,083 - mcp_odoo_server - INFO - Iniciando el servidor MCP para Odoo...
2025-04-09 04:51:33,087 - mcp_odoo_server - INFO - Archivo .env cargado desde: /home/josefdc/hackathon_odoo/mcp_odoo_fresh/.env
2025-04-09 04:51:33,087 - mcp_odoo_server - INFO - Variables de entorno de Odoo cargadas y validadas.
2025-04-09 04:51:33,087 - mcp_odoo_server - DEBUG - Configuración Odoo -> URL: https://aguirrex-sirius-odoo-production-19589711.dev.odoo.com, DB: aguirrex-sirius-odoo-production-19589711, User: admin
2025-04-09 04:51:33,105 - mcp_odoo_server - INFO - Instancia de FastMCP<'quindicolor-odoo-agent'> creada.
2025-04-09 04:51:33,175 - mcp_odoo_server - INFO - Ejecutando bloque principal (__name__ == '__main__').
2025-04-09 04:51:33,179 - mcp_odoo_server - INFO - Realizando verificación inicial de conexión a Odoo...
2025-04-09 04:51:33,183 - mcp_odoo_server - DEBUG - Intentando conectar a common: https://aguirrex-sirius-odoo-production-19589711.dev.odoo.com/xmlrpc/2/common
2025-04-09 04:51:37,369 - mcp_odoo_server - DEBUG - Conexión a 'common' exitosa.
2025-04-09 04:51:37,374 - mcp_odoo_server - DEBUG - Autenticando usuario 'admin' en DB 'aguirrex-sirius-odoo-production-19589711'...
2025-04-09 04:51:37,881 - mcp_odoo_server - DEBUG - Autenticación Odoo exitosa. UID: 2
2025-04-09 04:51:37,884 - mcp_odoo_server - DEBUG - Creando proxy para object: https://aguirrex-sirius-odoo-production-19589711.dev.odoo.com/xmlrpc/2/object
2025-04-09 04:51:37,887 - mcp_odoo_server - INFO - Conexión Odoo preparada (UID: 2).
2025-04-09 04:51:37,893 - mcp_odoo_server - INFO - Verificación inicial de conexión Odoo: ÉXITO.
2025-04-09 04:51:38,700 - mcp_odoo_server - INFO - Verificación de acceso ('res.users', 'read'): True
2025-04-09 04:51:38,704 - mcp_odoo_server - INFO - Iniciando el servidor MCP FastMCP en modo stdio...
2025-04-09 04:52:55,357 - mcp_odoo_server - INFO - Iniciando el servidor MCP para Odoo...
2025-04-09 04:52:55,359 - mcp_odoo_server - INFO - Archivo .env cargado desde: /home/josefdc/hackathon_odoo/mcp_odoo_fresh/.env
2025-04-09 04:52:55,359 - mcp_odoo_server - INFO - Variables de entorno de Odoo cargadas y validadas.
2025-04-09 04:52:55,360 - mcp_odoo_server - DEBUG - Configuración Odoo -> URL: https://aguirrex-sirius-odoo-production-19589711.dev.odoo.com, DB: aguirrex-sirius-odoo-production-19589711, User: admin
2025-04-09 04:52:55,374 - mcp_odoo_server - INFO - Instancia de FastMCP<'quindicolor-odoo-agent'> creada.
2025-04-09 04:52:55,403 - mcp_odoo_server - INFO - Ejecutando bloque principal (__name__ == '__main__').
2025-04-09 04:52:55,405 - mcp_odoo_server - INFO - Realizando verificación inicial de conexión a Odoo...
2025-04-09 04:52:55,407 - mcp_odoo_server - DEBUG - Intentando conectar a common: https://aguirrex-sirius-odoo-production-19589711.dev.odoo.com/xmlrpc/2/common
2025-04-09 04:52:55,739 - mcp_odoo_server - DEBUG - Conexión a 'common' exitosa.
2025-04-09 04:52:55,741 - mcp_odoo_server - DEBUG - Autenticando usuario 'admin' en DB 'aguirrex-sirius-odoo-production-19589711'...
2025-04-09 04:52:56,526 - mcp_odoo_server - DEBUG - Autenticación Odoo exitosa. UID: 2
2025-04-09 04:52:56,530 - mcp_odoo_server - DEBUG - Creando proxy para object: https://aguirrex-sirius-odoo-production-19589711.dev.odoo.com/xmlrpc/2/object
2025-04-09 04:52:56,534 - mcp_odoo_server - INFO - Conexión Odoo preparada (UID: 2).
2025-04-09 04:52:56,540 - mcp_odoo_server - INFO - Verificación inicial de conexión Odoo: ÉXITO.
2025-04-09 04:52:56,923 - mcp_odoo_server - INFO - Verificación de acceso ('res.users', 'read'): True
2025-04-09 04:52:56,929 - mcp_odoo_server - INFO - Iniciando el servidor MCP FastMCP en modo stdio...
2025-04-09 04:52:58,591 - mcp_odoo_server - INFO - Ejecutando herramienta 'buscar_cliente' con nombre: 'margen'
2025-04-09 04:52:58,596 - mcp_odoo_server - DEBUG - Intentando conectar a common: https://aguirrex-sirius-odoo-production-19589711.dev.odoo.com/xmlrpc/2/common
2025-04-09 04:52:58,968 - mcp_odoo_server - DEBUG - Conexión a 'common' exitosa.
2025-04-09 04:52:58,972 - mcp_odoo_server - DEBUG - Autenticando usuario 'admin' en DB 'aguirrex-sirius-odoo-production-19589711'...
2025-04-09 04:52:59,598 - mcp_odoo_server - DEBUG - Autenticación Odoo exitosa. UID: 2
2025-04-09 04:52:59,603 - mcp_odoo_server - DEBUG - Creando proxy para object: https://aguirrex-sirius-odoo-production-19589711.dev.odoo.com/xmlrpc/2/object
2025-04-09 04:52:59,608 - mcp_odoo_server - INFO - Conexión Odoo preparada (UID: 2).
2025-04-09 04:52:59,614 - mcp_odoo_server - DEBUG - Odoo Call: model='res.partner', method='search_read', domain=[['name', 'ilike', 'margen']], fields=['id', 'name', 'email', 'phone'], limit=5
2025-04-09 04:52:59,979 - mcp_odoo_server - INFO - Odoo devolvió 0 cliente(s) para 'margen'.
2025-04-09 04:55:03,618 - mcp_odoo_server - INFO - Iniciando el servidor MCP para Odoo...
2025-04-09 04:55:03,620 - mcp_odoo_server - INFO - Archivo .env cargado desde: /home/josefdc/hackathon_odoo/mcp_odoo_fresh/.env
2025-04-09 04:55:03,620 - mcp_odoo_server - INFO - Variables de entorno de Odoo cargadas y validadas.
2025-04-09 04:55:03,620 - mcp_odoo_server - DEBUG - Configuración Odoo -> URL: https://aguirrex-sirius-odoo-production-19589711.dev.odoo.com, DB: aguirrex-sirius-odoo-production-19589711, User: admin
2025-04-09 04:55:03,637 - mcp_odoo_server - INFO - Instancia de FastMCP<'quindicolor-odoo-agent'> creada.
2025-04-09 04:55:03,709 - mcp_odoo_server - INFO - Ejecutando bloque principal (__name__ == '__main__').
2025-04-09 04:55:03,713 - mcp_odoo_server - INFO - Realizando verificación inicial de conexión a Odoo...
2025-04-09 04:55:03,717 - mcp_odoo_server - DEBUG - Intentando conectar a common: https://aguirrex-sirius-odoo-production-19589711.dev.odoo.com/xmlrpc/2/common
2025-04-09 04:55:04,113 - mcp_odoo_server - DEBUG - Conexión a 'common' exitosa.
2025-04-09 04:55:04,118 - mcp_odoo_server - DEBUG - Autenticando usuario 'admin' en DB 'aguirrex-sirius-odoo-production-19589711'...
2025-04-09 04:55:04,671 - mcp_odoo_server - DEBUG - Autenticación Odoo exitosa. UID: 2
2025-04-09 04:55:04,674 - mcp_odoo_server - DEBUG - Creando proxy para object: https://aguirrex-sirius-odoo-production-19589711.dev.odoo.com/xmlrpc/2/object
2025-04-09 04:55:04,678 - mcp_odoo_server - INFO - Conexión Odoo preparada (UID: 2).
2025-04-09 04:55:04,682 - mcp_odoo_server - INFO - Verificación inicial de conexión Odoo: ÉXITO.
2025-04-09 04:55:05,171 - mcp_odoo_server - INFO - Verificación de acceso ('res.users', 'read'): True
2025-04-09 04:55:05,176 - mcp_odoo_server - INFO - Iniciando el servidor MCP FastMCP en modo stdio...
2025-04-09 04:57:05,140 - mcp_odoo_server - INFO - Iniciando el servidor MCP para Odoo...
2025-04-09 04:57:05,141 - mcp_odoo_server - INFO - Archivo .env cargado desde: /home/josefdc/hackathon_odoo/mcp_odoo_fresh/.env
2025-04-09 04:57:05,141 - mcp_odoo_server - INFO - Variables de entorno de Odoo cargadas y validadas.
2025-04-09 04:57:05,141 - mcp_odoo_server - DEBUG - Configuración Odoo -> URL: https://aguirrex-sirius-odoo-production-19589711.dev.odoo.com, DB: aguirrex-sirius-odoo-production-19589711, User: admin
2025-04-09 04:57:05,148 - mcp_odoo_server - INFO - Instancia de FastMCP<'quindicolor-odoo-agent'> creada.
2025-04-09 04:57:05,172 - mcp_odoo_server - INFO - Ejecutando bloque principal (__name__ == '__main__').
2025-04-09 04:57:05,173 - mcp_odoo_server - INFO - Realizando verificación inicial de conexión a Odoo...
2025-04-09 04:57:05,174 - mcp_odoo_server - DEBUG - Intentando conectar a common: https://aguirrex-sirius-odoo-production-19589711.dev.odoo.com/xmlrpc/2/common
2025-04-09 04:57:05,505 - mcp_odoo_server - DEBUG - Conexión a 'common' exitosa.
2025-04-09 04:57:05,507 - mcp_odoo_server - DEBUG - Autenticando usuario 'admin' en DB 'aguirrex-sirius-odoo-production-19589711'...
2025-04-09 04:57:06,077 - mcp_odoo_server - DEBUG - Autenticación Odoo exitosa. UID: 2
2025-04-09 04:57:06,080 - mcp_odoo_server - DEBUG - Creando proxy para object: https://aguirrex-sirius-odoo-production-19589711.dev.odoo.com/xmlrpc/2/object
2025-04-09 04:57:06,083 - mcp_odoo_server - INFO - Conexión Odoo preparada (UID: 2).
2025-04-09 04:57:06,089 - mcp_odoo_server - INFO - Verificación inicial de conexión Odoo: ÉXITO.
2025-04-09 04:57:06,444 - mcp_odoo_server - INFO - Verificación de acceso ('res.users', 'read'): True
2025-04-09 04:57:06,448 - mcp_odoo_server - INFO - Iniciando el servidor MCP FastMCP en modo stdio...
2025-04-09 04:58:18,312 - mcp_odoo_server - INFO - Iniciando el servidor MCP para Odoo...
2025-04-09 04:58:18,313 - mcp_odoo_server - INFO - Archivo .env cargado desde: /home/josefdc/hackathon_odoo/mcp_odoo_fresh/.env
2025-04-09 04:58:18,313 - mcp_odoo_server - INFO - Variables de entorno de Odoo cargadas y validadas.
2025-04-09 04:58:18,313 - mcp_odoo_server - DEBUG - Configuración Odoo -> URL: https://aguirrex-sirius-odoo-production-19589711.dev.odoo.com, DB: aguirrex-sirius-odoo-production-19589711, User: admin
2025-04-09 04:58:18,325 - mcp_odoo_server - INFO - Instancia de FastMCP<'quindicolor-odoo-agent'> creada.
2025-04-09 04:58:18,400 - mcp_odoo_server - INFO - Ejecutando bloque principal (__name__ == '__main__').
2025-04-09 04:58:18,404 - mcp_odoo_server - INFO - Realizando verificación inicial de conexión a Odoo...
2025-04-09 04:58:18,409 - mcp_odoo_server - DEBUG - Intentando conectar a common: https://aguirrex-sirius-odoo-production-19589711.dev.odoo.com/xmlrpc/2/common
2025-04-09 04:58:18,911 - mcp_odoo_server - DEBUG - Conexión a 'common' exitosa.
2025-04-09 04:58:18,916 - mcp_odoo_server - DEBUG - Autenticando usuario 'admin' en DB 'aguirrex-sirius-odoo-production-19589711'...
2025-04-09 04:58:19,396 - mcp_odoo_server - DEBUG - Autenticación Odoo exitosa. UID: 2
2025-04-09 04:58:19,398 - mcp_odoo_server - DEBUG - Creando proxy para object: https://aguirrex-sirius-odoo-production-19589711.dev.odoo.com/xmlrpc/2/object
2025-04-09 04:58:19,399 - mcp_odoo_server - INFO - Conexión Odoo preparada (UID: 2).
2025-04-09 04:58:19,401 - mcp_odoo_server - INFO - Verificación inicial de conexión Odoo: ÉXITO.
2025-04-09 04:58:19,742 - mcp_odoo_server - INFO - Verificación de acceso ('res.users', 'read'): True
2025-04-09 04:58:19,746 - mcp_odoo_server - INFO - Iniciando el servidor MCP FastMCP en modo stdio...
2025-04-09 05:00:03,885 - mcp_odoo_server - INFO - Iniciando el servidor MCP para Odoo...
2025-04-09 05:00:03,886 - mcp_odoo_server - INFO - Archivo .env cargado desde: /home/josefdc/hackathon_odoo/mcp_odoo_fresh/.env
2025-04-09 05:00:03,887 - mcp_odoo_server - INFO - Variables de entorno de Odoo cargadas y validadas.
2025-04-09 05:00:03,887 - mcp_odoo_server - DEBUG - Configuración Odoo -> URL: https://aguirrex-sirius-odoo-production-19589711.dev.odoo.com, DB: aguirrex-sirius-odoo-production-19589711, User: admin
2025-04-09 05:00:03,896 - mcp_odoo_server - INFO - Instancia de FastMCP<'quindicolor-odoo-agent'> creada.
2025-04-09 05:00:03,961 - mcp_odoo_server - INFO - Ejecutando bloque principal (__name__ == '__main__').
2025-04-09 05:00:03,965 - mcp_odoo_server - INFO - Realizando verificación inicial de conexión a Odoo...
2025-04-09 05:00:03,968 - mcp_odoo_server - DEBUG - Intentando conectar a common: https://aguirrex-sirius-odoo-production-19589711.dev.odoo.com/xmlrpc/2/common
2025-04-09 05:00:04,361 - mcp_odoo_server - DEBUG - Conexión a 'common' exitosa.
2025-04-09 05:00:04,364 - mcp_odoo_server - DEBUG - Autenticando usuario 'admin' en DB 'aguirrex-sirius-odoo-production-19589711'...
2025-04-09 05:00:04,972 - mcp_odoo_server - DEBUG - Autenticación Odoo exitosa. UID: 2
2025-04-09 05:00:04,977 - mcp_odoo_server - DEBUG - Creando proxy para object: https://aguirrex-sirius-odoo-production-19589711.dev.odoo.com/xmlrpc/2/object
2025-04-09 05:00:04,982 - mcp_odoo_server - INFO - Conexión Odoo preparada (UID: 2).
2025-04-09 05:00:04,990 - mcp_odoo_server - INFO - Verificación inicial de conexión Odoo: ÉXITO.
2025-04-09 05:00:05,415 - mcp_odoo_server - INFO - Verificación de acceso ('res.users', 'read'): True
2025-04-09 05:00:05,420 - mcp_odoo_server - INFO - Iniciando el servidor MCP FastMCP en modo stdio...
2025-04-09 05:00:07,239 - mcp_odoo_server - INFO - Tool: listar_productos ejecutado.
2025-04-09 05:00:07,243 - mcp_odoo_server - DEBUG - Intentando conectar a common: https://aguirrex-sirius-odoo-production-19589711.dev.odoo.com/xmlrpc/2/common
2025-04-09 05:00:07,617 - mcp_odoo_server - DEBUG - Conexión a 'common' exitosa.
2025-04-09 05:00:07,621 - mcp_odoo_server - DEBUG - Autenticando usuario 'admin' en DB 'aguirrex-sirius-odoo-production-19589711'...
2025-04-09 05:00:08,249 - mcp_odoo_server - DEBUG - Autenticación Odoo exitosa. UID: 2
2025-04-09 05:00:08,253 - mcp_odoo_server - DEBUG - Creando proxy para object: https://aguirrex-sirius-odoo-production-19589711.dev.odoo.com/xmlrpc/2/object
2025-04-09 05:00:08,256 - mcp_odoo_server - INFO - Conexión Odoo preparada (UID: 2).
2025-04-09 05:00:08,261 - mcp_odoo_server - DEBUG - Odoo Call: product.product.search_read, domain=[['sale_ok', '=', True]], fields=['id', 'name', 'default_code', 'list_price'], limit=20
2025-04-09 05:00:08,675 - mcp_odoo_server - INFO - Odoo devolvió 20 producto(s) (límite 20).
2025-04-09 05:02:10,289 - mcp_odoo_server - INFO - Iniciando el servidor MCP para Odoo...
2025-04-09 05:02:10,290 - mcp_odoo_server - INFO - Archivo .env cargado desde: /home/josefdc/hackathon_odoo/mcp_odoo_fresh/.env
2025-04-09 05:02:10,290 - mcp_odoo_server - INFO - Variables de entorno de Odoo cargadas y validadas.
2025-04-09 05:02:10,290 - mcp_odoo_server - DEBUG - Configuración Odoo -> URL: https://aguirrex-sirius-odoo-production-19589711.dev.odoo.com, DB: aguirrex-sirius-odoo-production-19589711, User: admin
2025-04-09 05:02:10,297 - mcp_odoo_server - INFO - Instancia de FastMCP<'quindicolor-odoo-agent'> creada.
2025-04-09 05:02:10,322 - mcp_odoo_server - INFO - Ejecutando bloque principal (__name__ == '__main__').
2025-04-09 05:02:10,324 - mcp_odoo_server - INFO - Realizando verificación inicial de conexión a Odoo...
2025-04-09 05:02:10,325 - mcp_odoo_server - DEBUG - Intentando conectar a common: https://aguirrex-sirius-odoo-production-19589711.dev.odoo.com/xmlrpc/2/common
2025-04-09 05:02:10,931 - mcp_odoo_server - DEBUG - Conexión a 'common' exitosa.
2025-04-09 05:02:10,935 - mcp_odoo_server - DEBUG - Autenticando usuario 'admin' en DB 'aguirrex-sirius-odoo-production-19589711'...
2025-04-09 05:02:11,746 - mcp_odoo_server - DEBUG - Autenticación Odoo exitosa. UID: 2
2025-04-09 05:02:11,750 - mcp_odoo_server - DEBUG - Creando proxy para object: https://aguirrex-sirius-odoo-production-19589711.dev.odoo.com/xmlrpc/2/object
2025-04-09 05:02:11,754 - mcp_odoo_server - INFO - Conexión Odoo preparada (UID: 2).
2025-04-09 05:02:11,759 - mcp_odoo_server - INFO - Verificación inicial de conexión Odoo: ÉXITO.
2025-04-09 05:02:12,181 - mcp_odoo_server - INFO - Verificación de acceso ('res.users', 'read'): True
2025-04-09 05:02:12,186 - mcp_odoo_server - INFO - Iniciando el servidor MCP FastMCP en modo stdio...
2025-04-09 05:46:09,859 - mcp_odoo_server - INFO - Iniciando el servidor MCP para Odoo...
2025-04-09 05:46:09,861 - mcp_odoo_server - INFO - Archivo .env cargado desde: /home/josefdc/hackathon_odoo/mcp_odoo_fresh/.env
2025-04-09 05:46:09,861 - mcp_odoo_server - INFO - Variables de entorno de Odoo cargadas y validadas.
2025-04-09 05:46:09,861 - mcp_odoo_server - DEBUG - Configuración Odoo -> URL: https://aguirrex-sirius-odoo-production-19589711.dev.odoo.com, DB: aguirrex-sirius-odoo-production-19589711, User: admin
2025-04-09 05:46:09,866 - mcp_odoo_server - INFO - Instancia de FastMCP<'quindicolor-odoo-agent'> creada.
2025-04-09 05:46:09,891 - mcp_odoo_server - INFO - Ejecutando bloque principal (__name__ == '__main__').
2025-04-09 05:46:09,893 - mcp_odoo_server - INFO - Realizando verificación inicial de conexión a Odoo...
2025-04-09 05:46:09,894 - mcp_odoo_server - DEBUG - Intentando conectar a common: https://aguirrex-sirius-odoo-production-19589711.dev.odoo.com/xmlrpc/2/common
2025-04-09 05:46:10,340 - mcp_odoo_server - DEBUG - Conexión a 'common' exitosa.
2025-04-09 05:46:10,345 - mcp_odoo_server - DEBUG - Autenticando usuario 'admin' en DB 'aguirrex-sirius-odoo-production-19589711'...
2025-04-09 05:46:10,937 - mcp_odoo_server - DEBUG - Autenticación Odoo exitosa. UID: 2
2025-04-09 05:46:10,939 - mcp_odoo_server - DEBUG - Creando proxy para object: https://aguirrex-sirius-odoo-production-19589711.dev.odoo.com/xmlrpc/2/object
2025-04-09 05:46:10,941 - mcp_odoo_server - INFO - Conexión Odoo preparada (UID: 2).
2025-04-09 05:46:10,943 - mcp_odoo_server - INFO - Verificación inicial de conexión Odoo: ÉXITO.
2025-04-09 05:46:11,600 - mcp_odoo_server - INFO - Verificación de acceso ('res.users', 'read'): True
2025-04-09 05:46:11,602 - mcp_odoo_server - INFO - Iniciando el servidor MCP FastMCP en modo stdio...
2025-04-09 05:46:13,730 - mcp_odoo_server - INFO - Ejecutando herramienta 'buscar_cliente' con nombre: 'Geminio Furniture'
2025-04-09 05:46:13,731 - mcp_odoo_server - DEBUG - Intentando conectar a common: https://aguirrex-sirius-odoo-production-19589711.dev.odoo.com/xmlrpc/2/common
2025-04-09 05:46:14,026 - mcp_odoo_server - DEBUG - Conexión a 'common' exitosa.
2025-04-09 05:46:14,029 - mcp_odoo_server - DEBUG - Autenticando usuario 'admin' en DB 'aguirrex-sirius-odoo-production-19589711'...
2025-04-09 05:46:14,583 - mcp_odoo_server - DEBUG - Autenticación Odoo exitosa. UID: 2
2025-04-09 05:46:14,585 - mcp_odoo_server - DEBUG - Creando proxy para object: https://aguirrex-sirius-odoo-production-19589711.dev.odoo.com/xmlrpc/2/object
2025-04-09 05:46:14,586 - mcp_odoo_server - INFO - Conexión Odoo preparada (UID: 2).
2025-04-09 05:46:14,589 - mcp_odoo_server - DEBUG - Odoo Call: model='res.partner', method='search_read', domain=[['name', 'ilike', 'Geminio Furniture']], fields=['id', 'name', 'email', 'phone'], limit=5
2025-04-09 05:46:14,894 - mcp_odoo_server - INFO - Odoo devolvió 0 cliente(s) para 'Geminio Furniture'.
2025-04-09 05:46:45,581 - mcp_odoo_server - INFO - Iniciando el servidor MCP para Odoo...
2025-04-09 05:46:45,581 - mcp_odoo_server - INFO - Archivo .env cargado desde: /home/josefdc/hackathon_odoo/mcp_odoo_fresh/.env
2025-04-09 05:46:45,581 - mcp_odoo_server - INFO - Variables de entorno de Odoo cargadas y validadas.
2025-04-09 05:46:45,581 - mcp_odoo_server - DEBUG - Configuración Odoo -> URL: https://aguirrex-sirius-odoo-production-19589711.dev.odoo.com, DB: aguirrex-sirius-odoo-production-19589711, User: admin
2025-04-09 05:46:45,586 - mcp_odoo_server - INFO - Instancia de FastMCP<'quindicolor-odoo-agent'> creada.
2025-04-09 05:46:45,613 - mcp_odoo_server - INFO - Ejecutando bloque principal (__name__ == '__main__').
2025-04-09 05:46:45,614 - mcp_odoo_server - INFO - Realizando verificación inicial de conexión a Odoo...
2025-04-09 05:46:45,615 - mcp_odoo_server - DEBUG - Intentando conectar a common: https://aguirrex-sirius-odoo-production-19589711.dev.odoo.com/xmlrpc/2/common
2025-04-09 05:46:45,912 - mcp_odoo_server - DEBUG - Conexión a 'common' exitosa.
2025-04-09 05:46:45,916 - mcp_odoo_server - DEBUG - Autenticando usuario 'admin' en DB 'aguirrex-sirius-odoo-production-19589711'...
2025-04-09 05:46:46,519 - mcp_odoo_server - DEBUG - Autenticación Odoo exitosa. UID: 2
2025-04-09 05:46:46,520 - mcp_odoo_server - DEBUG - Creando proxy para object: https://aguirrex-sirius-odoo-production-19589711.dev.odoo.com/xmlrpc/2/object
2025-04-09 05:46:46,521 - mcp_odoo_server - INFO - Conexión Odoo preparada (UID: 2).
2025-04-09 05:46:46,524 - mcp_odoo_server - INFO - Verificación inicial de conexión Odoo: ÉXITO.
2025-04-09 05:46:46,815 - mcp_odoo_server - INFO - Verificación de acceso ('res.users', 'read'): True
2025-04-09 05:46:46,816 - mcp_odoo_server - INFO - Iniciando el servidor MCP FastMCP en modo stdio...
2025-04-09 05:46:48,265 - mcp_odoo_server - INFO - Ejecutando herramienta 'buscar_cliente' con nombre: 'Marc Demo'
2025-04-09 05:46:48,268 - mcp_odoo_server - DEBUG - Intentando conectar a common: https://aguirrex-sirius-odoo-production-19589711.dev.odoo.com/xmlrpc/2/common
2025-04-09 05:46:48,557 - mcp_odoo_server - DEBUG - Conexión a 'common' exitosa.
2025-04-09 05:46:48,559 - mcp_odoo_server - DEBUG - Autenticando usuario 'admin' en DB 'aguirrex-sirius-odoo-production-19589711'...
2025-04-09 05:46:49,117 - mcp_odoo_server - DEBUG - Autenticación Odoo exitosa. UID: 2
2025-04-09 05:46:49,119 - mcp_odoo_server - DEBUG - Creando proxy para object: https://aguirrex-sirius-odoo-production-19589711.dev.odoo.com/xmlrpc/2/object
2025-04-09 05:46:49,120 - mcp_odoo_server - INFO - Conexión Odoo preparada (UID: 2).
2025-04-09 05:46:49,123 - mcp_odoo_server - DEBUG - Odoo Call: model='res.partner', method='search_read', domain=[['name', 'ilike', 'Marc Demo']], fields=['id', 'name', 'email', 'phone'], limit=5
2025-04-09 05:46:49,423 - mcp_odoo_server - INFO - Odoo devolvió 0 cliente(s) para 'Marc Demo'.
2025-04-09 05:47:02,899 - mcp_odoo_server - INFO - Iniciando el servidor MCP para Odoo...
2025-04-09 05:47:02,899 - mcp_odoo_server - INFO - Archivo .env cargado desde: /home/josefdc/hackathon_odoo/mcp_odoo_fresh/.env
2025-04-09 05:47:02,899 - mcp_odoo_server - INFO - Variables de entorno de Odoo cargadas y validadas.
2025-04-09 05:47:02,899 - mcp_odoo_server - DEBUG - Configuración Odoo -> URL: https://aguirrex-sirius-odoo-production-19589711.dev.odoo.com, DB: aguirrex-sirius-odoo-production-19589711, User: admin
2025-04-09 05:47:02,904 - mcp_odoo_server - INFO - Instancia de FastMCP<'quindicolor-odoo-agent'> creada.
2025-04-09 05:47:02,925 - mcp_odoo_server - INFO - Ejecutando bloque principal (__name__ == '__main__').
2025-04-09 05:47:02,926 - mcp_odoo_server - INFO - Realizando verificación inicial de conexión a Odoo...
2025-04-09 05:47:02,927 - mcp_odoo_server - DEBUG - Intentando conectar a common: https://aguirrex-sirius-odoo-production-19589711.dev.odoo.com/xmlrpc/2/common
2025-04-09 05:47:03,214 - mcp_odoo_server - DEBUG - Conexión a 'common' exitosa.
2025-04-09 05:47:03,216 - mcp_odoo_server - DEBUG - Autenticando usuario 'admin' en DB 'aguirrex-sirius-odoo-production-19589711'...
2025-04-09 05:47:03,794 - mcp_odoo_server - DEBUG - Autenticación Odoo exitosa. UID: 2
2025-04-09 05:47:03,795 - mcp_odoo_server - DEBUG - Creando proxy para object: https://aguirrex-sirius-odoo-production-19589711.dev.odoo.com/xmlrpc/2/object
2025-04-09 05:47:03,796 - mcp_odoo_server - INFO - Conexión Odoo preparada (UID: 2).
2025-04-09 05:47:03,797 - mcp_odoo_server - INFO - Verificación inicial de conexión Odoo: ÉXITO.
2025-04-09 05:47:04,088 - mcp_odoo_server - INFO - Verificación de acceso ('res.users', 'read'): True
2025-04-09 05:47:04,089 - mcp_odoo_server - INFO - Iniciando el servidor MCP FastMCP en modo stdio...
2025-04-09 05:47:26,858 - mcp_odoo_server - INFO - Iniciando el servidor MCP para Odoo...
2025-04-09 05:47:26,859 - mcp_odoo_server - INFO - Archivo .env cargado desde: /home/josefdc/hackathon_odoo/mcp_odoo_fresh/.env
2025-04-09 05:47:26,859 - mcp_odoo_server - INFO - Variables de entorno de Odoo cargadas y validadas.
2025-04-09 05:47:26,859 - mcp_odoo_server - DEBUG - Configuración Odoo -> URL: https://aguirrex-sirius-odoo-production-19589711.dev.odoo.com, DB: aguirrex-sirius-odoo-production-19589711, User: admin
2025-04-09 05:47:26,864 - mcp_odoo_server - INFO - Instancia de FastMCP<'quindicolor-odoo-agent'> creada.
2025-04-09 05:47:26,892 - mcp_odoo_server - INFO - Ejecutando bloque principal (__name__ == '__main__').
2025-04-09 05:47:26,893 - mcp_odoo_server - INFO - Realizando verificación inicial de conexión a Odoo...
2025-04-09 05:47:26,896 - mcp_odoo_server - DEBUG - Intentando conectar a common: https://aguirrex-sirius-odoo-production-19589711.dev.odoo.com/xmlrpc/2/common
2025-04-09 05:47:27,207 - mcp_odoo_server - DEBUG - Conexión a 'common' exitosa.
2025-04-09 05:47:27,208 - mcp_odoo_server - DEBUG - Autenticando usuario 'admin' en DB 'aguirrex-sirius-odoo-production-19589711'...
2025-04-09 05:47:27,768 - mcp_odoo_server - DEBUG - Autenticación Odoo exitosa. UID: 2
2025-04-09 05:47:27,770 - mcp_odoo_server - DEBUG - Creando proxy para object: https://aguirrex-sirius-odoo-production-19589711.dev.odoo.com/xmlrpc/2/object
2025-04-09 05:47:27,773 - mcp_odoo_server - INFO - Conexión Odoo preparada (UID: 2).
2025-04-09 05:47:27,775 - mcp_odoo_server - INFO - Verificación inicial de conexión Odoo: ÉXITO.
2025-04-09 05:47:28,088 - mcp_odoo_server - INFO - Verificación de acceso ('res.users', 'read'): True
2025-04-09 05:47:28,090 - mcp_odoo_server - INFO - Iniciando el servidor MCP FastMCP en modo stdio...
2025-04-09 05:47:29,420 - mcp_odoo_server - INFO - Ejecutando herramienta 'buscar_cliente' con nombre: 'marc demo'
2025-04-09 05:47:29,421 - mcp_odoo_server - DEBUG - Intentando conectar a common: https://aguirrex-sirius-odoo-production-19589711.dev.odoo.com/xmlrpc/2/common
2025-04-09 05:47:29,952 - mcp_odoo_server - DEBUG - Conexión a 'common' exitosa.
2025-04-09 05:47:29,954 - mcp_odoo_server - DEBUG - Autenticando usuario 'admin' en DB 'aguirrex-sirius-odoo-production-19589711'...
2025-04-09 05:47:30,406 - mcp_odoo_server - DEBUG - Autenticación Odoo exitosa. UID: 2
2025-04-09 05:47:30,411 - mcp_odoo_server - DEBUG - Creando proxy para object: https://aguirrex-sirius-odoo-production-19589711.dev.odoo.com/xmlrpc/2/object
2025-04-09 05:47:30,413 - mcp_odoo_server - INFO - Conexión Odoo preparada (UID: 2).
2025-04-09 05:47:30,416 - mcp_odoo_server - DEBUG - Odoo Call: model='res.partner', method='search_read', domain=[['name', 'ilike', 'marc demo']], fields=['id', 'name', 'email', 'phone'], limit=5
2025-04-09 05:47:30,718 - mcp_odoo_server - INFO - Odoo devolvió 0 cliente(s) para 'marc demo'.
2025-04-09 05:48:48,519 - mcp_odoo_server - INFO - Iniciando el servidor MCP para Odoo...
2025-04-09 05:48:48,520 - mcp_odoo_server - INFO - Archivo .env cargado desde: /home/josefdc/hackathon_odoo/mcp_odoo_fresh/.env
2025-04-09 05:48:48,520 - mcp_odoo_server - INFO - Variables de entorno de Odoo cargadas y validadas.
2025-04-09 05:48:48,520 - mcp_odoo_server - DEBUG - Configuración Odoo -> URL: https://aguirrex-sirius-odoo-production-19589711.dev.odoo.com, DB: aguirrex-sirius-odoo-production-19589711, User: admin
2025-04-09 05:48:48,524 - mcp_odoo_server - INFO - Instancia de FastMCP<'quindicolor-odoo-agent'> creada.
2025-04-09 05:48:48,549 - mcp_odoo_server - INFO - Ejecutando bloque principal (__name__ == '__main__').
2025-04-09 05:48:48,551 - mcp_odoo_server - INFO - Realizando verificación inicial de conexión a Odoo...
2025-04-09 05:48:48,551 - mcp_odoo_server - DEBUG - Intentando conectar a common: https://aguirrex-sirius-odoo-production-19589711.dev.odoo.com/xmlrpc/2/common
2025-04-09 05:48:48,839 - mcp_odoo_server - DEBUG - Conexión a 'common' exitosa.
2025-04-09 05:48:48,845 - mcp_odoo_server - DEBUG - Autenticando usuario 'admin' en DB 'aguirrex-sirius-odoo-production-19589711'...
2025-04-09 05:48:49,605 - mcp_odoo_server - DEBUG - Autenticación Odoo exitosa. UID: 2
2025-04-09 05:48:49,607 - mcp_odoo_server - DEBUG - Creando proxy para object: https://aguirrex-sirius-odoo-production-19589711.dev.odoo.com/xmlrpc/2/object
2025-04-09 05:48:49,608 - mcp_odoo_server - INFO - Conexión Odoo preparada (UID: 2).
2025-04-09 05:48:49,610 - mcp_odoo_server - INFO - Verificación inicial de conexión Odoo: ÉXITO.
2025-04-09 05:48:50,618 - mcp_odoo_server - INFO - Verificación de acceso ('res.users', 'read'): True
2025-04-09 05:48:50,620 - mcp_odoo_server - INFO - Iniciando el servidor MCP FastMCP en modo stdio...
2025-04-09 05:48:52,560 - mcp_odoo_server - INFO - Ejecutando herramienta 'buscar_cliente' con nombre: 'Don Pepe'
2025-04-09 05:48:52,561 - mcp_odoo_server - DEBUG - Intentando conectar a common: https://aguirrex-sirius-odoo-production-19589711.dev.odoo.com/xmlrpc/2/common
2025-04-09 05:48:52,845 - mcp_odoo_server - DEBUG - Conexión a 'common' exitosa.
2025-04-09 05:48:52,847 - mcp_odoo_server - DEBUG - Autenticando usuario 'admin' en DB 'aguirrex-sirius-odoo-production-19589711'...
2025-04-09 05:48:53,413 - mcp_odoo_server - DEBUG - Autenticación Odoo exitosa. UID: 2
2025-04-09 05:48:53,418 - mcp_odoo_server - DEBUG - Creando proxy para object: https://aguirrex-sirius-odoo-production-19589711.dev.odoo.com/xmlrpc/2/object
2025-04-09 05:48:53,419 - mcp_odoo_server - INFO - Conexión Odoo preparada (UID: 2).
2025-04-09 05:48:53,423 - mcp_odoo_server - DEBUG - Odoo Call: model='res.partner', method='search_read', domain=[['name', 'ilike', 'Don Pepe']], fields=['id', 'name', 'email', 'phone'], limit=5
2025-04-09 05:48:53,715 - mcp_odoo_server - INFO - Odoo devolvió 1 cliente(s) para 'Don Pepe'.
2025-04-09 05:49:36,980 - mcp_odoo_server - INFO - Iniciando el servidor MCP para Odoo...
2025-04-09 05:49:36,981 - mcp_odoo_server - INFO - Archivo .env cargado desde: /home/josefdc/hackathon_odoo/mcp_odoo_fresh/.env
2025-04-09 05:49:36,981 - mcp_odoo_server - INFO - Variables de entorno de Odoo cargadas y validadas.
2025-04-09 05:49:36,981 - mcp_odoo_server - DEBUG - Configuración Odoo -> URL: https://aguirrex-sirius-odoo-production-19589711.dev.odoo.com, DB: aguirrex-sirius-odoo-production-19589711, User: admin
2025-04-09 05:49:36,990 - mcp_odoo_server - INFO - Instancia de FastMCP<'quindicolor-odoo-agent'> creada.
2025-04-09 05:49:37,026 - mcp_odoo_server - INFO - Ejecutando bloque principal (__name__ == '__main__').
2025-04-09 05:49:37,027 - mcp_odoo_server - INFO - Realizando verificación inicial de conexión a Odoo...
2025-04-09 05:49:37,028 - mcp_odoo_server - DEBUG - Intentando conectar a common: https://aguirrex-sirius-odoo-production-19589711.dev.odoo.com/xmlrpc/2/common
2025-04-09 05:49:37,319 - mcp_odoo_server - DEBUG - Conexión a 'common' exitosa.
2025-04-09 05:49:37,323 - mcp_odoo_server - DEBUG - Autenticando usuario 'admin' en DB 'aguirrex-sirius-odoo-production-19589711'...
2025-04-09 05:49:37,874 - mcp_odoo_server - DEBUG - Autenticación Odoo exitosa. UID: 2
2025-04-09 05:49:37,876 - mcp_odoo_server - DEBUG - Creando proxy para object: https://aguirrex-sirius-odoo-production-19589711.dev.odoo.com/xmlrpc/2/object
2025-04-09 05:49:37,877 - mcp_odoo_server - INFO - Conexión Odoo preparada (UID: 2).
2025-04-09 05:49:37,878 - mcp_odoo_server - INFO - Verificación inicial de conexión Odoo: ÉXITO.
2025-04-09 05:49:38,166 - mcp_odoo_server - INFO - Verificación de acceso ('res.users', 'read'): True
2025-04-09 05:49:38,171 - mcp_odoo_server - INFO - Iniciando el servidor MCP FastMCP en modo stdio...
2025-04-09 05:49:39,796 - mcp_odoo_server - INFO - Ejecutando herramienta 'buscar_cliente' con nombre: 'Juan Aguirre'
2025-04-09 05:49:39,796 - mcp_odoo_server - DEBUG - Intentando conectar a common: https://aguirrex-sirius-odoo-production-19589711.dev.odoo.com/xmlrpc/2/common
2025-04-09 05:49:40,085 - mcp_odoo_server - DEBUG - Conexión a 'common' exitosa.
2025-04-09 05:49:40,087 - mcp_odoo_server - DEBUG - Autenticando usuario 'admin' en DB 'aguirrex-sirius-odoo-production-19589711'...
2025-04-09 05:49:40,643 - mcp_odoo_server - DEBUG - Autenticación Odoo exitosa. UID: 2
2025-04-09 05:49:40,645 - mcp_odoo_server - DEBUG - Creando proxy para object: https://aguirrex-sirius-odoo-production-19589711.dev.odoo.com/xmlrpc/2/object
2025-04-09 05:49:40,646 - mcp_odoo_server - INFO - Conexión Odoo preparada (UID: 2).
2025-04-09 05:49:40,649 - mcp_odoo_server - DEBUG - Odoo Call: model='res.partner', method='search_read', domain=[['name', 'ilike', 'Juan Aguirre']], fields=['id', 'name', 'email', 'phone'], limit=5
2025-04-09 05:49:40,941 - mcp_odoo_server - INFO - Odoo devolvió 1 cliente(s) para 'Juan Aguirre'.
2025-04-09 05:49:59,748 - mcp_odoo_server - INFO - Iniciando el servidor MCP para Odoo...
2025-04-09 05:49:59,748 - mcp_odoo_server - INFO - Archivo .env cargado desde: /home/josefdc/hackathon_odoo/mcp_odoo_fresh/.env
2025-04-09 05:49:59,748 - mcp_odoo_server - INFO - Variables de entorno de Odoo cargadas y validadas.
2025-04-09 05:49:59,748 - mcp_odoo_server - DEBUG - Configuración Odoo -> URL: https://aguirrex-sirius-odoo-production-19589711.dev.odoo.com, DB: aguirrex-sirius-odoo-production-19589711, User: admin
2025-04-09 05:49:59,753 - mcp_odoo_server - INFO - Instancia de FastMCP<'quindicolor-odoo-agent'> creada.
2025-04-09 05:49:59,777 - mcp_odoo_server - INFO - Ejecutando bloque principal (__name__ == '__main__').
2025-04-09 05:49:59,778 - mcp_odoo_server - INFO - Realizando verificación inicial de conexión a Odoo...
2025-04-09 05:49:59,779 - mcp_odoo_server - DEBUG - Intentando conectar a common: https://aguirrex-sirius-odoo-production-19589711.dev.odoo.com/xmlrpc/2/common
2025-04-09 05:50:00,062 - mcp_odoo_server - DEBUG - Conexión a 'common' exitosa.
2025-04-09 05:50:00,068 - mcp_odoo_server - DEBUG - Autenticando usuario 'admin' en DB 'aguirrex-sirius-odoo-production-19589711'...
2025-04-09 05:50:00,616 - mcp_odoo_server - DEBUG - Autenticación Odoo exitosa. UID: 2
2025-04-09 05:50:00,617 - mcp_odoo_server - DEBUG - Creando proxy para object: https://aguirrex-sirius-odoo-production-19589711.dev.odoo.com/xmlrpc/2/object
2025-04-09 05:50:00,618 - mcp_odoo_server - INFO - Conexión Odoo preparada (UID: 2).
2025-04-09 05:50:00,619 - mcp_odoo_server - INFO - Verificación inicial de conexión Odoo: ÉXITO.
2025-04-09 05:50:00,915 - mcp_odoo_server - INFO - Verificación de acceso ('res.users', 'read'): True
2025-04-09 05:50:00,916 - mcp_odoo_server - INFO - Iniciando el servidor MCP FastMCP en modo stdio...
2025-04-09 05:50:02,535 - mcp_odoo_server - INFO - Tool: listar_productos ejecutado.
2025-04-09 05:50:02,537 - mcp_odoo_server - DEBUG - Intentando conectar a common: https://aguirrex-sirius-odoo-production-19589711.dev.odoo.com/xmlrpc/2/common
2025-04-09 05:50:02,854 - mcp_odoo_server - DEBUG - Conexión a 'common' exitosa.
2025-04-09 05:50:02,855 - mcp_odoo_server - DEBUG - Autenticando usuario 'admin' en DB 'aguirrex-sirius-odoo-production-19589711'...
2025-04-09 05:50:03,409 - mcp_odoo_server - DEBUG - Autenticación Odoo exitosa. UID: 2
2025-04-09 05:50:03,410 - mcp_odoo_server - DEBUG - Creando proxy para object: https://aguirrex-sirius-odoo-production-19589711.dev.odoo.com/xmlrpc/2/object
2025-04-09 05:50:03,411 - mcp_odoo_server - INFO - Conexión Odoo preparada (UID: 2).
2025-04-09 05:50:03,413 - mcp_odoo_server - DEBUG - Odoo Call: product.product.search_read, domain=[['sale_ok', '=', True]], fields=['id', 'name', 'default_code', 'list_price'], limit=20
2025-04-09 05:50:03,707 - mcp_odoo_server - INFO - Odoo devolvió 20 producto(s) (límite 20).
2025-04-09 05:51:10,129 - mcp_odoo_server - INFO - Iniciando el servidor MCP para Odoo...
2025-04-09 05:51:10,130 - mcp_odoo_server - INFO - Archivo .env cargado desde: /home/josefdc/hackathon_odoo/mcp_odoo_fresh/.env
2025-04-09 05:51:10,130 - mcp_odoo_server - INFO - Variables de entorno de Odoo cargadas y validadas.
2025-04-09 05:51:10,130 - mcp_odoo_server - DEBUG - Configuración Odoo -> URL: https://aguirrex-sirius-odoo-production-19589711.dev.odoo.com, DB: aguirrex-sirius-odoo-production-19589711, User: admin
2025-04-09 05:51:10,135 - mcp_odoo_server - INFO - Instancia de FastMCP<'quindicolor-odoo-agent'> creada.
2025-04-09 05:51:10,162 - mcp_odoo_server - INFO - Ejecutando bloque principal (__name__ == '__main__').
2025-04-09 05:51:10,163 - mcp_odoo_server - INFO - Realizando verificación inicial de conexión a Odoo...
2025-04-09 05:51:10,164 - mcp_odoo_server - DEBUG - Intentando conectar a common: https://aguirrex-sirius-odoo-production-19589711.dev.odoo.com/xmlrpc/2/common
2025-04-09 05:51:10,451 - mcp_odoo_server - DEBUG - Conexión a 'common' exitosa.
2025-04-09 05:51:10,452 - mcp_odoo_server - DEBUG - Autenticando usuario 'admin' en DB 'aguirrex-sirius-odoo-production-19589711'...
2025-04-09 05:51:11,010 - mcp_odoo_server - DEBUG - Autenticación Odoo exitosa. UID: 2
2025-04-09 05:51:11,012 - mcp_odoo_server - DEBUG - Creando proxy para object: https://aguirrex-sirius-odoo-production-19589711.dev.odoo.com/xmlrpc/2/object
2025-04-09 05:51:11,014 - mcp_odoo_server - INFO - Conexión Odoo preparada (UID: 2).
2025-04-09 05:51:11,016 - mcp_odoo_server - INFO - Verificación inicial de conexión Odoo: ÉXITO.
2025-04-09 05:51:11,303 - mcp_odoo_server - INFO - Verificación de acceso ('res.users', 'read'): True
2025-04-09 05:51:11,305 - mcp_odoo_server - INFO - Iniciando el servidor MCP FastMCP en modo stdio...
2025-04-09 05:51:17,002 - mcp_odoo_server - INFO - Ejecutando herramienta 'crear_cotizacion' para cliente ID: 10
2025-04-09 05:51:17,003 - mcp_odoo_server - DEBUG - Líneas recibidas: [{'product_id': 45, 'product_uom_qty': 3}, {'product_id': 167, 'product_uom_qty': 3}, {'product_id': 99, 'product_uom_qty': 3}]
2025-04-09 05:51:17,004 - mcp_odoo_server - DEBUG - Intentando conectar a common: https://aguirrex-sirius-odoo-production-19589711.dev.odoo.com/xmlrpc/2/common
2025-04-09 05:51:17,288 - mcp_odoo_server - DEBUG - Conexión a 'common' exitosa.
2025-04-09 05:51:17,289 - mcp_odoo_server - DEBUG - Autenticando usuario 'admin' en DB 'aguirrex-sirius-odoo-production-19589711'...
2025-04-09 05:51:17,904 - mcp_odoo_server - DEBUG - Autenticación Odoo exitosa. UID: 2
2025-04-09 05:51:17,906 - mcp_odoo_server - DEBUG - Creando proxy para object: https://aguirrex-sirius-odoo-production-19589711.dev.odoo.com/xmlrpc/2/object
2025-04-09 05:51:17,907 - mcp_odoo_server - INFO - Conexión Odoo preparada (UID: 2).
2025-04-09 05:51:17,909 - mcp_odoo_server - DEBUG - Odoo Call: model='sale.order', method='create', values={'partner_id': 10, 'order_line': [(0, 0, {'product_id': 45, 'product_uom_qty': 3}), (0, 0, {'product_id': 167, 'product_uom_qty': 3}), (0, 0, {'product_id': 99, 'product_uom_qty': 3})]}
2025-04-09 05:51:18,287 - mcp_odoo_server - INFO - Cotización creada exitosamente en Odoo con ID: 5
2025-04-09 05:51:36,446 - mcp_odoo_server - INFO - Iniciando el servidor MCP para Odoo...
2025-04-09 05:51:36,447 - mcp_odoo_server - INFO - Archivo .env cargado desde: /home/josefdc/hackathon_odoo/mcp_odoo_fresh/.env
2025-04-09 05:51:36,447 - mcp_odoo_server - INFO - Variables de entorno de Odoo cargadas y validadas.
2025-04-09 05:51:36,447 - mcp_odoo_server - DEBUG - Configuración Odoo -> URL: https://aguirrex-sirius-odoo-production-19589711.dev.odoo.com, DB: aguirrex-sirius-odoo-production-19589711, User: admin
2025-04-09 05:51:36,452 - mcp_odoo_server - INFO - Instancia de FastMCP<'quindicolor-odoo-agent'> creada.
2025-04-09 05:51:36,476 - mcp_odoo_server - INFO - Ejecutando bloque principal (__name__ == '__main__').
2025-04-09 05:51:36,477 - mcp_odoo_server - INFO - Realizando verificación inicial de conexión a Odoo...
2025-04-09 05:51:36,478 - mcp_odoo_server - DEBUG - Intentando conectar a common: https://aguirrex-sirius-odoo-production-19589711.dev.odoo.com/xmlrpc/2/common
2025-04-09 05:51:36,762 - mcp_odoo_server - DEBUG - Conexión a 'common' exitosa.
2025-04-09 05:51:36,763 - mcp_odoo_server - DEBUG - Autenticando usuario 'admin' en DB 'aguirrex-sirius-odoo-production-19589711'...
2025-04-09 05:51:37,318 - mcp_odoo_server - DEBUG - Autenticación Odoo exitosa. UID: 2
2025-04-09 05:51:37,320 - mcp_odoo_server - DEBUG - Creando proxy para object: https://aguirrex-sirius-odoo-production-19589711.dev.odoo.com/xmlrpc/2/object
2025-04-09 05:51:37,321 - mcp_odoo_server - INFO - Conexión Odoo preparada (UID: 2).
2025-04-09 05:51:37,323 - mcp_odoo_server - INFO - Verificación inicial de conexión Odoo: ÉXITO.
2025-04-09 05:51:37,602 - mcp_odoo_server - INFO - Verificación de acceso ('res.users', 'read'): True
2025-04-09 05:51:37,604 - mcp_odoo_server - INFO - Iniciando el servidor MCP FastMCP en modo stdio...
2025-04-09 05:51:39,140 - mcp_odoo_server - INFO - Ejecutando herramienta 'confirmar_cotizacion' para ID: 5
2025-04-09 05:51:39,140 - mcp_odoo_server - DEBUG - Intentando conectar a common: https://aguirrex-sirius-odoo-production-19589711.dev.odoo.com/xmlrpc/2/common
2025-04-09 05:51:39,422 - mcp_odoo_server - DEBUG - Conexión a 'common' exitosa.
2025-04-09 05:51:39,423 - mcp_odoo_server - DEBUG - Autenticando usuario 'admin' en DB 'aguirrex-sirius-odoo-production-19589711'...
2025-04-09 05:51:40,109 - mcp_odoo_server - DEBUG - Autenticación Odoo exitosa. UID: 2
2025-04-09 05:51:40,110 - mcp_odoo_server - DEBUG - Creando proxy para object: https://aguirrex-sirius-odoo-production-19589711.dev.odoo.com/xmlrpc/2/object
2025-04-09 05:51:40,111 - mcp_odoo_server - INFO - Conexión Odoo preparada (UID: 2).
2025-04-09 05:51:40,419 - mcp_odoo_server - INFO - Estado cotización 5 ANTES: 'draft'
2025-04-09 05:51:40,421 - mcp_odoo_server - DEBUG - Odoo Call: model='sale.order', method='action_confirm', args=[[5]]
2025-04-09 05:51:40,781 - mcp_odoo_server - INFO - 'action_confirm' llamado para cotización 5.
2025-04-09 05:51:40,895 - mcp_odoo_server - INFO - Estado cotización 5 DESPUÉS: 'sale'
2025-04-09 05:52:14,355 - mcp_odoo_server - INFO - Iniciando el servidor MCP para Odoo...
2025-04-09 05:52:14,356 - mcp_odoo_server - INFO - Archivo .env cargado desde: /home/josefdc/hackathon_odoo/mcp_odoo_fresh/.env
2025-04-09 05:52:14,356 - mcp_odoo_server - INFO - Variables de entorno de Odoo cargadas y validadas.
2025-04-09 05:52:14,356 - mcp_odoo_server - DEBUG - Configuración Odoo -> URL: https://aguirrex-sirius-odoo-production-19589711.dev.odoo.com, DB: aguirrex-sirius-odoo-production-19589711, User: admin
2025-04-09 05:52:14,361 - mcp_odoo_server - INFO - Instancia de FastMCP<'quindicolor-odoo-agent'> creada.
2025-04-09 05:52:14,384 - mcp_odoo_server - INFO - Ejecutando bloque principal (__name__ == '__main__').
2025-04-09 05:52:14,386 - mcp_odoo_server - INFO - Realizando verificación inicial de conexión a Odoo...
2025-04-09 05:52:14,387 - mcp_odoo_server - DEBUG - Intentando conectar a common: https://aguirrex-sirius-odoo-production-19589711.dev.odoo.com/xmlrpc/2/common
2025-04-09 05:52:14,669 - mcp_odoo_server - DEBUG - Conexión a 'common' exitosa.
2025-04-09 05:52:14,670 - mcp_odoo_server - DEBUG - Autenticando usuario 'admin' en DB 'aguirrex-sirius-odoo-production-19589711'...
2025-04-09 05:52:15,260 - mcp_odoo_server - DEBUG - Autenticación Odoo exitosa. UID: 2
2025-04-09 05:52:15,264 - mcp_odoo_server - DEBUG - Creando proxy para object: https://aguirrex-sirius-odoo-production-19589711.dev.odoo.com/xmlrpc/2/object
2025-04-09 05:52:15,265 - mcp_odoo_server - INFO - Conexión Odoo preparada (UID: 2).
2025-04-09 05:52:15,267 - mcp_odoo_server - INFO - Verificación inicial de conexión Odoo: ÉXITO.
2025-04-09 05:52:15,556 - mcp_odoo_server - INFO - Verificación de acceso ('res.users', 'read'): True
2025-04-09 05:52:15,558 - mcp_odoo_server - INFO - Iniciando el servidor MCP FastMCP en modo stdio...
2025-04-09 05:52:17,370 - mcp_odoo_server - INFO - Tool: listar_productos ejecutado.
2025-04-09 05:52:17,374 - mcp_odoo_server - DEBUG - Intentando conectar a common: https://aguirrex-sirius-odoo-production-19589711.dev.odoo.com/xmlrpc/2/common
2025-04-09 05:52:17,694 - mcp_odoo_server - DEBUG - Conexión a 'common' exitosa.
2025-04-09 05:52:17,695 - mcp_odoo_server - DEBUG - Autenticando usuario 'admin' en DB 'aguirrex-sirius-odoo-production-19589711'...
2025-04-09 05:52:18,250 - mcp_odoo_server - DEBUG - Autenticación Odoo exitosa. UID: 2
2025-04-09 05:52:18,252 - mcp_odoo_server - DEBUG - Creando proxy para object: https://aguirrex-sirius-odoo-production-19589711.dev.odoo.com/xmlrpc/2/object
2025-04-09 05:52:18,253 - mcp_odoo_server - INFO - Conexión Odoo preparada (UID: 2).
2025-04-09 05:52:18,255 - mcp_odoo_server - DEBUG - Odoo Call: product.product.search_read, domain=[['sale_ok', '=', True]], fields=['id', 'name', 'default_code', 'list_price'], limit=20
2025-04-09 05:52:18,552 - mcp_odoo_server - INFO - Odoo devolvió 20 producto(s) (límite 20).
2025-04-09 05:52:39,414 - mcp_odoo_server - INFO - Iniciando el servidor MCP para Odoo...
2025-04-09 05:52:39,415 - mcp_odoo_server - INFO - Archivo .env cargado desde: /home/josefdc/hackathon_odoo/mcp_odoo_fresh/.env
2025-04-09 05:52:39,415 - mcp_odoo_server - INFO - Variables de entorno de Odoo cargadas y validadas.
2025-04-09 05:52:39,415 - mcp_odoo_server - DEBUG - Configuración Odoo -> URL: https://aguirrex-sirius-odoo-production-19589711.dev.odoo.com, DB: aguirrex-sirius-odoo-production-19589711, User: admin
2025-04-09 05:52:39,420 - mcp_odoo_server - INFO - Instancia de FastMCP<'quindicolor-odoo-agent'> creada.
2025-04-09 05:52:39,442 - mcp_odoo_server - INFO - Ejecutando bloque principal (__name__ == '__main__').
2025-04-09 05:52:39,443 - mcp_odoo_server - INFO - Realizando verificación inicial de conexión a Odoo...
2025-04-09 05:52:39,444 - mcp_odoo_server - DEBUG - Intentando conectar a common: https://aguirrex-sirius-odoo-production-19589711.dev.odoo.com/xmlrpc/2/common
2025-04-09 05:52:39,823 - mcp_odoo_server - DEBUG - Conexión a 'common' exitosa.
2025-04-09 05:52:39,825 - mcp_odoo_server - DEBUG - Autenticando usuario 'admin' en DB 'aguirrex-sirius-odoo-production-19589711'...
2025-04-09 05:52:40,439 - mcp_odoo_server - DEBUG - Autenticación Odoo exitosa. UID: 2
2025-04-09 05:52:40,441 - mcp_odoo_server - DEBUG - Creando proxy para object: https://aguirrex-sirius-odoo-production-19589711.dev.odoo.com/xmlrpc/2/object
2025-04-09 05:52:40,442 - mcp_odoo_server - INFO - Conexión Odoo preparada (UID: 2).
2025-04-09 05:52:40,444 - mcp_odoo_server - INFO - Verificación inicial de conexión Odoo: ÉXITO.
2025-04-09 05:52:40,734 - mcp_odoo_server - INFO - Verificación de acceso ('res.users', 'read'): True
2025-04-09 05:52:40,736 - mcp_odoo_server - INFO - Iniciando el servidor MCP FastMCP en modo stdio...
